/home/pku/zhaoyz/anaconda3/envs/lpr/lib/python3.9/site-packages/coffea/nanoevents/mapping/uproot.py:86: UserWarning: Found duplicate branch JetPUPPI_size in <TTree 'tree' (9515 branches) at 0x7f10f9146790>, taking first instance
  warnings.warn(
/home/pku/zhaoyz/anaconda3/envs/lpr/lib/python3.9/site-packages/coffea/nanoevents/mapping/uproot.py:86: UserWarning: Found duplicate branch Particle_size in <TTree 'tree' (9515 branches) at 0x7f10f9146790>, taking first instance
  warnings.warn(
/home/pku/zhaoyz/anaconda3/envs/lpr/lib/python3.9/site-packages/coffea/nanoevents/mapping/uproot.py:86: UserWarning: Found duplicate branch JetPUPPIAK8_size in <TTree 'tree' (9515 branches) at 0x7f10f9146790>, taking first instance
  warnings.warn(
/home/pku/zhaoyz/anaconda3/envs/lpr/lib/python3.9/site-packages/coffea/nanoevents/mapping/uproot.py:86: UserWarning: Found duplicate branch Electron_size in <TTree 'tree' (9515 branches) at 0x7f10f9146790>, taking first instance
  warnings.warn(
/home/pku/zhaoyz/anaconda3/envs/lpr/lib/python3.9/site-packages/coffea/nanoevents/mapping/uproot.py:86: UserWarning: Found duplicate branch Muon_size in <TTree 'tree' (9515 branches) at 0x7f10f9146790>, taking first instance
  warnings.warn(
/home/pku/zhaoyz/anaconda3/envs/lpr/lib/python3.9/site-packages/coffea/nanoevents/mapping/uproot.py:86: UserWarning: Found duplicate branch PuppiMissingET_size in <TTree 'tree' (9515 branches) at 0x7f10f9146790>, taking first instance
  warnings.warn(
/home/pku/zhaoyz/anaconda3/envs/lpr/lib/python3.9/site-packages/coffea/nanoevents/mapping/uproot.py:86: UserWarning: Found duplicate branch MissingET_size in <TTree 'tree' (9515 branches) at 0x7f10f9146790>, taking first instance
  warnings.warn(
Imported!
Loaded CustomDelphesSchema: <class 'custom.CustomDelphesSchema'>
dR_muon [1.62, 0.642, 3.24, 2.32, 2.63, None, 0.479, ... 3.23, 1.92, 1.89, None, 3.71, 3.14]
dR_electron [None, None, None, None, None, 2.66, None, ... None, None, None, 2.75, None, None]
mass [[40.7, 13.7], [69.2, 71], [83.8], [94.2], ... 8.13], [78.5], [180], [73.7], [82.8]]
max_tagger [0.0506, 0.0561, 0.00896, 0.00225, 6.79e-05, ... 0.065, 0.00791, 0.07, 5.06e-05]
max_tagger [0.00896, 0.00225, 6.79e-05, 0.0364, 0.0552, ... 0.065, 0.00791, 0.07, 5.06e-05]
Done transfer tree for /data/bond/zhaoyz/Pheno/ntuplizer/output_with_PUPPI/TTbar_semilep_part5_25M/ntuple_events_delphes_488.root
