/home/pku/zhaoyz/anaconda3/envs/lpr/lib/python3.9/site-packages/coffea/nanoevents/mapping/uproot.py:86: UserWarning: Found duplicate branch JetPUPPI_size in <TTree 'tree' (9669 branches) at 0x7f6ae2a6c790>, taking first instance
  warnings.warn(
/home/pku/zhaoyz/anaconda3/envs/lpr/lib/python3.9/site-packages/coffea/nanoevents/mapping/uproot.py:86: UserWarning: Found duplicate branch Particle_size in <TTree 'tree' (9669 branches) at 0x7f6ae2a6c790>, taking first instance
  warnings.warn(
/home/pku/zhaoyz/anaconda3/envs/lpr/lib/python3.9/site-packages/coffea/nanoevents/mapping/uproot.py:86: UserWarning: Found duplicate branch JetPUPPIAK8_size in <TTree 'tree' (9669 branches) at 0x7f6ae2a6c790>, taking first instance
  warnings.warn(
/home/pku/zhaoyz/anaconda3/envs/lpr/lib/python3.9/site-packages/coffea/nanoevents/mapping/uproot.py:86: UserWarning: Found duplicate branch Electron_size in <TTree 'tree' (9669 branches) at 0x7f6ae2a6c790>, taking first instance
  warnings.warn(
/home/pku/zhaoyz/anaconda3/envs/lpr/lib/python3.9/site-packages/coffea/nanoevents/mapping/uproot.py:86: UserWarning: Found duplicate branch Muon_size in <TTree 'tree' (9669 branches) at 0x7f6ae2a6c790>, taking first instance
  warnings.warn(
/home/pku/zhaoyz/anaconda3/envs/lpr/lib/python3.9/site-packages/coffea/nanoevents/mapping/uproot.py:86: UserWarning: Found duplicate branch PuppiMissingET_size in <TTree 'tree' (9669 branches) at 0x7f6ae2a6c790>, taking first instance
  warnings.warn(
/home/pku/zhaoyz/anaconda3/envs/lpr/lib/python3.9/site-packages/coffea/nanoevents/mapping/uproot.py:86: UserWarning: Found duplicate branch MissingET_size in <TTree 'tree' (9669 branches) at 0x7f6ae2a6c790>, taking first instance
  warnings.warn(
Imported!
Loaded CustomDelphesSchema: <class 'custom.CustomDelphesSchema'>
dR_muon [3.58, None, None, 3.34, None, None, None, ... None, 3.33, None, None, None, 1.57]
dR_electron [None, 2.9, 3.3, None, 0.00778, 0.944, 3.02, ... 1.58, None, 2.75, 1.35, 4.08, None]
mass [[32.4], [4.86], [7.56], [141], [0.000512, ... [9.18], [79.9], [25.4], [24.5, 30.9]]
max_tagger [0.18, 0.0117, 0.000347, 0.0815, 0.187, ... 0.000823, 0.086, 0.000104, 0.0261]
max_tagger [0.0815, 0.0731, 0.127, 0.0249, 0.00529, ... 0.135, 0.000299, 0.088, 0.0657, 0.086]
Done transfer tree for /data/bond/zhaoyz/Pheno/ntuplizer/output_with_PUPPI/TTbar_semilep_part5_25M/ntuple_events_delphes_134.root
