/home/pku/zhaoyz/anaconda3/envs/lpr/lib/python3.9/site-packages/coffea/nanoevents/mapping/uproot.py:86: UserWarning: Found duplicate branch JetPUPPI_size in <TTree 'tree' (9340 branches) at 0x7f7f9f35a790>, taking first instance
  warnings.warn(
/home/pku/zhaoyz/anaconda3/envs/lpr/lib/python3.9/site-packages/coffea/nanoevents/mapping/uproot.py:86: UserWarning: Found duplicate branch Particle_size in <TTree 'tree' (9340 branches) at 0x7f7f9f35a790>, taking first instance
  warnings.warn(
/home/pku/zhaoyz/anaconda3/envs/lpr/lib/python3.9/site-packages/coffea/nanoevents/mapping/uproot.py:86: UserWarning: Found duplicate branch JetPUPPIAK8_size in <TTree 'tree' (9340 branches) at 0x7f7f9f35a790>, taking first instance
  warnings.warn(
/home/pku/zhaoyz/anaconda3/envs/lpr/lib/python3.9/site-packages/coffea/nanoevents/mapping/uproot.py:86: UserWarning: Found duplicate branch Electron_size in <TTree 'tree' (9340 branches) at 0x7f7f9f35a790>, taking first instance
  warnings.warn(
/home/pku/zhaoyz/anaconda3/envs/lpr/lib/python3.9/site-packages/coffea/nanoevents/mapping/uproot.py:86: UserWarning: Found duplicate branch Muon_size in <TTree 'tree' (9340 branches) at 0x7f7f9f35a790>, taking first instance
  warnings.warn(
/home/pku/zhaoyz/anaconda3/envs/lpr/lib/python3.9/site-packages/coffea/nanoevents/mapping/uproot.py:86: UserWarning: Found duplicate branch PuppiMissingET_size in <TTree 'tree' (9340 branches) at 0x7f7f9f35a790>, taking first instance
  warnings.warn(
/home/pku/zhaoyz/anaconda3/envs/lpr/lib/python3.9/site-packages/coffea/nanoevents/mapping/uproot.py:86: UserWarning: Found duplicate branch MissingET_size in <TTree 'tree' (9340 branches) at 0x7f7f9f35a790>, taking first instance
  warnings.warn(
Imported!
Loaded CustomDelphesSchema: <class 'custom.CustomDelphesSchema'>
dR_muon [3.22, None, None, 1.47, None, None, 2.4, ... 2.08, None, 1.28, None, None, 2.8]
dR_electron [None, 2.8, 2.45, None, 2.85, 2.59, None, ... None, 1.36, None, 3.05, 1.64, None]
mass [[54.5], [3.41], [45.2, 9.45], [23.1, 30.6], ... [102], [62.7], [93.8, 36.4], [55.8]]
max_tagger [0.0806, 0.000911, 0.169, 0.00061, 0.00435, ... 0.000931, 0.0724, 0.0972, 0.0113]
max_tagger [0.0806, 4.23e-05, 0.0423, 0.115, 0.17, ... 0.000931, 0.0724, 0.0972, 0.0113]
Done transfer tree for /data/bond/zhaoyz/Pheno/ntuplizer/output_with_PUPPI/TTbar_semilep_part5_25M/ntuple_events_delphes_384.root
