/home/pku/zhaoyz/anaconda3/envs/lpr/lib/python3.9/site-packages/coffea/nanoevents/mapping/uproot.py:86: UserWarning: Found duplicate branch JetPUPPI_size in <TTree 'tree' (9809 branches) at 0x7fe1c75df790>, taking first instance
  warnings.warn(
/home/pku/zhaoyz/anaconda3/envs/lpr/lib/python3.9/site-packages/coffea/nanoevents/mapping/uproot.py:86: UserWarning: Found duplicate branch Particle_size in <TTree 'tree' (9809 branches) at 0x7fe1c75df790>, taking first instance
  warnings.warn(
/home/pku/zhaoyz/anaconda3/envs/lpr/lib/python3.9/site-packages/coffea/nanoevents/mapping/uproot.py:86: UserWarning: Found duplicate branch JetPUPPIAK8_size in <TTree 'tree' (9809 branches) at 0x7fe1c75df790>, taking first instance
  warnings.warn(
/home/pku/zhaoyz/anaconda3/envs/lpr/lib/python3.9/site-packages/coffea/nanoevents/mapping/uproot.py:86: UserWarning: Found duplicate branch Electron_size in <TTree 'tree' (9809 branches) at 0x7fe1c75df790>, taking first instance
  warnings.warn(
/home/pku/zhaoyz/anaconda3/envs/lpr/lib/python3.9/site-packages/coffea/nanoevents/mapping/uproot.py:86: UserWarning: Found duplicate branch Muon_size in <TTree 'tree' (9809 branches) at 0x7fe1c75df790>, taking first instance
  warnings.warn(
/home/pku/zhaoyz/anaconda3/envs/lpr/lib/python3.9/site-packages/coffea/nanoevents/mapping/uproot.py:86: UserWarning: Found duplicate branch PuppiMissingET_size in <TTree 'tree' (9809 branches) at 0x7fe1c75df790>, taking first instance
  warnings.warn(
/home/pku/zhaoyz/anaconda3/envs/lpr/lib/python3.9/site-packages/coffea/nanoevents/mapping/uproot.py:86: UserWarning: Found duplicate branch MissingET_size in <TTree 'tree' (9809 branches) at 0x7fe1c75df790>, taking first instance
  warnings.warn(
Imported!
Loaded CustomDelphesSchema: <class 'custom.CustomDelphesSchema'>
dR_muon [2.84, None, 0.6, None, None, None, 1.07, ... 2.45, 2.11, None, None, None, None]
dR_electron [None, 0.239, None, 0.00126, 1.27, 2.61, None, ... None, None, 2.62, 0, 0.613, 1.35]
mass [[84.8], [104, 144], [3.54, 91.6], ... [28.4, 0.000511], [42.4, 73.3], [8.62]]
max_tagger [0.00946, 0.00466, 0.00117, 2.42e-06, 0.034, ... 0.537, 0.00043, 0.0522, 0.0189]
max_tagger [0.00946, 0.034, 0.023, 0.000741, 0.0299, ... 0.0116, 0.108, 0.00699, 0.00382, 0.537]
Done transfer tree for /data/bond/zhaoyz/Pheno/ntuplizer/output_with_PUPPI/TTbar_semilep_part5_25M/ntuple_events_delphes_161.root
