/home/pku/zhaoyz/anaconda3/envs/lpr/lib/python3.9/site-packages/coffea/nanoevents/mapping/uproot.py:86: UserWarning: Found duplicate branch JetPUPPI_size in <TTree 'tree' (9613 branches) at 0x7f6a3b8c3790>, taking first instance
  warnings.warn(
/home/pku/zhaoyz/anaconda3/envs/lpr/lib/python3.9/site-packages/coffea/nanoevents/mapping/uproot.py:86: UserWarning: Found duplicate branch Particle_size in <TTree 'tree' (9613 branches) at 0x7f6a3b8c3790>, taking first instance
  warnings.warn(
/home/pku/zhaoyz/anaconda3/envs/lpr/lib/python3.9/site-packages/coffea/nanoevents/mapping/uproot.py:86: UserWarning: Found duplicate branch JetPUPPIAK8_size in <TTree 'tree' (9613 branches) at 0x7f6a3b8c3790>, taking first instance
  warnings.warn(
/home/pku/zhaoyz/anaconda3/envs/lpr/lib/python3.9/site-packages/coffea/nanoevents/mapping/uproot.py:86: UserWarning: Found duplicate branch Electron_size in <TTree 'tree' (9613 branches) at 0x7f6a3b8c3790>, taking first instance
  warnings.warn(
/home/pku/zhaoyz/anaconda3/envs/lpr/lib/python3.9/site-packages/coffea/nanoevents/mapping/uproot.py:86: UserWarning: Found duplicate branch Muon_size in <TTree 'tree' (9613 branches) at 0x7f6a3b8c3790>, taking first instance
  warnings.warn(
/home/pku/zhaoyz/anaconda3/envs/lpr/lib/python3.9/site-packages/coffea/nanoevents/mapping/uproot.py:86: UserWarning: Found duplicate branch PuppiMissingET_size in <TTree 'tree' (9613 branches) at 0x7f6a3b8c3790>, taking first instance
  warnings.warn(
/home/pku/zhaoyz/anaconda3/envs/lpr/lib/python3.9/site-packages/coffea/nanoevents/mapping/uproot.py:86: UserWarning: Found duplicate branch MissingET_size in <TTree 'tree' (9613 branches) at 0x7f6a3b8c3790>, taking first instance
  warnings.warn(
Imported!
Loaded CustomDelphesSchema: <class 'custom.CustomDelphesSchema'>
dR_muon [2.15, 3.08, None, 1.74, None, None, 2.68, ... 2.6, 0.00778, None, None, 1.44, None]
dR_electron [None, None, 0.48, None, 2.55, 1.39, None, ... None, None, 1.22, 1.08, None, 2.8]
mass [[149], [7.3], [71.5], [38.9, 25.9], ... [6.05, 139, 7.09], [144, 5.3], [78.6]]
max_tagger [0.173, 0.00673, 6.86e-06, 0.209, 0.00568, ... 0.192, 0.0924, 0.0647, 0.00525]
max_tagger [0.173, 0.00568, 0.000789, 0.11, 0.152, ... 0.00188, 0.00321, 0.0106, 0.193, 0.00525]
Done transfer tree for /data/bond/zhaoyz/Pheno/ntuplizer/output_with_PUPPI/TTbar_semilep_part5_25M/ntuple_events_delphes_99.root
