/home/pku/zhaoyz/anaconda3/envs/lpr/lib/python3.9/site-packages/coffea/nanoevents/mapping/uproot.py:86: UserWarning: Found duplicate branch JetPUPPI_size in <TTree 'tree' (9928 branches) at 0x7f3d97a0c790>, taking first instance
  warnings.warn(
/home/pku/zhaoyz/anaconda3/envs/lpr/lib/python3.9/site-packages/coffea/nanoevents/mapping/uproot.py:86: UserWarning: Found duplicate branch Particle_size in <TTree 'tree' (9928 branches) at 0x7f3d97a0c790>, taking first instance
  warnings.warn(
/home/pku/zhaoyz/anaconda3/envs/lpr/lib/python3.9/site-packages/coffea/nanoevents/mapping/uproot.py:86: UserWarning: Found duplicate branch JetPUPPIAK8_size in <TTree 'tree' (9928 branches) at 0x7f3d97a0c790>, taking first instance
  warnings.warn(
/home/pku/zhaoyz/anaconda3/envs/lpr/lib/python3.9/site-packages/coffea/nanoevents/mapping/uproot.py:86: UserWarning: Found duplicate branch Electron_size in <TTree 'tree' (9928 branches) at 0x7f3d97a0c790>, taking first instance
  warnings.warn(
/home/pku/zhaoyz/anaconda3/envs/lpr/lib/python3.9/site-packages/coffea/nanoevents/mapping/uproot.py:86: UserWarning: Found duplicate branch Muon_size in <TTree 'tree' (9928 branches) at 0x7f3d97a0c790>, taking first instance
  warnings.warn(
/home/pku/zhaoyz/anaconda3/envs/lpr/lib/python3.9/site-packages/coffea/nanoevents/mapping/uproot.py:86: UserWarning: Found duplicate branch PuppiMissingET_size in <TTree 'tree' (9928 branches) at 0x7f3d97a0c790>, taking first instance
  warnings.warn(
/home/pku/zhaoyz/anaconda3/envs/lpr/lib/python3.9/site-packages/coffea/nanoevents/mapping/uproot.py:86: UserWarning: Found duplicate branch MissingET_size in <TTree 'tree' (9928 branches) at 0x7f3d97a0c790>, taking first instance
  warnings.warn(
Imported!
Loaded CustomDelphesSchema: <class 'custom.CustomDelphesSchema'>
dR_muon [0.381, None, None, 0.435, 2.88, None, ... None, 0.277, 2.28, 0.453, None, None]
dR_electron [None, 2.61, 5.07, None, None, 1.96, None, ... 2.93, None, None, None, 2.24, 1.91]
mass [[85.6], [76.6], [21.8], [111], [96.5], ... 84.7], [37.4], [77.9], [32.5], [8.26]]
max_tagger [5.02e-05, 0.0287, 0.00402, 2.29e-05, 0.0109, ... 2.37e-05, 0.00673, 0.00981, 0.0425]
max_tagger [0.0287, 0.0109, 0.00306, 0.0477, 0.154, ... 0.00295, 0.000327, 0.00048, 0.00985]
Done transfer tree for /data/bond/zhaoyz/Pheno/ntuplizer/output_with_PUPPI/TTbar_semilep_part5_25M/ntuple_events_delphes_138.root
