/home/pku/zhaoyz/anaconda3/envs/lpr/lib/python3.9/site-packages/coffea/nanoevents/mapping/uproot.py:86: UserWarning: Found duplicate branch JetPUPPI_size in <TTree 'tree' (9760 branches) at 0x7f7fe8d8b790>, taking first instance
  warnings.warn(
/home/pku/zhaoyz/anaconda3/envs/lpr/lib/python3.9/site-packages/coffea/nanoevents/mapping/uproot.py:86: UserWarning: Found duplicate branch Particle_size in <TTree 'tree' (9760 branches) at 0x7f7fe8d8b790>, taking first instance
  warnings.warn(
/home/pku/zhaoyz/anaconda3/envs/lpr/lib/python3.9/site-packages/coffea/nanoevents/mapping/uproot.py:86: UserWarning: Found duplicate branch JetPUPPIAK8_size in <TTree 'tree' (9760 branches) at 0x7f7fe8d8b790>, taking first instance
  warnings.warn(
/home/pku/zhaoyz/anaconda3/envs/lpr/lib/python3.9/site-packages/coffea/nanoevents/mapping/uproot.py:86: UserWarning: Found duplicate branch Electron_size in <TTree 'tree' (9760 branches) at 0x7f7fe8d8b790>, taking first instance
  warnings.warn(
/home/pku/zhaoyz/anaconda3/envs/lpr/lib/python3.9/site-packages/coffea/nanoevents/mapping/uproot.py:86: UserWarning: Found duplicate branch Muon_size in <TTree 'tree' (9760 branches) at 0x7f7fe8d8b790>, taking first instance
  warnings.warn(
/home/pku/zhaoyz/anaconda3/envs/lpr/lib/python3.9/site-packages/coffea/nanoevents/mapping/uproot.py:86: UserWarning: Found duplicate branch PuppiMissingET_size in <TTree 'tree' (9760 branches) at 0x7f7fe8d8b790>, taking first instance
  warnings.warn(
/home/pku/zhaoyz/anaconda3/envs/lpr/lib/python3.9/site-packages/coffea/nanoevents/mapping/uproot.py:86: UserWarning: Found duplicate branch MissingET_size in <TTree 'tree' (9760 branches) at 0x7f7fe8d8b790>, taking first instance
  warnings.warn(
Imported!
Loaded CustomDelphesSchema: <class 'custom.CustomDelphesSchema'>
dR_muon [0.919, 0.888, 3.69, None, None, 0.6, 1.91, ... 0.0375, None, 1.34, None, 1.76, 2.93]
dR_electron [None, None, None, 1, 2.97, None, None, ... None, 3.18, None, 0.635, None, None]
mass [[9.31, 141], [118, 10.2], [150], [14.3, ... [1.98, 71.2], [3.86, 86.8], [81.3]]
max_tagger [0.116, 0.0319, 0.00043, 0.00649, 0.287, ... 0.0304, 0.00121, 0.000301, 0.000918]
max_tagger [0.116, 0.00043, 0.287, 0.00831, 0.221, ... 0.101, 0.0581, 0.00512, 0.000918]
Done transfer tree for /data/bond/zhaoyz/Pheno/ntuplizer/output_with_PUPPI/TTbar_semilep_part5_25M/ntuple_events_delphes_349.root
