/home/pku/zhaoyz/anaconda3/envs/lpr/lib/python3.9/site-packages/coffea/nanoevents/mapping/uproot.py:86: UserWarning: Found duplicate branch JetPUPPI_size in <TTree 'tree' (9886 branches) at 0x7fc4ce76b790>, taking first instance
  warnings.warn(
/home/pku/zhaoyz/anaconda3/envs/lpr/lib/python3.9/site-packages/coffea/nanoevents/mapping/uproot.py:86: UserWarning: Found duplicate branch Particle_size in <TTree 'tree' (9886 branches) at 0x7fc4ce76b790>, taking first instance
  warnings.warn(
/home/pku/zhaoyz/anaconda3/envs/lpr/lib/python3.9/site-packages/coffea/nanoevents/mapping/uproot.py:86: UserWarning: Found duplicate branch JetPUPPIAK8_size in <TTree 'tree' (9886 branches) at 0x7fc4ce76b790>, taking first instance
  warnings.warn(
/home/pku/zhaoyz/anaconda3/envs/lpr/lib/python3.9/site-packages/coffea/nanoevents/mapping/uproot.py:86: UserWarning: Found duplicate branch Electron_size in <TTree 'tree' (9886 branches) at 0x7fc4ce76b790>, taking first instance
  warnings.warn(
/home/pku/zhaoyz/anaconda3/envs/lpr/lib/python3.9/site-packages/coffea/nanoevents/mapping/uproot.py:86: UserWarning: Found duplicate branch Muon_size in <TTree 'tree' (9886 branches) at 0x7fc4ce76b790>, taking first instance
  warnings.warn(
/home/pku/zhaoyz/anaconda3/envs/lpr/lib/python3.9/site-packages/coffea/nanoevents/mapping/uproot.py:86: UserWarning: Found duplicate branch PuppiMissingET_size in <TTree 'tree' (9886 branches) at 0x7fc4ce76b790>, taking first instance
  warnings.warn(
/home/pku/zhaoyz/anaconda3/envs/lpr/lib/python3.9/site-packages/coffea/nanoevents/mapping/uproot.py:86: UserWarning: Found duplicate branch MissingET_size in <TTree 'tree' (9886 branches) at 0x7fc4ce76b790>, taking first instance
  warnings.warn(
Imported!
Loaded CustomDelphesSchema: <class 'custom.CustomDelphesSchema'>
dR_muon [2.99, None, 2.82, None, 3.73, 0.013, 2.08, ... 0.884, 0.199, None, 3.25, 2.39, None]
dR_electron [None, 3.05, None, 2.52, None, None, None, ... None, None, 2.36, None, None, 3.12]
mass [[66.8], [21.2], [3.11], [100], [19.4], ... 72.9, 78.4], [7.48], [137], [115], [183]]
max_tagger [0.00328, 0.00011, 0.002, 0.089, 0.000225, ... 0.00182, 0.0413, 0.0443, 0.025]
max_tagger [0.00328, 0.089, 0.52, 0.0111, 0.0798, ... 0.00062, 0.00539, 0.0413, 0.0443, 0.025]
Done transfer tree for /data/bond/zhaoyz/Pheno/ntuplizer/output_with_PUPPI/TTbar_semilep_part5_25M/ntuple_events_delphes_160.root
