/home/pku/zhaoyz/anaconda3/envs/lpr/lib/python3.9/site-packages/coffea/nanoevents/mapping/uproot.py:86: UserWarning: Found duplicate branch JetPUPPI_size in <TTree 'tree' (9851 branches) at 0x7f5bf37eb790>, taking first instance
  warnings.warn(
/home/pku/zhaoyz/anaconda3/envs/lpr/lib/python3.9/site-packages/coffea/nanoevents/mapping/uproot.py:86: UserWarning: Found duplicate branch Particle_size in <TTree 'tree' (9851 branches) at 0x7f5bf37eb790>, taking first instance
  warnings.warn(
/home/pku/zhaoyz/anaconda3/envs/lpr/lib/python3.9/site-packages/coffea/nanoevents/mapping/uproot.py:86: UserWarning: Found duplicate branch JetPUPPIAK8_size in <TTree 'tree' (9851 branches) at 0x7f5bf37eb790>, taking first instance
  warnings.warn(
/home/pku/zhaoyz/anaconda3/envs/lpr/lib/python3.9/site-packages/coffea/nanoevents/mapping/uproot.py:86: UserWarning: Found duplicate branch Electron_size in <TTree 'tree' (9851 branches) at 0x7f5bf37eb790>, taking first instance
  warnings.warn(
/home/pku/zhaoyz/anaconda3/envs/lpr/lib/python3.9/site-packages/coffea/nanoevents/mapping/uproot.py:86: UserWarning: Found duplicate branch Muon_size in <TTree 'tree' (9851 branches) at 0x7f5bf37eb790>, taking first instance
  warnings.warn(
/home/pku/zhaoyz/anaconda3/envs/lpr/lib/python3.9/site-packages/coffea/nanoevents/mapping/uproot.py:86: UserWarning: Found duplicate branch PuppiMissingET_size in <TTree 'tree' (9851 branches) at 0x7f5bf37eb790>, taking first instance
  warnings.warn(
/home/pku/zhaoyz/anaconda3/envs/lpr/lib/python3.9/site-packages/coffea/nanoevents/mapping/uproot.py:86: UserWarning: Found duplicate branch MissingET_size in <TTree 'tree' (9851 branches) at 0x7f5bf37eb790>, taking first instance
  warnings.warn(
Imported!
Loaded CustomDelphesSchema: <class 'custom.CustomDelphesSchema'>
dR_muon [None, None, None, None, None, 2.89, None, ... 2.13, None, None, 0.459, None, None]
dR_electron [3.13, 3.12, 2.41, 2.77, 2.5, None, ... None, 1.85, 0.123, None, 2.43, 0.469]
mass [[66.1], [59.1], [103], [19.3], [91.9, ... 55.5], [88.1, 48.8], [69.4], [81.5, 110]]
max_tagger [0.01, 0.00946, 0.00797, 0.000172, 0.0238, ... 0.000418, 0.293, 0.106, 0.000916]
max_tagger [0.01, 0.00946, 0.00797, 0.0238, 0.236, ... 0.00154, 0.0133, 0.000566, 0.075, 0.106]
Done transfer tree for /data/bond/zhaoyz/Pheno/ntuplizer/output_with_PUPPI/TTbar_semilep_part5_25M/ntuple_events_delphes_196.root
