/home/pku/zhaoyz/anaconda3/envs/lpr/lib/python3.9/site-packages/coffea/nanoevents/mapping/uproot.py:86: UserWarning: Found duplicate branch JetPUPPI_size in <TTree 'tree' (9718 branches) at 0x7f3f7a3f5790>, taking first instance
  warnings.warn(
/home/pku/zhaoyz/anaconda3/envs/lpr/lib/python3.9/site-packages/coffea/nanoevents/mapping/uproot.py:86: UserWarning: Found duplicate branch Particle_size in <TTree 'tree' (9718 branches) at 0x7f3f7a3f5790>, taking first instance
  warnings.warn(
/home/pku/zhaoyz/anaconda3/envs/lpr/lib/python3.9/site-packages/coffea/nanoevents/mapping/uproot.py:86: UserWarning: Found duplicate branch JetPUPPIAK8_size in <TTree 'tree' (9718 branches) at 0x7f3f7a3f5790>, taking first instance
  warnings.warn(
/home/pku/zhaoyz/anaconda3/envs/lpr/lib/python3.9/site-packages/coffea/nanoevents/mapping/uproot.py:86: UserWarning: Found duplicate branch Electron_size in <TTree 'tree' (9718 branches) at 0x7f3f7a3f5790>, taking first instance
  warnings.warn(
/home/pku/zhaoyz/anaconda3/envs/lpr/lib/python3.9/site-packages/coffea/nanoevents/mapping/uproot.py:86: UserWarning: Found duplicate branch Muon_size in <TTree 'tree' (9718 branches) at 0x7f3f7a3f5790>, taking first instance
  warnings.warn(
/home/pku/zhaoyz/anaconda3/envs/lpr/lib/python3.9/site-packages/coffea/nanoevents/mapping/uproot.py:86: UserWarning: Found duplicate branch PuppiMissingET_size in <TTree 'tree' (9718 branches) at 0x7f3f7a3f5790>, taking first instance
  warnings.warn(
/home/pku/zhaoyz/anaconda3/envs/lpr/lib/python3.9/site-packages/coffea/nanoevents/mapping/uproot.py:86: UserWarning: Found duplicate branch MissingET_size in <TTree 'tree' (9718 branches) at 0x7f3f7a3f5790>, taking first instance
  warnings.warn(
/home/pku/zhaoyz/anaconda3/envs/lpr/lib/python3.9/site-packages/awkward/_connect/_numpy.py:197: RuntimeWarning: invalid value encountered in sqrt
  result = getattr(ufunc, method)(
Imported!
Loaded CustomDelphesSchema: <class 'custom.CustomDelphesSchema'>
dR_muon [1.25, None, 2.35, None, None, 2.29, 0.23, ... None, 2.86, None, 2.62, 1.33, None]
dR_electron [None, 2.35, 3, 2.38, 3.4, None, None, ... 3.6, None, 0.00727, None, None, 0.252]
mass [[5.66], [87.1], [59.3], [15.6], ... [53.3], [86.1, 56.3, 8.16], [78.5, 50.1]]
max_tagger [0.0573, 0.00914, 0.00104, 0.0621, 0.0318, ... 2.19e-06, 0.0574, 0.0269, 0.00442]
max_tagger [0.00914, 0.00104, 0.0318, 0.155, 0.014, ... 0.103, 0.417, 0.0551, 0.0574, 0.0269]
Done transfer tree for /data/bond/zhaoyz/Pheno/ntuplizer/output_with_PUPPI/TTbar_semilep_part5_25M/ntuple_events_delphes_249.root
