/home/pku/zhaoyz/anaconda3/envs/lpr/lib/python3.9/site-packages/coffea/nanoevents/mapping/uproot.py:86: UserWarning: Found duplicate branch JetPUPPI_size in <TTree 'tree' (9634 branches) at 0x7f1f838c7790>, taking first instance
  warnings.warn(
/home/pku/zhaoyz/anaconda3/envs/lpr/lib/python3.9/site-packages/coffea/nanoevents/mapping/uproot.py:86: UserWarning: Found duplicate branch Particle_size in <TTree 'tree' (9634 branches) at 0x7f1f838c7790>, taking first instance
  warnings.warn(
/home/pku/zhaoyz/anaconda3/envs/lpr/lib/python3.9/site-packages/coffea/nanoevents/mapping/uproot.py:86: UserWarning: Found duplicate branch JetPUPPIAK8_size in <TTree 'tree' (9634 branches) at 0x7f1f838c7790>, taking first instance
  warnings.warn(
/home/pku/zhaoyz/anaconda3/envs/lpr/lib/python3.9/site-packages/coffea/nanoevents/mapping/uproot.py:86: UserWarning: Found duplicate branch Electron_size in <TTree 'tree' (9634 branches) at 0x7f1f838c7790>, taking first instance
  warnings.warn(
/home/pku/zhaoyz/anaconda3/envs/lpr/lib/python3.9/site-packages/coffea/nanoevents/mapping/uproot.py:86: UserWarning: Found duplicate branch Muon_size in <TTree 'tree' (9634 branches) at 0x7f1f838c7790>, taking first instance
  warnings.warn(
/home/pku/zhaoyz/anaconda3/envs/lpr/lib/python3.9/site-packages/coffea/nanoevents/mapping/uproot.py:86: UserWarning: Found duplicate branch PuppiMissingET_size in <TTree 'tree' (9634 branches) at 0x7f1f838c7790>, taking first instance
  warnings.warn(
/home/pku/zhaoyz/anaconda3/envs/lpr/lib/python3.9/site-packages/coffea/nanoevents/mapping/uproot.py:86: UserWarning: Found duplicate branch MissingET_size in <TTree 'tree' (9634 branches) at 0x7f1f838c7790>, taking first instance
  warnings.warn(
Imported!
Loaded CustomDelphesSchema: <class 'custom.CustomDelphesSchema'>
dR_muon [0.13, 2.16, None, None, None, 2.79, None, ... 2.99, None, None, 1.13, None, 2.82]
dR_electron [None, None, 0.474, 0.0376, 3.46, None, 1.4, ... None, 1.89, 2.7, None, 2.31, None]
mass [[101, 59.2], [22.2], [75.9], [0.000511], ... [79.9], [5.24, 43.7], [44.9], [92.6]]
max_tagger [0.000731, 0.000314, 0.000142, 2.53e-05, 0.169, ... 0.00686, 0.119, 0.159, 0.000355]
max_tagger [0.169, 0.00129, 0.00549, 0.000508, 0.0192, ... 2.98e-05, 0.00662, 0.00686, 0.000355]
Done transfer tree for /data/bond/zhaoyz/Pheno/ntuplizer/output_with_PUPPI/TTbar_semilep_part5_25M/ntuple_events_delphes_409.root
