/home/pku/zhaoyz/anaconda3/envs/lpr/lib/python3.9/site-packages/coffea/nanoevents/mapping/uproot.py:86: UserWarning: Found duplicate branch JetPUPPI_size in <TTree 'tree' (9795 branches) at 0x7f61f89cd790>, taking first instance
  warnings.warn(
/home/pku/zhaoyz/anaconda3/envs/lpr/lib/python3.9/site-packages/coffea/nanoevents/mapping/uproot.py:86: UserWarning: Found duplicate branch Particle_size in <TTree 'tree' (9795 branches) at 0x7f61f89cd790>, taking first instance
  warnings.warn(
/home/pku/zhaoyz/anaconda3/envs/lpr/lib/python3.9/site-packages/coffea/nanoevents/mapping/uproot.py:86: UserWarning: Found duplicate branch JetPUPPIAK8_size in <TTree 'tree' (9795 branches) at 0x7f61f89cd790>, taking first instance
  warnings.warn(
/home/pku/zhaoyz/anaconda3/envs/lpr/lib/python3.9/site-packages/coffea/nanoevents/mapping/uproot.py:86: UserWarning: Found duplicate branch Electron_size in <TTree 'tree' (9795 branches) at 0x7f61f89cd790>, taking first instance
  warnings.warn(
/home/pku/zhaoyz/anaconda3/envs/lpr/lib/python3.9/site-packages/coffea/nanoevents/mapping/uproot.py:86: UserWarning: Found duplicate branch Muon_size in <TTree 'tree' (9795 branches) at 0x7f61f89cd790>, taking first instance
  warnings.warn(
/home/pku/zhaoyz/anaconda3/envs/lpr/lib/python3.9/site-packages/coffea/nanoevents/mapping/uproot.py:86: UserWarning: Found duplicate branch PuppiMissingET_size in <TTree 'tree' (9795 branches) at 0x7f61f89cd790>, taking first instance
  warnings.warn(
/home/pku/zhaoyz/anaconda3/envs/lpr/lib/python3.9/site-packages/coffea/nanoevents/mapping/uproot.py:86: UserWarning: Found duplicate branch MissingET_size in <TTree 'tree' (9795 branches) at 0x7f61f89cd790>, taking first instance
  warnings.warn(
Imported!
Loaded CustomDelphesSchema: <class 'custom.CustomDelphesSchema'>
dR_muon [None, None, 0.293, 0.028, 2.24, 0.161, ... 3.04, None, None, None, 2.75, 0.558]
dR_electron [3.51, 1.95, None, None, None, None, None, ... None, 0.00498, 4.28, 1.26, None, None]
mass [[28.7], [17.1], [215, 93.7, 117], [9.7, ... 8.49], [159, 67.2], [5.72], [107, 75.1]]
max_tagger [0.0392, 7.07e-05, 0.00775, 0.000585, 0.128, ... 6.43e-05, 0.0476, 0.0372, 0.001]
max_tagger [0.075, 0.0177, 0.0536, 0.000419, 0.0136, ... 0.00379, 0.0147, 0.000544, 0.0476]
Done transfer tree for /data/bond/zhaoyz/Pheno/ntuplizer/output_with_PUPPI/TTbar_semilep_part5_25M/ntuple_events_delphes_228.root
