/home/pku/zhaoyz/anaconda3/envs/lpr/lib/python3.9/site-packages/coffea/nanoevents/mapping/uproot.py:86: UserWarning: Found duplicate branch JetPUPPI_size in <TTree 'tree' (9403 branches) at 0x7f2b8df98790>, taking first instance
  warnings.warn(
/home/pku/zhaoyz/anaconda3/envs/lpr/lib/python3.9/site-packages/coffea/nanoevents/mapping/uproot.py:86: UserWarning: Found duplicate branch Particle_size in <TTree 'tree' (9403 branches) at 0x7f2b8df98790>, taking first instance
  warnings.warn(
/home/pku/zhaoyz/anaconda3/envs/lpr/lib/python3.9/site-packages/coffea/nanoevents/mapping/uproot.py:86: UserWarning: Found duplicate branch JetPUPPIAK8_size in <TTree 'tree' (9403 branches) at 0x7f2b8df98790>, taking first instance
  warnings.warn(
/home/pku/zhaoyz/anaconda3/envs/lpr/lib/python3.9/site-packages/coffea/nanoevents/mapping/uproot.py:86: UserWarning: Found duplicate branch Electron_size in <TTree 'tree' (9403 branches) at 0x7f2b8df98790>, taking first instance
  warnings.warn(
/home/pku/zhaoyz/anaconda3/envs/lpr/lib/python3.9/site-packages/coffea/nanoevents/mapping/uproot.py:86: UserWarning: Found duplicate branch Muon_size in <TTree 'tree' (9403 branches) at 0x7f2b8df98790>, taking first instance
  warnings.warn(
/home/pku/zhaoyz/anaconda3/envs/lpr/lib/python3.9/site-packages/coffea/nanoevents/mapping/uproot.py:86: UserWarning: Found duplicate branch PuppiMissingET_size in <TTree 'tree' (9403 branches) at 0x7f2b8df98790>, taking first instance
  warnings.warn(
/home/pku/zhaoyz/anaconda3/envs/lpr/lib/python3.9/site-packages/coffea/nanoevents/mapping/uproot.py:86: UserWarning: Found duplicate branch MissingET_size in <TTree 'tree' (9403 branches) at 0x7f2b8df98790>, taking first instance
  warnings.warn(
Imported!
Loaded CustomDelphesSchema: <class 'custom.CustomDelphesSchema'>
dR_muon [0.454, 0.954, None, None, None, None, 2.38, ... 3.18, 2.67, None, None, 2.9, None]
dR_electron [None, None, 0.453, 2.46, 2.63, 2.92, None, ... 2.11, None, 2.81, 3.17, None, 2.97]
mass [[86.5], [42.7, 59.5], [111, 123], [5.66], ... 80], [52.6], [7.79], [82.4], [107]]
max_tagger [0.00223, 0.00496, 0.0292, 0.00292, 0.0343, ... 0.15, 0.000332, 5.99e-05, 0.00914]
max_tagger [0.0343, 0.38, 5.24e-05, 0.00617, 0.0312, ... 0.000522, 0.15, 5.99e-05, 0.00914]
Done transfer tree for /data/bond/zhaoyz/Pheno/ntuplizer/output_with_PUPPI/TTbar_semilep_part5_25M/ntuple_events_delphes_126.root
