/home/pku/zhaoyz/anaconda3/envs/lpr/lib/python3.9/site-packages/coffea/nanoevents/mapping/uproot.py:86: UserWarning: Found duplicate branch JetPUPPI_size in <TTree 'tree' (9473 branches) at 0x7fbc36beb790>, taking first instance
  warnings.warn(
/home/pku/zhaoyz/anaconda3/envs/lpr/lib/python3.9/site-packages/coffea/nanoevents/mapping/uproot.py:86: UserWarning: Found duplicate branch Particle_size in <TTree 'tree' (9473 branches) at 0x7fbc36beb790>, taking first instance
  warnings.warn(
/home/pku/zhaoyz/anaconda3/envs/lpr/lib/python3.9/site-packages/coffea/nanoevents/mapping/uproot.py:86: UserWarning: Found duplicate branch JetPUPPIAK8_size in <TTree 'tree' (9473 branches) at 0x7fbc36beb790>, taking first instance
  warnings.warn(
/home/pku/zhaoyz/anaconda3/envs/lpr/lib/python3.9/site-packages/coffea/nanoevents/mapping/uproot.py:86: UserWarning: Found duplicate branch Electron_size in <TTree 'tree' (9473 branches) at 0x7fbc36beb790>, taking first instance
  warnings.warn(
/home/pku/zhaoyz/anaconda3/envs/lpr/lib/python3.9/site-packages/coffea/nanoevents/mapping/uproot.py:86: UserWarning: Found duplicate branch Muon_size in <TTree 'tree' (9473 branches) at 0x7fbc36beb790>, taking first instance
  warnings.warn(
/home/pku/zhaoyz/anaconda3/envs/lpr/lib/python3.9/site-packages/coffea/nanoevents/mapping/uproot.py:86: UserWarning: Found duplicate branch PuppiMissingET_size in <TTree 'tree' (9473 branches) at 0x7fbc36beb790>, taking first instance
  warnings.warn(
/home/pku/zhaoyz/anaconda3/envs/lpr/lib/python3.9/site-packages/coffea/nanoevents/mapping/uproot.py:86: UserWarning: Found duplicate branch MissingET_size in <TTree 'tree' (9473 branches) at 0x7fbc36beb790>, taking first instance
  warnings.warn(
Imported!
Loaded CustomDelphesSchema: <class 'custom.CustomDelphesSchema'>
dR_muon [None, 2.36, None, 2.55, 0.148, 3.01, 3.55, ... 2.68, 3, 0.881, None, 3.95, 2.96]
dR_electron [0.348, None, 3.23, None, None, None, None, ... None, None, None, 2.99, None, None]
mass [[108], [78.7], [99.3], [82.7], [102, 92.4, ... [40.4, 127], [85.4], [26], [8.4]]
max_tagger [5.17e-05, 0.0147, 0.205, 0.00122, 0.0925, ... 0.00339, 7.26e-05, 9.58e-05, 0.000315]
max_tagger [0.0147, 0.205, 0.00122, 0.000841, 0.0275, ... 0.0103, 0.000633, 0.00339, 7.26e-05]
Done transfer tree for /data/bond/zhaoyz/Pheno/ntuplizer/output_with_PUPPI/TTbar_semilep_part5_25M/ntuple_events_delphes_415.root
