/home/pku/zhaoyz/anaconda3/envs/lpr/lib/python3.9/site-packages/coffea/nanoevents/mapping/uproot.py:86: UserWarning: Found duplicate branch JetPUPPI_size in <TTree 'tree' (9648 branches) at 0x7fc01a4ab790>, taking first instance
  warnings.warn(
/home/pku/zhaoyz/anaconda3/envs/lpr/lib/python3.9/site-packages/coffea/nanoevents/mapping/uproot.py:86: UserWarning: Found duplicate branch Particle_size in <TTree 'tree' (9648 branches) at 0x7fc01a4ab790>, taking first instance
  warnings.warn(
/home/pku/zhaoyz/anaconda3/envs/lpr/lib/python3.9/site-packages/coffea/nanoevents/mapping/uproot.py:86: UserWarning: Found duplicate branch JetPUPPIAK8_size in <TTree 'tree' (9648 branches) at 0x7fc01a4ab790>, taking first instance
  warnings.warn(
/home/pku/zhaoyz/anaconda3/envs/lpr/lib/python3.9/site-packages/coffea/nanoevents/mapping/uproot.py:86: UserWarning: Found duplicate branch Electron_size in <TTree 'tree' (9648 branches) at 0x7fc01a4ab790>, taking first instance
  warnings.warn(
/home/pku/zhaoyz/anaconda3/envs/lpr/lib/python3.9/site-packages/coffea/nanoevents/mapping/uproot.py:86: UserWarning: Found duplicate branch Muon_size in <TTree 'tree' (9648 branches) at 0x7fc01a4ab790>, taking first instance
  warnings.warn(
/home/pku/zhaoyz/anaconda3/envs/lpr/lib/python3.9/site-packages/coffea/nanoevents/mapping/uproot.py:86: UserWarning: Found duplicate branch PuppiMissingET_size in <TTree 'tree' (9648 branches) at 0x7fc01a4ab790>, taking first instance
  warnings.warn(
/home/pku/zhaoyz/anaconda3/envs/lpr/lib/python3.9/site-packages/coffea/nanoevents/mapping/uproot.py:86: UserWarning: Found duplicate branch MissingET_size in <TTree 'tree' (9648 branches) at 0x7fc01a4ab790>, taking first instance
  warnings.warn(
Imported!
Loaded CustomDelphesSchema: <class 'custom.CustomDelphesSchema'>
dR_muon [0.00627, 2.77, None, 0.309, None, None, ... None, 0.311, 2.06, None, 2.79, None]
dR_electron [None, None, 0.362, None, 3.36, 3.16, ... 3.08, None, None, 3.18, None, 0.00484]
mass [[0.106], [75.6], [102, 71.6], [75.5], ... [20.7], [3.29], [97.9], [0.000511, 61.2]]
max_tagger [2.31e-06, 0.000214, 0.00202, 4.17e-06, 0.0426, ... 0.00019, 0.0986, 0.0512, 0.00536]
max_tagger [0.000214, 0.00469, 0.00358, 0.0244, 0.00055, ... 0.0011, 0.000301, 0.00732, 0.0512]
Done transfer tree for /data/bond/zhaoyz/Pheno/ntuplizer/output_with_PUPPI/TTbar_semilep_part5_25M/ntuple_events_delphes_149.root
