/home/pku/zhaoyz/anaconda3/envs/lpr/lib/python3.9/site-packages/coffea/nanoevents/mapping/uproot.py:86: UserWarning: Found duplicate branch JetPUPPI_size in <TTree 'tree' (9459 branches) at 0x7f46935a0790>, taking first instance
  warnings.warn(
/home/pku/zhaoyz/anaconda3/envs/lpr/lib/python3.9/site-packages/coffea/nanoevents/mapping/uproot.py:86: UserWarning: Found duplicate branch Particle_size in <TTree 'tree' (9459 branches) at 0x7f46935a0790>, taking first instance
  warnings.warn(
/home/pku/zhaoyz/anaconda3/envs/lpr/lib/python3.9/site-packages/coffea/nanoevents/mapping/uproot.py:86: UserWarning: Found duplicate branch JetPUPPIAK8_size in <TTree 'tree' (9459 branches) at 0x7f46935a0790>, taking first instance
  warnings.warn(
/home/pku/zhaoyz/anaconda3/envs/lpr/lib/python3.9/site-packages/coffea/nanoevents/mapping/uproot.py:86: UserWarning: Found duplicate branch Electron_size in <TTree 'tree' (9459 branches) at 0x7f46935a0790>, taking first instance
  warnings.warn(
/home/pku/zhaoyz/anaconda3/envs/lpr/lib/python3.9/site-packages/coffea/nanoevents/mapping/uproot.py:86: UserWarning: Found duplicate branch Muon_size in <TTree 'tree' (9459 branches) at 0x7f46935a0790>, taking first instance
  warnings.warn(
/home/pku/zhaoyz/anaconda3/envs/lpr/lib/python3.9/site-packages/coffea/nanoevents/mapping/uproot.py:86: UserWarning: Found duplicate branch PuppiMissingET_size in <TTree 'tree' (9459 branches) at 0x7f46935a0790>, taking first instance
  warnings.warn(
/home/pku/zhaoyz/anaconda3/envs/lpr/lib/python3.9/site-packages/coffea/nanoevents/mapping/uproot.py:86: UserWarning: Found duplicate branch MissingET_size in <TTree 'tree' (9459 branches) at 0x7f46935a0790>, taking first instance
  warnings.warn(
Imported!
Loaded CustomDelphesSchema: <class 'custom.CustomDelphesSchema'>
dR_muon [0.424, 4.26, None, None, None, None, 1.65, ... None, 1.06, None, 2.07, 3.91, 0.423]
dR_electron [None, None, 0.394, 2.54, 0.486, 3.09, ... 2.21, None, 0.0277, None, None, None]
mass [[193, 90.6], [33.5], [29.7, 90.5], [62.2, ... 33.2], [18], [25.7], [116, 75.7]]
max_tagger [0.0181, 0.000623, 0.00363, 0.0888, 4.32e-05, ... 0.0128, 0.000897, 0.0309, 0.143]
max_tagger [0.0888, 0.0389, 0.000574, 0.0301, 0.0899, ... 0.00102, 0.000142, 0.0245, 0.0197]
Done transfer tree for /data/bond/zhaoyz/Pheno/ntuplizer/output_with_PUPPI/TTbar_semilep_part3_5M/ntuple_events_delphes_18.root
