/home/pku/zhaoyz/anaconda3/envs/lpr/lib/python3.9/site-packages/coffea/nanoevents/mapping/uproot.py:86: UserWarning: Found duplicate branch JetPUPPI_size in <TTree 'tree' (10061 branches) at 0x7faec5d83790>, taking first instance
  warnings.warn(
/home/pku/zhaoyz/anaconda3/envs/lpr/lib/python3.9/site-packages/coffea/nanoevents/mapping/uproot.py:86: UserWarning: Found duplicate branch Particle_size in <TTree 'tree' (10061 branches) at 0x7faec5d83790>, taking first instance
  warnings.warn(
/home/pku/zhaoyz/anaconda3/envs/lpr/lib/python3.9/site-packages/coffea/nanoevents/mapping/uproot.py:86: UserWarning: Found duplicate branch JetPUPPIAK8_size in <TTree 'tree' (10061 branches) at 0x7faec5d83790>, taking first instance
  warnings.warn(
/home/pku/zhaoyz/anaconda3/envs/lpr/lib/python3.9/site-packages/coffea/nanoevents/mapping/uproot.py:86: UserWarning: Found duplicate branch Electron_size in <TTree 'tree' (10061 branches) at 0x7faec5d83790>, taking first instance
  warnings.warn(
/home/pku/zhaoyz/anaconda3/envs/lpr/lib/python3.9/site-packages/coffea/nanoevents/mapping/uproot.py:86: UserWarning: Found duplicate branch Muon_size in <TTree 'tree' (10061 branches) at 0x7faec5d83790>, taking first instance
  warnings.warn(
/home/pku/zhaoyz/anaconda3/envs/lpr/lib/python3.9/site-packages/coffea/nanoevents/mapping/uproot.py:86: UserWarning: Found duplicate branch PuppiMissingET_size in <TTree 'tree' (10061 branches) at 0x7faec5d83790>, taking first instance
  warnings.warn(
/home/pku/zhaoyz/anaconda3/envs/lpr/lib/python3.9/site-packages/coffea/nanoevents/mapping/uproot.py:86: UserWarning: Found duplicate branch MissingET_size in <TTree 'tree' (10061 branches) at 0x7faec5d83790>, taking first instance
  warnings.warn(
Imported!
Loaded CustomDelphesSchema: <class 'custom.CustomDelphesSchema'>
dR_muon [1.71, None, None, 0.387, None, None, 2.92, ... None, 2.72, None, None, 1.71, 2.77]
dR_electron [None, 2.13, 3.67, None, 3.15, 0.993, None, ... 0.861, None, 2.21, 3, None, None]
mass [[79.3, 42.1], [33.6], [171], [1.72, 116, ... [26.5, 9.94], [73.7, 125], [26.3]]
max_tagger [0.00106, 0.0206, 0.0177, 0.000286, 0.000112, ... 0.0369, 0.000275, 0.0479, 0.0005]
max_tagger [0.00106, 0.0177, 0.276, 0.0186, 0.11, ... 9.11e-05, 0.384, 0.00815, 0.0369, 0.0479]
Done transfer tree for /data/bond/zhaoyz/Pheno/ntuplizer/output_with_PUPPI/TTbar_semilep_part5_25M/ntuple_events_delphes_43.root
