/home/pku/zhaoyz/anaconda3/envs/lpr/lib/python3.9/site-packages/coffea/nanoevents/mapping/uproot.py:86: UserWarning: Found duplicate branch JetPUPPI_size in <TTree 'tree' (9438 branches) at 0x7f4d86f7e790>, taking first instance
  warnings.warn(
/home/pku/zhaoyz/anaconda3/envs/lpr/lib/python3.9/site-packages/coffea/nanoevents/mapping/uproot.py:86: UserWarning: Found duplicate branch Particle_size in <TTree 'tree' (9438 branches) at 0x7f4d86f7e790>, taking first instance
  warnings.warn(
/home/pku/zhaoyz/anaconda3/envs/lpr/lib/python3.9/site-packages/coffea/nanoevents/mapping/uproot.py:86: UserWarning: Found duplicate branch JetPUPPIAK8_size in <TTree 'tree' (9438 branches) at 0x7f4d86f7e790>, taking first instance
  warnings.warn(
/home/pku/zhaoyz/anaconda3/envs/lpr/lib/python3.9/site-packages/coffea/nanoevents/mapping/uproot.py:86: UserWarning: Found duplicate branch Electron_size in <TTree 'tree' (9438 branches) at 0x7f4d86f7e790>, taking first instance
  warnings.warn(
/home/pku/zhaoyz/anaconda3/envs/lpr/lib/python3.9/site-packages/coffea/nanoevents/mapping/uproot.py:86: UserWarning: Found duplicate branch Muon_size in <TTree 'tree' (9438 branches) at 0x7f4d86f7e790>, taking first instance
  warnings.warn(
/home/pku/zhaoyz/anaconda3/envs/lpr/lib/python3.9/site-packages/coffea/nanoevents/mapping/uproot.py:86: UserWarning: Found duplicate branch PuppiMissingET_size in <TTree 'tree' (9438 branches) at 0x7f4d86f7e790>, taking first instance
  warnings.warn(
/home/pku/zhaoyz/anaconda3/envs/lpr/lib/python3.9/site-packages/coffea/nanoevents/mapping/uproot.py:86: UserWarning: Found duplicate branch MissingET_size in <TTree 'tree' (9438 branches) at 0x7f4d86f7e790>, taking first instance
  warnings.warn(
Imported!
Loaded CustomDelphesSchema: <class 'custom.CustomDelphesSchema'>
dR_muon [None, 0.0233, 1.88, 2.31, None, 1.2, None, ... 2.34, None, 2.21, 0.33, 0.577, None]
dR_electron [3.2, None, None, None, 2.66, None, 2.71, ... None, 1.84, None, None, None, 3.31]
mass [[141], [0.106], [48], [7.57], [87.1, ... 21.2], [11.5, 86.2], [57.8, 78.3], [73.1]]
max_tagger [0.172, 5.79e-05, 0.000815, 0.108, 0.551, ... 0.000864, 0.0509, 0.0114, 0.0291]
max_tagger [0.172, 0.551, 0.236, 0.00146, 0.123, ... 0.102, 0.026, 0.0043, 0.00603, 0.0291]
Done transfer tree for /data/bond/zhaoyz/Pheno/ntuplizer/output_with_PUPPI/TTbar_semilep_part5_25M/ntuple_events_delphes_309.root
