/home/pku/zhaoyz/anaconda3/envs/lpr/lib/python3.9/site-packages/coffea/nanoevents/mapping/uproot.py:86: UserWarning: Found duplicate branch JetPUPPI_size in <TTree 'tree' (9515 branches) at 0x7f7e79d61790>, taking first instance
  warnings.warn(
/home/pku/zhaoyz/anaconda3/envs/lpr/lib/python3.9/site-packages/coffea/nanoevents/mapping/uproot.py:86: UserWarning: Found duplicate branch Particle_size in <TTree 'tree' (9515 branches) at 0x7f7e79d61790>, taking first instance
  warnings.warn(
/home/pku/zhaoyz/anaconda3/envs/lpr/lib/python3.9/site-packages/coffea/nanoevents/mapping/uproot.py:86: UserWarning: Found duplicate branch JetPUPPIAK8_size in <TTree 'tree' (9515 branches) at 0x7f7e79d61790>, taking first instance
  warnings.warn(
/home/pku/zhaoyz/anaconda3/envs/lpr/lib/python3.9/site-packages/coffea/nanoevents/mapping/uproot.py:86: UserWarning: Found duplicate branch Electron_size in <TTree 'tree' (9515 branches) at 0x7f7e79d61790>, taking first instance
  warnings.warn(
/home/pku/zhaoyz/anaconda3/envs/lpr/lib/python3.9/site-packages/coffea/nanoevents/mapping/uproot.py:86: UserWarning: Found duplicate branch Muon_size in <TTree 'tree' (9515 branches) at 0x7f7e79d61790>, taking first instance
  warnings.warn(
/home/pku/zhaoyz/anaconda3/envs/lpr/lib/python3.9/site-packages/coffea/nanoevents/mapping/uproot.py:86: UserWarning: Found duplicate branch PuppiMissingET_size in <TTree 'tree' (9515 branches) at 0x7f7e79d61790>, taking first instance
  warnings.warn(
/home/pku/zhaoyz/anaconda3/envs/lpr/lib/python3.9/site-packages/coffea/nanoevents/mapping/uproot.py:86: UserWarning: Found duplicate branch MissingET_size in <TTree 'tree' (9515 branches) at 0x7f7e79d61790>, taking first instance
  warnings.warn(
Imported!
Loaded CustomDelphesSchema: <class 'custom.CustomDelphesSchema'>
dR_muon [2.09, 0.958, None, 2.38, 0.531, 1.45, None, ... 2.77, 4.04, None, 0.929, 3.34, None]
dR_electron [None, None, 3.07, None, None, None, 0.894, ... None, None, 0.329, None, None, 3.13]
mass [[29.6], [80.2, 74.3], [29.7], [5.77, 74.8, ... 64.9], [115, 24.9], [56.6], [56.4]]
max_tagger [0.000413, 0.0045, 0.0019, 0.0035, 0.0564, ... 0.000137, 0.12, 0.0158, 0.00037]
max_tagger [0.0045, 0.0035, 0.0566, 0.0546, 0.000406, ... 0.0285, 0.12, 0.0158, 0.00037]
Done transfer tree for /data/bond/zhaoyz/Pheno/ntuplizer/output_with_PUPPI/TTbar_semilep_part5_25M/ntuple_events_delphes_366.root
