/home/pku/zhaoyz/anaconda3/envs/lpr/lib/python3.9/site-packages/coffea/nanoevents/mapping/uproot.py:86: UserWarning: Found duplicate branch JetPUPPI_size in <TTree 'tree' (9620 branches) at 0x7fd0d33d3790>, taking first instance
  warnings.warn(
/home/pku/zhaoyz/anaconda3/envs/lpr/lib/python3.9/site-packages/coffea/nanoevents/mapping/uproot.py:86: UserWarning: Found duplicate branch Particle_size in <TTree 'tree' (9620 branches) at 0x7fd0d33d3790>, taking first instance
  warnings.warn(
/home/pku/zhaoyz/anaconda3/envs/lpr/lib/python3.9/site-packages/coffea/nanoevents/mapping/uproot.py:86: UserWarning: Found duplicate branch JetPUPPIAK8_size in <TTree 'tree' (9620 branches) at 0x7fd0d33d3790>, taking first instance
  warnings.warn(
/home/pku/zhaoyz/anaconda3/envs/lpr/lib/python3.9/site-packages/coffea/nanoevents/mapping/uproot.py:86: UserWarning: Found duplicate branch Electron_size in <TTree 'tree' (9620 branches) at 0x7fd0d33d3790>, taking first instance
  warnings.warn(
/home/pku/zhaoyz/anaconda3/envs/lpr/lib/python3.9/site-packages/coffea/nanoevents/mapping/uproot.py:86: UserWarning: Found duplicate branch Muon_size in <TTree 'tree' (9620 branches) at 0x7fd0d33d3790>, taking first instance
  warnings.warn(
/home/pku/zhaoyz/anaconda3/envs/lpr/lib/python3.9/site-packages/coffea/nanoevents/mapping/uproot.py:86: UserWarning: Found duplicate branch PuppiMissingET_size in <TTree 'tree' (9620 branches) at 0x7fd0d33d3790>, taking first instance
  warnings.warn(
/home/pku/zhaoyz/anaconda3/envs/lpr/lib/python3.9/site-packages/coffea/nanoevents/mapping/uproot.py:86: UserWarning: Found duplicate branch MissingET_size in <TTree 'tree' (9620 branches) at 0x7fd0d33d3790>, taking first instance
  warnings.warn(
Imported!
Loaded CustomDelphesSchema: <class 'custom.CustomDelphesSchema'>
dR_muon [None, 2.29, 1.53, 2.59, 0.492, None, 0, ... 0.00334, None, 1.39, 1.03, 0.0532, None]
dR_electron [2.07, None, None, None, None, 0.00131, None, ... None, 3.14, None, None, None, 2.13]
mass [[103, 103], [8.81], [84.8], [6.93], ... 26.9], [72.6], [14.5], [0.106], [10.4]]
max_tagger [0.00948, 0.00379, 0.0158, 0.000476, ... 0.000405, 0.0959, 6.79e-06, 0.000561]
max_tagger [0.00948, 0.0158, 0.053, 0.0273, 0.00275, ... 0.00465, 0.00997, 0.0739, 0.000405]
Done transfer tree for /data/bond/zhaoyz/Pheno/ntuplizer/output_with_PUPPI/TTbar_semilep_part5_25M/ntuple_events_delphes_130.root
