/home/pku/zhaoyz/anaconda3/envs/lpr/lib/python3.9/site-packages/coffea/nanoevents/mapping/uproot.py:86: UserWarning: Found duplicate branch JetPUPPI_size in <TTree 'tree' (8878 branches) at 0x7f104d7a2790>, taking first instance
  warnings.warn(
/home/pku/zhaoyz/anaconda3/envs/lpr/lib/python3.9/site-packages/coffea/nanoevents/mapping/uproot.py:86: UserWarning: Found duplicate branch Particle_size in <TTree 'tree' (8878 branches) at 0x7f104d7a2790>, taking first instance
  warnings.warn(
/home/pku/zhaoyz/anaconda3/envs/lpr/lib/python3.9/site-packages/coffea/nanoevents/mapping/uproot.py:86: UserWarning: Found duplicate branch JetPUPPIAK8_size in <TTree 'tree' (8878 branches) at 0x7f104d7a2790>, taking first instance
  warnings.warn(
/home/pku/zhaoyz/anaconda3/envs/lpr/lib/python3.9/site-packages/coffea/nanoevents/mapping/uproot.py:86: UserWarning: Found duplicate branch Electron_size in <TTree 'tree' (8878 branches) at 0x7f104d7a2790>, taking first instance
  warnings.warn(
/home/pku/zhaoyz/anaconda3/envs/lpr/lib/python3.9/site-packages/coffea/nanoevents/mapping/uproot.py:86: UserWarning: Found duplicate branch Muon_size in <TTree 'tree' (8878 branches) at 0x7f104d7a2790>, taking first instance
  warnings.warn(
/home/pku/zhaoyz/anaconda3/envs/lpr/lib/python3.9/site-packages/coffea/nanoevents/mapping/uproot.py:86: UserWarning: Found duplicate branch PuppiMissingET_size in <TTree 'tree' (8878 branches) at 0x7f104d7a2790>, taking first instance
  warnings.warn(
/home/pku/zhaoyz/anaconda3/envs/lpr/lib/python3.9/site-packages/coffea/nanoevents/mapping/uproot.py:86: UserWarning: Found duplicate branch MissingET_size in <TTree 'tree' (8878 branches) at 0x7f104d7a2790>, taking first instance
  warnings.warn(
Imported!
Loaded CustomDelphesSchema: <class 'custom.CustomDelphesSchema'>
dR_muon [None, 2.2, 3.28, None, 0.557, 0.236, 3.09, ... 2.48, None, 0.322, 3.41, None, None]
dR_electron [2.55, 3.31, None, 3.09, None, None, None, ... None, 1.18, None, None, 3.01, 2.25]
mass [[16.2], [4.15], [123], [135], [97.7], ... 92, 13.6], [135], [42.6], [3.13], [8.59]]
max_tagger [0.0614, 0.00138, 0.0118, 0.0265, 0.000143, ... 8.93e-06, 0.0304, 7.26e-05, 0.000616]
max_tagger [0.0118, 0.0265, 0.00156, 0.289, 0.00192, ... 0.00392, 0.00154, 0.00181, 0.115]
Done transfer tree for /data/bond/zhaoyz/Pheno/ntuplizer/output_with_PUPPI/TTbar_semilep_part5_25M/ntuple_events_delphes_97.root
