/home/pku/zhaoyz/anaconda3/envs/lpr/lib/python3.9/site-packages/coffea/nanoevents/mapping/uproot.py:86: UserWarning: Found duplicate branch JetPUPPI_size in <TTree 'tree' (9683 branches) at 0x7f6993a49790>, taking first instance
  warnings.warn(
/home/pku/zhaoyz/anaconda3/envs/lpr/lib/python3.9/site-packages/coffea/nanoevents/mapping/uproot.py:86: UserWarning: Found duplicate branch Particle_size in <TTree 'tree' (9683 branches) at 0x7f6993a49790>, taking first instance
  warnings.warn(
/home/pku/zhaoyz/anaconda3/envs/lpr/lib/python3.9/site-packages/coffea/nanoevents/mapping/uproot.py:86: UserWarning: Found duplicate branch JetPUPPIAK8_size in <TTree 'tree' (9683 branches) at 0x7f6993a49790>, taking first instance
  warnings.warn(
/home/pku/zhaoyz/anaconda3/envs/lpr/lib/python3.9/site-packages/coffea/nanoevents/mapping/uproot.py:86: UserWarning: Found duplicate branch Electron_size in <TTree 'tree' (9683 branches) at 0x7f6993a49790>, taking first instance
  warnings.warn(
/home/pku/zhaoyz/anaconda3/envs/lpr/lib/python3.9/site-packages/coffea/nanoevents/mapping/uproot.py:86: UserWarning: Found duplicate branch Muon_size in <TTree 'tree' (9683 branches) at 0x7f6993a49790>, taking first instance
  warnings.warn(
/home/pku/zhaoyz/anaconda3/envs/lpr/lib/python3.9/site-packages/coffea/nanoevents/mapping/uproot.py:86: UserWarning: Found duplicate branch PuppiMissingET_size in <TTree 'tree' (9683 branches) at 0x7f6993a49790>, taking first instance
  warnings.warn(
/home/pku/zhaoyz/anaconda3/envs/lpr/lib/python3.9/site-packages/coffea/nanoevents/mapping/uproot.py:86: UserWarning: Found duplicate branch MissingET_size in <TTree 'tree' (9683 branches) at 0x7f6993a49790>, taking first instance
  warnings.warn(
/home/pku/zhaoyz/anaconda3/envs/lpr/lib/python3.9/site-packages/awkward/_connect/_numpy.py:197: RuntimeWarning: invalid value encountered in sqrt
  result = getattr(ufunc, method)(
Imported!
Loaded CustomDelphesSchema: <class 'custom.CustomDelphesSchema'>
dR_muon [3.05, None, 2.02, None, 0.507, None, 2.44, ... 0.559, None, None, None, 3.42, None]
dR_electron [None, 2.13, None, 3, None, 3.31, None, ... 4, None, 2.18, 2.02, 2.57, None, 1.1]
mass [[44], [81.9], [105], [21.7], [79.8], ... 40.9], [77, 55.5], [10.5], [83.2], [78.6]]
max_tagger [0.715, 0.000391, 0.00327, 0.00107, ... 0.00054, 0.000402, 0.000986, 0.00408]
max_tagger [0.000391, 0.00327, 0.194, 0.00079, 0.000812, ... 0.0119, 0.00054, 0.000986, 0.00408]
Done transfer tree for /data/bond/zhaoyz/Pheno/ntuplizer/output_with_PUPPI/TTbar_semilep_part5_25M/ntuple_events_delphes_93.root
