/home/pku/zhaoyz/anaconda3/envs/lpr/lib/python3.9/site-packages/coffea/nanoevents/mapping/uproot.py:86: UserWarning: Found duplicate branch JetPUPPI_size in <TTree 'tree' (9907 branches) at 0x7fb5a2a15790>, taking first instance
  warnings.warn(
/home/pku/zhaoyz/anaconda3/envs/lpr/lib/python3.9/site-packages/coffea/nanoevents/mapping/uproot.py:86: UserWarning: Found duplicate branch Particle_size in <TTree 'tree' (9907 branches) at 0x7fb5a2a15790>, taking first instance
  warnings.warn(
/home/pku/zhaoyz/anaconda3/envs/lpr/lib/python3.9/site-packages/coffea/nanoevents/mapping/uproot.py:86: UserWarning: Found duplicate branch JetPUPPIAK8_size in <TTree 'tree' (9907 branches) at 0x7fb5a2a15790>, taking first instance
  warnings.warn(
/home/pku/zhaoyz/anaconda3/envs/lpr/lib/python3.9/site-packages/coffea/nanoevents/mapping/uproot.py:86: UserWarning: Found duplicate branch Electron_size in <TTree 'tree' (9907 branches) at 0x7fb5a2a15790>, taking first instance
  warnings.warn(
/home/pku/zhaoyz/anaconda3/envs/lpr/lib/python3.9/site-packages/coffea/nanoevents/mapping/uproot.py:86: UserWarning: Found duplicate branch Muon_size in <TTree 'tree' (9907 branches) at 0x7fb5a2a15790>, taking first instance
  warnings.warn(
/home/pku/zhaoyz/anaconda3/envs/lpr/lib/python3.9/site-packages/coffea/nanoevents/mapping/uproot.py:86: UserWarning: Found duplicate branch PuppiMissingET_size in <TTree 'tree' (9907 branches) at 0x7fb5a2a15790>, taking first instance
  warnings.warn(
/home/pku/zhaoyz/anaconda3/envs/lpr/lib/python3.9/site-packages/coffea/nanoevents/mapping/uproot.py:86: UserWarning: Found duplicate branch MissingET_size in <TTree 'tree' (9907 branches) at 0x7fb5a2a15790>, taking first instance
  warnings.warn(
Imported!
Loaded CustomDelphesSchema: <class 'custom.CustomDelphesSchema'>
dR_muon [2.02, 2.88, 3.09, 2.8, 0.537, None, None, ... None, 3.12, 0.589, 2.39, 3.07, 2.44]
dR_electron [None, None, None, None, None, 1.15, 2.87, ... 1.32, None, None, None, None, None]
mass [[9.55], [86], [108], [8.65], [77.7], ... [149], [76], [97.9], [5.24], [95.7]]
max_tagger [0.00107, 0.00199, 0.0272, 0.172, 2.55e-05, ... 0.00166, 0.000441, 0.000436, 0.00128]
max_tagger [0.00199, 0.0272, 0.0363, 0.00202, 0.14, ... 0.0358, 0.135, 0.000441, 0.00128]
Done transfer tree for /data/bond/zhaoyz/Pheno/ntuplizer/output_with_PUPPI/TTbar_semilep_part5_25M/ntuple_events_delphes_73.root
