/home/pku/zhaoyz/anaconda3/envs/lpr/lib/python3.9/site-packages/coffea/nanoevents/mapping/uproot.py:86: UserWarning: Found duplicate branch JetPUPPI_size in <TTree 'tree' (9970 branches) at 0x7f2ed27c3790>, taking first instance
  warnings.warn(
/home/pku/zhaoyz/anaconda3/envs/lpr/lib/python3.9/site-packages/coffea/nanoevents/mapping/uproot.py:86: UserWarning: Found duplicate branch Particle_size in <TTree 'tree' (9970 branches) at 0x7f2ed27c3790>, taking first instance
  warnings.warn(
/home/pku/zhaoyz/anaconda3/envs/lpr/lib/python3.9/site-packages/coffea/nanoevents/mapping/uproot.py:86: UserWarning: Found duplicate branch JetPUPPIAK8_size in <TTree 'tree' (9970 branches) at 0x7f2ed27c3790>, taking first instance
  warnings.warn(
/home/pku/zhaoyz/anaconda3/envs/lpr/lib/python3.9/site-packages/coffea/nanoevents/mapping/uproot.py:86: UserWarning: Found duplicate branch Electron_size in <TTree 'tree' (9970 branches) at 0x7f2ed27c3790>, taking first instance
  warnings.warn(
/home/pku/zhaoyz/anaconda3/envs/lpr/lib/python3.9/site-packages/coffea/nanoevents/mapping/uproot.py:86: UserWarning: Found duplicate branch Muon_size in <TTree 'tree' (9970 branches) at 0x7f2ed27c3790>, taking first instance
  warnings.warn(
/home/pku/zhaoyz/anaconda3/envs/lpr/lib/python3.9/site-packages/coffea/nanoevents/mapping/uproot.py:86: UserWarning: Found duplicate branch PuppiMissingET_size in <TTree 'tree' (9970 branches) at 0x7f2ed27c3790>, taking first instance
  warnings.warn(
/home/pku/zhaoyz/anaconda3/envs/lpr/lib/python3.9/site-packages/coffea/nanoevents/mapping/uproot.py:86: UserWarning: Found duplicate branch MissingET_size in <TTree 'tree' (9970 branches) at 0x7f2ed27c3790>, taking first instance
  warnings.warn(
Imported!
Loaded CustomDelphesSchema: <class 'custom.CustomDelphesSchema'>
dR_muon [None, 3.26, 0.00386, None, 1.74, 1.27, None, ... 3.07, None, 3.02, 0.42, None, 1.04]
dR_electron [3.7, None, None, 3.13, None, None, 2.22, ... None, 0.141, None, None, 2.73, None]
mass [[68.6], [2.27], [68.5, 0.106], [71.8], ... [102], [57.2], [10.9], [23, 75.3]]
max_tagger [0.0568, 0.000388, 0.000136, 0.00805, ... 0.00266, 0.00012, 7.07e-05, 0.000105]
max_tagger [0.0568, 0.00805, 0.00235, 0.118, 7.85e-05, ... 0.0388, 0.0202, 0.0135, 0.00266]
Done transfer tree for /data/bond/zhaoyz/Pheno/ntuplizer/output_with_PUPPI/TTbar_semilep_part5_25M/ntuple_events_delphes_455.root
