/home/pku/zhaoyz/anaconda3/envs/lpr/lib/python3.9/site-packages/coffea/nanoevents/mapping/uproot.py:86: UserWarning: Found duplicate branch JetPUPPI_size in <TTree 'tree' (9746 branches) at 0x7f1cac75c790>, taking first instance
  warnings.warn(
/home/pku/zhaoyz/anaconda3/envs/lpr/lib/python3.9/site-packages/coffea/nanoevents/mapping/uproot.py:86: UserWarning: Found duplicate branch Particle_size in <TTree 'tree' (9746 branches) at 0x7f1cac75c790>, taking first instance
  warnings.warn(
/home/pku/zhaoyz/anaconda3/envs/lpr/lib/python3.9/site-packages/coffea/nanoevents/mapping/uproot.py:86: UserWarning: Found duplicate branch JetPUPPIAK8_size in <TTree 'tree' (9746 branches) at 0x7f1cac75c790>, taking first instance
  warnings.warn(
/home/pku/zhaoyz/anaconda3/envs/lpr/lib/python3.9/site-packages/coffea/nanoevents/mapping/uproot.py:86: UserWarning: Found duplicate branch Electron_size in <TTree 'tree' (9746 branches) at 0x7f1cac75c790>, taking first instance
  warnings.warn(
/home/pku/zhaoyz/anaconda3/envs/lpr/lib/python3.9/site-packages/coffea/nanoevents/mapping/uproot.py:86: UserWarning: Found duplicate branch Muon_size in <TTree 'tree' (9746 branches) at 0x7f1cac75c790>, taking first instance
  warnings.warn(
/home/pku/zhaoyz/anaconda3/envs/lpr/lib/python3.9/site-packages/coffea/nanoevents/mapping/uproot.py:86: UserWarning: Found duplicate branch PuppiMissingET_size in <TTree 'tree' (9746 branches) at 0x7f1cac75c790>, taking first instance
  warnings.warn(
/home/pku/zhaoyz/anaconda3/envs/lpr/lib/python3.9/site-packages/coffea/nanoevents/mapping/uproot.py:86: UserWarning: Found duplicate branch MissingET_size in <TTree 'tree' (9746 branches) at 0x7f1cac75c790>, taking first instance
  warnings.warn(
Imported!
Loaded CustomDelphesSchema: <class 'custom.CustomDelphesSchema'>
dR_muon [3.27, 0.023, None, 2.64, 0.925, 0.197, 2.24, ... 0, 2.47, None, None, 1.44, None]
dR_electron [None, None, 2.21, None, None, None, None, ... None, None, 1.06, 3.13, None, 3.04]
mass [[80.3], [0.106, 41.3], [105], [106], ... [9.79, 62.3], [136], [82.6], [88.4]]
max_tagger [0.23, 0.0021, 0.0674, 0.0135, 0.123, ... 0.0241, 0.71, 0.0681, 0.266, 0.0114]
max_tagger [0.23, 0.0674, 0.0135, 0.127, 0.0278, ... 0.0241, 0.71, 0.0681, 0.266, 0.0114]
Done transfer tree for /data/bond/zhaoyz/Pheno/ntuplizer/output_with_PUPPI/TTbar_semilep_part5_25M/ntuple_events_delphes_480.root
