/home/pku/zhaoyz/anaconda3/envs/lpr/lib/python3.9/site-packages/coffea/nanoevents/mapping/uproot.py:86: UserWarning: Found duplicate branch JetPUPPI_size in <TTree 'tree' (9809 branches) at 0x7f55c1dda790>, taking first instance
  warnings.warn(
/home/pku/zhaoyz/anaconda3/envs/lpr/lib/python3.9/site-packages/coffea/nanoevents/mapping/uproot.py:86: UserWarning: Found duplicate branch Particle_size in <TTree 'tree' (9809 branches) at 0x7f55c1dda790>, taking first instance
  warnings.warn(
/home/pku/zhaoyz/anaconda3/envs/lpr/lib/python3.9/site-packages/coffea/nanoevents/mapping/uproot.py:86: UserWarning: Found duplicate branch JetPUPPIAK8_size in <TTree 'tree' (9809 branches) at 0x7f55c1dda790>, taking first instance
  warnings.warn(
/home/pku/zhaoyz/anaconda3/envs/lpr/lib/python3.9/site-packages/coffea/nanoevents/mapping/uproot.py:86: UserWarning: Found duplicate branch Electron_size in <TTree 'tree' (9809 branches) at 0x7f55c1dda790>, taking first instance
  warnings.warn(
/home/pku/zhaoyz/anaconda3/envs/lpr/lib/python3.9/site-packages/coffea/nanoevents/mapping/uproot.py:86: UserWarning: Found duplicate branch Muon_size in <TTree 'tree' (9809 branches) at 0x7f55c1dda790>, taking first instance
  warnings.warn(
/home/pku/zhaoyz/anaconda3/envs/lpr/lib/python3.9/site-packages/coffea/nanoevents/mapping/uproot.py:86: UserWarning: Found duplicate branch PuppiMissingET_size in <TTree 'tree' (9809 branches) at 0x7f55c1dda790>, taking first instance
  warnings.warn(
/home/pku/zhaoyz/anaconda3/envs/lpr/lib/python3.9/site-packages/coffea/nanoevents/mapping/uproot.py:86: UserWarning: Found duplicate branch MissingET_size in <TTree 'tree' (9809 branches) at 0x7f55c1dda790>, taking first instance
  warnings.warn(
Imported!
Loaded CustomDelphesSchema: <class 'custom.CustomDelphesSchema'>
dR_muon [1.78, 2.05, 0.126, 0.131, None, 2.92, 2.74, ... 2.91, 2.01, 3.19, 1.36, 2.8, None]
dR_electron [None, None, None, None, 0.225, None, None, ... None, None, None, None, None, 2.85]
mass [[67.9, 12.1], [19.2, 52.7], [73.6, 85.1], ... [50.7], [103, 100], [152], [31.1]]
max_tagger [0.000291, 0.347, 0.00111, 0.00074, 0.000455, ... 0.000801, 0.122, 0.00662, 0.00129]
max_tagger [0.347, 0.000666, 0.00181, 0.0025, 0.00213, ... 0.00374, 0.000801, 0.122, 0.00662]
Done transfer tree for /data/bond/zhaoyz/Pheno/ntuplizer/output_with_PUPPI/TTbar_semilep_part5_25M/ntuple_events_delphes_463.root
