/home/pku/zhaoyz/anaconda3/envs/lpr/lib/python3.9/site-packages/coffea/nanoevents/mapping/uproot.py:86: UserWarning: Found duplicate branch JetPUPPI_size in <TTree 'tree' (9312 branches) at 0x7fc34dd05790>, taking first instance
  warnings.warn(
/home/pku/zhaoyz/anaconda3/envs/lpr/lib/python3.9/site-packages/coffea/nanoevents/mapping/uproot.py:86: UserWarning: Found duplicate branch Particle_size in <TTree 'tree' (9312 branches) at 0x7fc34dd05790>, taking first instance
  warnings.warn(
/home/pku/zhaoyz/anaconda3/envs/lpr/lib/python3.9/site-packages/coffea/nanoevents/mapping/uproot.py:86: UserWarning: Found duplicate branch JetPUPPIAK8_size in <TTree 'tree' (9312 branches) at 0x7fc34dd05790>, taking first instance
  warnings.warn(
/home/pku/zhaoyz/anaconda3/envs/lpr/lib/python3.9/site-packages/coffea/nanoevents/mapping/uproot.py:86: UserWarning: Found duplicate branch Electron_size in <TTree 'tree' (9312 branches) at 0x7fc34dd05790>, taking first instance
  warnings.warn(
/home/pku/zhaoyz/anaconda3/envs/lpr/lib/python3.9/site-packages/coffea/nanoevents/mapping/uproot.py:86: UserWarning: Found duplicate branch Muon_size in <TTree 'tree' (9312 branches) at 0x7fc34dd05790>, taking first instance
  warnings.warn(
/home/pku/zhaoyz/anaconda3/envs/lpr/lib/python3.9/site-packages/coffea/nanoevents/mapping/uproot.py:86: UserWarning: Found duplicate branch PuppiMissingET_size in <TTree 'tree' (9312 branches) at 0x7fc34dd05790>, taking first instance
  warnings.warn(
/home/pku/zhaoyz/anaconda3/envs/lpr/lib/python3.9/site-packages/coffea/nanoevents/mapping/uproot.py:86: UserWarning: Found duplicate branch MissingET_size in <TTree 'tree' (9312 branches) at 0x7fc34dd05790>, taking first instance
  warnings.warn(
Imported!
Loaded CustomDelphesSchema: <class 'custom.CustomDelphesSchema'>
dR_muon [3.07, None, 3.19, 2.84, 2.6, 1.89, None, ... 3.18, 2.67, 1.84, 2.64, 2.28, None]
dR_electron [None, 2.7, None, None, None, None, 1.21, ... None, None, None, None, None, 1.04]
mass [[11.9], [95], [186], [60.5], [10.8], ... 22.9], [143, 11.4], [128], [30.6], [17.3]]
max_tagger [0.000552, 0.248, 0.0797, 0.0326, 0.00394, ... 0.00073, 0.000184, 0.0341, 0.000107]
max_tagger [0.248, 0.0797, 0.0326, 0.0361, 0.00468, ... 0.0512, 0.000287, 0.00073, 0.000184]
Done transfer tree for /data/bond/zhaoyz/Pheno/ntuplizer/output_with_PUPPI/TTbar_semilep_part4_20M/ntuple_events_delphes_38.root
