/home/pku/zhaoyz/anaconda3/envs/lpr/lib/python3.9/site-packages/coffea/nanoevents/mapping/uproot.py:86: UserWarning: Found duplicate branch JetPUPPI_size in <TTree 'tree' (9704 branches) at 0x7f6c8e270790>, taking first instance
  warnings.warn(
/home/pku/zhaoyz/anaconda3/envs/lpr/lib/python3.9/site-packages/coffea/nanoevents/mapping/uproot.py:86: UserWarning: Found duplicate branch Particle_size in <TTree 'tree' (9704 branches) at 0x7f6c8e270790>, taking first instance
  warnings.warn(
/home/pku/zhaoyz/anaconda3/envs/lpr/lib/python3.9/site-packages/coffea/nanoevents/mapping/uproot.py:86: UserWarning: Found duplicate branch JetPUPPIAK8_size in <TTree 'tree' (9704 branches) at 0x7f6c8e270790>, taking first instance
  warnings.warn(
/home/pku/zhaoyz/anaconda3/envs/lpr/lib/python3.9/site-packages/coffea/nanoevents/mapping/uproot.py:86: UserWarning: Found duplicate branch Electron_size in <TTree 'tree' (9704 branches) at 0x7f6c8e270790>, taking first instance
  warnings.warn(
/home/pku/zhaoyz/anaconda3/envs/lpr/lib/python3.9/site-packages/coffea/nanoevents/mapping/uproot.py:86: UserWarning: Found duplicate branch Muon_size in <TTree 'tree' (9704 branches) at 0x7f6c8e270790>, taking first instance
  warnings.warn(
/home/pku/zhaoyz/anaconda3/envs/lpr/lib/python3.9/site-packages/coffea/nanoevents/mapping/uproot.py:86: UserWarning: Found duplicate branch PuppiMissingET_size in <TTree 'tree' (9704 branches) at 0x7f6c8e270790>, taking first instance
  warnings.warn(
/home/pku/zhaoyz/anaconda3/envs/lpr/lib/python3.9/site-packages/coffea/nanoevents/mapping/uproot.py:86: UserWarning: Found duplicate branch MissingET_size in <TTree 'tree' (9704 branches) at 0x7f6c8e270790>, taking first instance
  warnings.warn(
Imported!
Loaded CustomDelphesSchema: <class 'custom.CustomDelphesSchema'>
dR_muon [None, None, None, 1.36, 0.387, 2.65, None, ... 2, None, None, 0.597, 3.91, 2.21]
dR_electron [2.55, 0.498, 0.271, None, None, None, 0.137, ... None, 3.03, 3.25, None, None, None]
mass [[5.58, 25.2], [59.9, 63.8], [129, 75], [71.8, ... [71.2], [70.9], [93.9], [83.1]]
max_tagger [0.0477, 0.471, 0.0512, 0.0247, 0.0101, ... 0.000337, 0.00265, 0.00055, 0.017]
max_tagger [0.0247, 0.0678, 0.00949, 0.0175, 0.00821, ... 0.000941, 0.000337, 0.00055, 0.017]
Done transfer tree for /data/bond/zhaoyz/Pheno/ntuplizer/output_with_PUPPI/TTbar_semilep_part5_25M/ntuple_events_delphes_145.root
