/home/pku/zhaoyz/anaconda3/envs/lpr/lib/python3.9/site-packages/coffea/nanoevents/mapping/uproot.py:86: UserWarning: Found duplicate branch JetPUPPI_size in <TTree 'tree' (9774 branches) at 0x7fbccbbdd790>, taking first instance
  warnings.warn(
/home/pku/zhaoyz/anaconda3/envs/lpr/lib/python3.9/site-packages/coffea/nanoevents/mapping/uproot.py:86: UserWarning: Found duplicate branch Particle_size in <TTree 'tree' (9774 branches) at 0x7fbccbbdd790>, taking first instance
  warnings.warn(
/home/pku/zhaoyz/anaconda3/envs/lpr/lib/python3.9/site-packages/coffea/nanoevents/mapping/uproot.py:86: UserWarning: Found duplicate branch JetPUPPIAK8_size in <TTree 'tree' (9774 branches) at 0x7fbccbbdd790>, taking first instance
  warnings.warn(
/home/pku/zhaoyz/anaconda3/envs/lpr/lib/python3.9/site-packages/coffea/nanoevents/mapping/uproot.py:86: UserWarning: Found duplicate branch Electron_size in <TTree 'tree' (9774 branches) at 0x7fbccbbdd790>, taking first instance
  warnings.warn(
/home/pku/zhaoyz/anaconda3/envs/lpr/lib/python3.9/site-packages/coffea/nanoevents/mapping/uproot.py:86: UserWarning: Found duplicate branch Muon_size in <TTree 'tree' (9774 branches) at 0x7fbccbbdd790>, taking first instance
  warnings.warn(
/home/pku/zhaoyz/anaconda3/envs/lpr/lib/python3.9/site-packages/coffea/nanoevents/mapping/uproot.py:86: UserWarning: Found duplicate branch PuppiMissingET_size in <TTree 'tree' (9774 branches) at 0x7fbccbbdd790>, taking first instance
  warnings.warn(
/home/pku/zhaoyz/anaconda3/envs/lpr/lib/python3.9/site-packages/coffea/nanoevents/mapping/uproot.py:86: UserWarning: Found duplicate branch MissingET_size in <TTree 'tree' (9774 branches) at 0x7fbccbbdd790>, taking first instance
  warnings.warn(
Imported!
Loaded CustomDelphesSchema: <class 'custom.CustomDelphesSchema'>
dR_muon [0.00394, 2.18, None, 0, 1.3, 1.01, None, ... None, None, 1.72, None, 2.41, None]
dR_electron [None, None, 0.00746, None, None, None, 3.6, ... 2.26, 2.32, None, 1.08, None, 3.03]
mass [[0.106], [74.5], [0.000511], [0.106], [13.7, ... [76], [124, 6.93], [63.6], [8.19]]
max_tagger [3.56e-06, 0.0331, 2.87e-06, 1.53e-08, ... 8.03e-05, 0.0751, 0.00197, 0.000238]
max_tagger [0.0331, 2.38e-05, 0.0177, 0.0506, 0.0868, ... 0.0622, 0.229, 8.03e-05, 0.00197]
Done transfer tree for /data/bond/zhaoyz/Pheno/ntuplizer/output_with_PUPPI/TTbar_semilep_part5_25M/ntuple_events_delphes_430.root
