/home/pku/zhaoyz/anaconda3/envs/lpr/lib/python3.9/site-packages/coffea/nanoevents/mapping/uproot.py:86: UserWarning: Found duplicate branch JetPUPPI_size in <TTree 'tree' (9529 branches) at 0x7efe31dfc790>, taking first instance
  warnings.warn(
/home/pku/zhaoyz/anaconda3/envs/lpr/lib/python3.9/site-packages/coffea/nanoevents/mapping/uproot.py:86: UserWarning: Found duplicate branch Particle_size in <TTree 'tree' (9529 branches) at 0x7efe31dfc790>, taking first instance
  warnings.warn(
/home/pku/zhaoyz/anaconda3/envs/lpr/lib/python3.9/site-packages/coffea/nanoevents/mapping/uproot.py:86: UserWarning: Found duplicate branch JetPUPPIAK8_size in <TTree 'tree' (9529 branches) at 0x7efe31dfc790>, taking first instance
  warnings.warn(
/home/pku/zhaoyz/anaconda3/envs/lpr/lib/python3.9/site-packages/coffea/nanoevents/mapping/uproot.py:86: UserWarning: Found duplicate branch Electron_size in <TTree 'tree' (9529 branches) at 0x7efe31dfc790>, taking first instance
  warnings.warn(
/home/pku/zhaoyz/anaconda3/envs/lpr/lib/python3.9/site-packages/coffea/nanoevents/mapping/uproot.py:86: UserWarning: Found duplicate branch Muon_size in <TTree 'tree' (9529 branches) at 0x7efe31dfc790>, taking first instance
  warnings.warn(
/home/pku/zhaoyz/anaconda3/envs/lpr/lib/python3.9/site-packages/coffea/nanoevents/mapping/uproot.py:86: UserWarning: Found duplicate branch PuppiMissingET_size in <TTree 'tree' (9529 branches) at 0x7efe31dfc790>, taking first instance
  warnings.warn(
/home/pku/zhaoyz/anaconda3/envs/lpr/lib/python3.9/site-packages/coffea/nanoevents/mapping/uproot.py:86: UserWarning: Found duplicate branch MissingET_size in <TTree 'tree' (9529 branches) at 0x7efe31dfc790>, taking first instance
  warnings.warn(
Imported!
Loaded CustomDelphesSchema: <class 'custom.CustomDelphesSchema'>
dR_muon [None, None, 3.17, None, 2.96, 3.69, 3.06, ... None, None, None, 1.02, None, 0.367]
dR_electron [2.62, 0.858, None, 2.86, None, None, ... 2.46, 2.77, 0.955, None, 0.0128, None]
mass [[47.1], [8.36], [80.2], [26.4], ... 3.42], [82.9, 129], [94, 0.000511], [89.2]]
max_tagger [9.14e-05, 0.142, 0.068, 4.56e-05, 0.0044, ... 0.0572, 0.0102, 0.000436, 0.000564]
max_tagger [0.068, 0.0044, 0.000169, 0.00359, 3.26e-05, ... 0.0237, 0.000216, 0.0164, 0.0102]
Done transfer tree for /data/bond/zhaoyz/Pheno/ntuplizer/output_with_PUPPI/TTbar_semilep_part5_25M/ntuple_events_delphes_382.root
