/home/pku/zhaoyz/anaconda3/envs/lpr/lib/python3.9/site-packages/coffea/nanoevents/mapping/uproot.py:86: UserWarning: Found duplicate branch JetPUPPI_size in <TTree 'tree' (9697 branches) at 0x7f354a9c6790>, taking first instance
  warnings.warn(
/home/pku/zhaoyz/anaconda3/envs/lpr/lib/python3.9/site-packages/coffea/nanoevents/mapping/uproot.py:86: UserWarning: Found duplicate branch Particle_size in <TTree 'tree' (9697 branches) at 0x7f354a9c6790>, taking first instance
  warnings.warn(
/home/pku/zhaoyz/anaconda3/envs/lpr/lib/python3.9/site-packages/coffea/nanoevents/mapping/uproot.py:86: UserWarning: Found duplicate branch JetPUPPIAK8_size in <TTree 'tree' (9697 branches) at 0x7f354a9c6790>, taking first instance
  warnings.warn(
/home/pku/zhaoyz/anaconda3/envs/lpr/lib/python3.9/site-packages/coffea/nanoevents/mapping/uproot.py:86: UserWarning: Found duplicate branch Electron_size in <TTree 'tree' (9697 branches) at 0x7f354a9c6790>, taking first instance
  warnings.warn(
/home/pku/zhaoyz/anaconda3/envs/lpr/lib/python3.9/site-packages/coffea/nanoevents/mapping/uproot.py:86: UserWarning: Found duplicate branch Muon_size in <TTree 'tree' (9697 branches) at 0x7f354a9c6790>, taking first instance
  warnings.warn(
/home/pku/zhaoyz/anaconda3/envs/lpr/lib/python3.9/site-packages/coffea/nanoevents/mapping/uproot.py:86: UserWarning: Found duplicate branch PuppiMissingET_size in <TTree 'tree' (9697 branches) at 0x7f354a9c6790>, taking first instance
  warnings.warn(
/home/pku/zhaoyz/anaconda3/envs/lpr/lib/python3.9/site-packages/coffea/nanoevents/mapping/uproot.py:86: UserWarning: Found duplicate branch MissingET_size in <TTree 'tree' (9697 branches) at 0x7f354a9c6790>, taking first instance
  warnings.warn(
Imported!
Loaded CustomDelphesSchema: <class 'custom.CustomDelphesSchema'>
dR_muon [2.12, 2.46, 0.0443, 2.89, 1.62, 1.63, 2.12, ... 1.49, 0.611, None, None, None, 1.11]
dR_electron [None, None, None, None, None, None, None, ... None, None, 0.494, 2.19, 2.78, None]
mass [[3.6], [17.1], [50.6, 0.106], [4.46], ... [144, 88.6], [101], [82.1], [71.4, 78]]
max_tagger [0.00052, 0.0183, 0.0501, 0.121, 0.0477, ... 0.0197, 0.000125, 0.00275, 0.0476]
max_tagger [0.0626, 0.00708, 0.0345, 0.0123, 0.00307, ... 0.000282, 0.000125, 0.00275, 0.0476]
Done transfer tree for /data/bond/zhaoyz/Pheno/ntuplizer/output_with_PUPPI/TTbar_semilep_part5_25M/ntuple_events_delphes_124.root
