/home/pku/zhaoyz/anaconda3/envs/lpr/lib/python3.9/site-packages/coffea/nanoevents/mapping/uproot.py:86: UserWarning: Found duplicate branch JetPUPPI_size in <TTree 'tree' (9697 branches) at 0x7f602510d790>, taking first instance
  warnings.warn(
/home/pku/zhaoyz/anaconda3/envs/lpr/lib/python3.9/site-packages/coffea/nanoevents/mapping/uproot.py:86: UserWarning: Found duplicate branch Particle_size in <TTree 'tree' (9697 branches) at 0x7f602510d790>, taking first instance
  warnings.warn(
/home/pku/zhaoyz/anaconda3/envs/lpr/lib/python3.9/site-packages/coffea/nanoevents/mapping/uproot.py:86: UserWarning: Found duplicate branch JetPUPPIAK8_size in <TTree 'tree' (9697 branches) at 0x7f602510d790>, taking first instance
  warnings.warn(
/home/pku/zhaoyz/anaconda3/envs/lpr/lib/python3.9/site-packages/coffea/nanoevents/mapping/uproot.py:86: UserWarning: Found duplicate branch Electron_size in <TTree 'tree' (9697 branches) at 0x7f602510d790>, taking first instance
  warnings.warn(
/home/pku/zhaoyz/anaconda3/envs/lpr/lib/python3.9/site-packages/coffea/nanoevents/mapping/uproot.py:86: UserWarning: Found duplicate branch Muon_size in <TTree 'tree' (9697 branches) at 0x7f602510d790>, taking first instance
  warnings.warn(
/home/pku/zhaoyz/anaconda3/envs/lpr/lib/python3.9/site-packages/coffea/nanoevents/mapping/uproot.py:86: UserWarning: Found duplicate branch PuppiMissingET_size in <TTree 'tree' (9697 branches) at 0x7f602510d790>, taking first instance
  warnings.warn(
/home/pku/zhaoyz/anaconda3/envs/lpr/lib/python3.9/site-packages/coffea/nanoevents/mapping/uproot.py:86: UserWarning: Found duplicate branch MissingET_size in <TTree 'tree' (9697 branches) at 0x7f602510d790>, taking first instance
  warnings.warn(
/home/pku/zhaoyz/anaconda3/envs/lpr/lib/python3.9/site-packages/awkward/_connect/_numpy.py:197: RuntimeWarning: invalid value encountered in sqrt
  result = getattr(ufunc, method)(
Imported!
Loaded CustomDelphesSchema: <class 'custom.CustomDelphesSchema'>
dR_muon [2.1, None, 4.47, 3.31, 3, None, 3.08, ... 2.98, None, 1.11, None, 1.85, None, 0.489]
dR_electron [None, 0.484, None, None, None, 2.75, None, ... 2.98, None, 1.76, None, 0.35, None]
mass [[24.4, 5.41], [85.7], [2.73], [62], ... [84.3], [110], [80.8, 62.6], [30.1, 159]]
max_tagger [0.00481, 0.000143, 0.000113, 0.000292, 0.000365, ... 0.258, 0.0144, 0.0102, 0.00104]
max_tagger [0.000292, 0.000365, 0.000818, 0.297, 0.0566, ... 0.000497, 0.164, 0.258, 0.0144]
Done transfer tree for /data/bond/zhaoyz/Pheno/ntuplizer/output_with_PUPPI/TTbar_semilep_part5_25M/ntuple_events_delphes_50.root
