/home/pku/zhaoyz/anaconda3/envs/lpr/lib/python3.9/site-packages/coffea/nanoevents/mapping/uproot.py:86: UserWarning: Found duplicate branch JetPUPPI_size in <TTree 'tree' (9816 branches) at 0x7f8a78060790>, taking first instance
  warnings.warn(
/home/pku/zhaoyz/anaconda3/envs/lpr/lib/python3.9/site-packages/coffea/nanoevents/mapping/uproot.py:86: UserWarning: Found duplicate branch Particle_size in <TTree 'tree' (9816 branches) at 0x7f8a78060790>, taking first instance
  warnings.warn(
/home/pku/zhaoyz/anaconda3/envs/lpr/lib/python3.9/site-packages/coffea/nanoevents/mapping/uproot.py:86: UserWarning: Found duplicate branch JetPUPPIAK8_size in <TTree 'tree' (9816 branches) at 0x7f8a78060790>, taking first instance
  warnings.warn(
/home/pku/zhaoyz/anaconda3/envs/lpr/lib/python3.9/site-packages/coffea/nanoevents/mapping/uproot.py:86: UserWarning: Found duplicate branch Electron_size in <TTree 'tree' (9816 branches) at 0x7f8a78060790>, taking first instance
  warnings.warn(
/home/pku/zhaoyz/anaconda3/envs/lpr/lib/python3.9/site-packages/coffea/nanoevents/mapping/uproot.py:86: UserWarning: Found duplicate branch Muon_size in <TTree 'tree' (9816 branches) at 0x7f8a78060790>, taking first instance
  warnings.warn(
/home/pku/zhaoyz/anaconda3/envs/lpr/lib/python3.9/site-packages/coffea/nanoevents/mapping/uproot.py:86: UserWarning: Found duplicate branch PuppiMissingET_size in <TTree 'tree' (9816 branches) at 0x7f8a78060790>, taking first instance
  warnings.warn(
/home/pku/zhaoyz/anaconda3/envs/lpr/lib/python3.9/site-packages/coffea/nanoevents/mapping/uproot.py:86: UserWarning: Found duplicate branch MissingET_size in <TTree 'tree' (9816 branches) at 0x7f8a78060790>, taking first instance
  warnings.warn(
Imported!
Loaded CustomDelphesSchema: <class 'custom.CustomDelphesSchema'>
dR_muon [2.68, None, None, 1.65, 3.01, 0.712, 3.02, ... None, 0.0255, 3.07, 2.48, None, None]
dR_electron [None, 2.9, 1.68, None, None, None, None, ... 3.52, None, None, None, 2.55, 5.13]
mass [[2.48], [45.2], [125, 69.9], [73.9, 24.8], ... [16.5], [5.93], [11.4], [15.8]]
max_tagger [0.00449, 0.0089, 0.0468, 0.031, 9.18e-05, ... 0.000261, 0.059, 0.000852, 0.00314]
max_tagger [0.0468, 9.18e-05, 0.00108, 0.133, 0.108, ... 0.0105, 0.000274, 0.368, 0.00155]
Done transfer tree for /data/bond/zhaoyz/Pheno/ntuplizer/output_with_PUPPI/TTbar_semilep_part4_20M/ntuple_events_delphes_27.root
