/home/pku/zhaoyz/anaconda3/envs/lpr/lib/python3.9/site-packages/coffea/nanoevents/mapping/uproot.py:86: UserWarning: Found duplicate branch JetPUPPI_size in <TTree 'tree' (9431 branches) at 0x7fe2bd0be790>, taking first instance
  warnings.warn(
/home/pku/zhaoyz/anaconda3/envs/lpr/lib/python3.9/site-packages/coffea/nanoevents/mapping/uproot.py:86: UserWarning: Found duplicate branch Particle_size in <TTree 'tree' (9431 branches) at 0x7fe2bd0be790>, taking first instance
  warnings.warn(
/home/pku/zhaoyz/anaconda3/envs/lpr/lib/python3.9/site-packages/coffea/nanoevents/mapping/uproot.py:86: UserWarning: Found duplicate branch JetPUPPIAK8_size in <TTree 'tree' (9431 branches) at 0x7fe2bd0be790>, taking first instance
  warnings.warn(
/home/pku/zhaoyz/anaconda3/envs/lpr/lib/python3.9/site-packages/coffea/nanoevents/mapping/uproot.py:86: UserWarning: Found duplicate branch Electron_size in <TTree 'tree' (9431 branches) at 0x7fe2bd0be790>, taking first instance
  warnings.warn(
/home/pku/zhaoyz/anaconda3/envs/lpr/lib/python3.9/site-packages/coffea/nanoevents/mapping/uproot.py:86: UserWarning: Found duplicate branch Muon_size in <TTree 'tree' (9431 branches) at 0x7fe2bd0be790>, taking first instance
  warnings.warn(
/home/pku/zhaoyz/anaconda3/envs/lpr/lib/python3.9/site-packages/coffea/nanoevents/mapping/uproot.py:86: UserWarning: Found duplicate branch PuppiMissingET_size in <TTree 'tree' (9431 branches) at 0x7fe2bd0be790>, taking first instance
  warnings.warn(
/home/pku/zhaoyz/anaconda3/envs/lpr/lib/python3.9/site-packages/coffea/nanoevents/mapping/uproot.py:86: UserWarning: Found duplicate branch MissingET_size in <TTree 'tree' (9431 branches) at 0x7fe2bd0be790>, taking first instance
  warnings.warn(
Imported!
Loaded CustomDelphesSchema: <class 'custom.CustomDelphesSchema'>
dR_muon [None, 1.2, 2.36, None, 1.51, None, ... None, 0.102, 0.00918, 2.36, 3.11, None]
dR_electron [3.01, None, None, 3, None, 0.415, None, ... 0.253, None, None, None, None, 1.03]
mass [[71], [26, 79.2], [62.9, 40.8], [39.5, ... 0.106], [83.6], [68.1], [23.9, 46.8]]
max_tagger [0.134, 0.548, 0.0277, 0.0949, 0.000283, ... 0.0586, 0.000186, 0.000148, 0.00534]
max_tagger [0.134, 0.548, 0.0174, 0.0977, 0.00325, ... 0.00201, 0.00213, 0.000186, 0.000148]
Done transfer tree for /data/bond/zhaoyz/Pheno/ntuplizer/output_with_PUPPI/TTbar_semilep_part5_25M/ntuple_events_delphes_304.root
