/home/pku/zhaoyz/anaconda3/envs/lpr/lib/python3.9/site-packages/coffea/nanoevents/mapping/uproot.py:86: UserWarning: Found duplicate branch JetPUPPI_size in <TTree 'tree' (9816 branches) at 0x7f3ecf8ec790>, taking first instance
  warnings.warn(
/home/pku/zhaoyz/anaconda3/envs/lpr/lib/python3.9/site-packages/coffea/nanoevents/mapping/uproot.py:86: UserWarning: Found duplicate branch Particle_size in <TTree 'tree' (9816 branches) at 0x7f3ecf8ec790>, taking first instance
  warnings.warn(
/home/pku/zhaoyz/anaconda3/envs/lpr/lib/python3.9/site-packages/coffea/nanoevents/mapping/uproot.py:86: UserWarning: Found duplicate branch JetPUPPIAK8_size in <TTree 'tree' (9816 branches) at 0x7f3ecf8ec790>, taking first instance
  warnings.warn(
/home/pku/zhaoyz/anaconda3/envs/lpr/lib/python3.9/site-packages/coffea/nanoevents/mapping/uproot.py:86: UserWarning: Found duplicate branch Electron_size in <TTree 'tree' (9816 branches) at 0x7f3ecf8ec790>, taking first instance
  warnings.warn(
/home/pku/zhaoyz/anaconda3/envs/lpr/lib/python3.9/site-packages/coffea/nanoevents/mapping/uproot.py:86: UserWarning: Found duplicate branch Muon_size in <TTree 'tree' (9816 branches) at 0x7f3ecf8ec790>, taking first instance
  warnings.warn(
/home/pku/zhaoyz/anaconda3/envs/lpr/lib/python3.9/site-packages/coffea/nanoevents/mapping/uproot.py:86: UserWarning: Found duplicate branch PuppiMissingET_size in <TTree 'tree' (9816 branches) at 0x7f3ecf8ec790>, taking first instance
  warnings.warn(
/home/pku/zhaoyz/anaconda3/envs/lpr/lib/python3.9/site-packages/coffea/nanoevents/mapping/uproot.py:86: UserWarning: Found duplicate branch MissingET_size in <TTree 'tree' (9816 branches) at 0x7f3ecf8ec790>, taking first instance
  warnings.warn(
/home/pku/zhaoyz/anaconda3/envs/lpr/lib/python3.9/site-packages/awkward/_connect/_numpy.py:197: RuntimeWarning: invalid value encountered in sqrt
  result = getattr(ufunc, method)(
Imported!
Loaded CustomDelphesSchema: <class 'custom.CustomDelphesSchema'>
dR_muon [2.32, 0.937, None, 3.5, 3.17, 2.97, 3.16, ... 0.00459, None, 2.79, 2.81, None, None]
dR_electron [None, None, 0.0028, None, None, None, None, ... None, 2.98, 2.94, None, 2.94, 2.88]
mass [[136], [191, 17.2], [0.000511, 13.2], [16.3], ... [60.4], [40.9], [120], [109]]
max_tagger [0.000819, 0.0115, 0.000407, 0.000291, ... 0.0444, 0.000985, 0.0159, 0.00734]
max_tagger [0.000819, 0.0115, 0.00155, 0.3, 0.151, ... 0.017, 0.00113, 0.0444, 0.0159, 0.00734]
Done transfer tree for /data/bond/zhaoyz/Pheno/ntuplizer/output_with_PUPPI/TTbar_semilep_part5_25M/ntuple_events_delphes_162.root
