/home/pku/zhaoyz/anaconda3/envs/lpr/lib/python3.9/site-packages/coffea/nanoevents/mapping/uproot.py:86: UserWarning: Found duplicate branch JetPUPPI_size in <TTree 'tree' (9872 branches) at 0x7f6fd8fda790>, taking first instance
  warnings.warn(
/home/pku/zhaoyz/anaconda3/envs/lpr/lib/python3.9/site-packages/coffea/nanoevents/mapping/uproot.py:86: UserWarning: Found duplicate branch Particle_size in <TTree 'tree' (9872 branches) at 0x7f6fd8fda790>, taking first instance
  warnings.warn(
/home/pku/zhaoyz/anaconda3/envs/lpr/lib/python3.9/site-packages/coffea/nanoevents/mapping/uproot.py:86: UserWarning: Found duplicate branch JetPUPPIAK8_size in <TTree 'tree' (9872 branches) at 0x7f6fd8fda790>, taking first instance
  warnings.warn(
/home/pku/zhaoyz/anaconda3/envs/lpr/lib/python3.9/site-packages/coffea/nanoevents/mapping/uproot.py:86: UserWarning: Found duplicate branch Electron_size in <TTree 'tree' (9872 branches) at 0x7f6fd8fda790>, taking first instance
  warnings.warn(
/home/pku/zhaoyz/anaconda3/envs/lpr/lib/python3.9/site-packages/coffea/nanoevents/mapping/uproot.py:86: UserWarning: Found duplicate branch Muon_size in <TTree 'tree' (9872 branches) at 0x7f6fd8fda790>, taking first instance
  warnings.warn(
/home/pku/zhaoyz/anaconda3/envs/lpr/lib/python3.9/site-packages/coffea/nanoevents/mapping/uproot.py:86: UserWarning: Found duplicate branch PuppiMissingET_size in <TTree 'tree' (9872 branches) at 0x7f6fd8fda790>, taking first instance
  warnings.warn(
/home/pku/zhaoyz/anaconda3/envs/lpr/lib/python3.9/site-packages/coffea/nanoevents/mapping/uproot.py:86: UserWarning: Found duplicate branch MissingET_size in <TTree 'tree' (9872 branches) at 0x7f6fd8fda790>, taking first instance
  warnings.warn(
Imported!
Loaded CustomDelphesSchema: <class 'custom.CustomDelphesSchema'>
dR_muon [0.597, None, 2.67, 1.22, None, None, 3.08, ... 1.95, None, 0.552, 1.26, 0.311, 1.57]
dR_electron [None, 4.07, None, None, 3.05, 2.39, None, ... None, 3.42, None, None, None, None]
mass [[70.7], [14.3], [64.9], [13.5, 87.8], ... [59.3], [90.4], [107, 31.5], [5.64]]
max_tagger [0.000125, 0.00181, 0.000164, 0.0117, ... 0.000558, 0.0287, 0.00218, 0.000222]
max_tagger [0.000164, 0.0117, 0.000396, 0.394, 0.000213, ... 0.00202, 0.0518, 0.000643, 0.0287]
Done transfer tree for /data/bond/zhaoyz/Pheno/ntuplizer/output_with_PUPPI/TTbar_semilep_part5_25M/ntuple_events_delphes_122.root
