/home/pku/zhaoyz/anaconda3/envs/lpr/lib/python3.9/site-packages/coffea/nanoevents/mapping/uproot.py:86: UserWarning: Found duplicate branch JetPUPPI_size in <TTree 'tree' (9662 branches) at 0x7f675d2e2790>, taking first instance
  warnings.warn(
/home/pku/zhaoyz/anaconda3/envs/lpr/lib/python3.9/site-packages/coffea/nanoevents/mapping/uproot.py:86: UserWarning: Found duplicate branch Particle_size in <TTree 'tree' (9662 branches) at 0x7f675d2e2790>, taking first instance
  warnings.warn(
/home/pku/zhaoyz/anaconda3/envs/lpr/lib/python3.9/site-packages/coffea/nanoevents/mapping/uproot.py:86: UserWarning: Found duplicate branch JetPUPPIAK8_size in <TTree 'tree' (9662 branches) at 0x7f675d2e2790>, taking first instance
  warnings.warn(
/home/pku/zhaoyz/anaconda3/envs/lpr/lib/python3.9/site-packages/coffea/nanoevents/mapping/uproot.py:86: UserWarning: Found duplicate branch Electron_size in <TTree 'tree' (9662 branches) at 0x7f675d2e2790>, taking first instance
  warnings.warn(
/home/pku/zhaoyz/anaconda3/envs/lpr/lib/python3.9/site-packages/coffea/nanoevents/mapping/uproot.py:86: UserWarning: Found duplicate branch Muon_size in <TTree 'tree' (9662 branches) at 0x7f675d2e2790>, taking first instance
  warnings.warn(
/home/pku/zhaoyz/anaconda3/envs/lpr/lib/python3.9/site-packages/coffea/nanoevents/mapping/uproot.py:86: UserWarning: Found duplicate branch PuppiMissingET_size in <TTree 'tree' (9662 branches) at 0x7f675d2e2790>, taking first instance
  warnings.warn(
/home/pku/zhaoyz/anaconda3/envs/lpr/lib/python3.9/site-packages/coffea/nanoevents/mapping/uproot.py:86: UserWarning: Found duplicate branch MissingET_size in <TTree 'tree' (9662 branches) at 0x7f675d2e2790>, taking first instance
  warnings.warn(
Imported!
Loaded CustomDelphesSchema: <class 'custom.CustomDelphesSchema'>
dR_muon [3.15, 2.54, None, None, 0.07, 2.24, None, ... None, 3.13, None, 2.78, 1.25, None]
dR_electron [None, None, 2.84, 2.88, None, None, 2.7, ... 2.79, None, 1.84, None, None, 3.55]
mass [[76.9], [79.1], [48.2], [5.74], [99.2, ... 76.4], [66.1], [92.1], [83.3], [89.4]]
max_tagger [0.013, 0.000969, 0.000285, 0.000133, 0.0179, ... 0.145, 0.0123, 0.000324, 0.0997]
max_tagger [0.013, 0.000969, 0.00917, 0.232, 0.022, ... 0.0336, 0.145, 0.0123, 0.000324, 0.0997]
Done transfer tree for /data/bond/zhaoyz/Pheno/ntuplizer/output_with_PUPPI/TTbar_semilep_part4_20M/ntuple_events_delphes_26.root
