/home/pku/zhaoyz/anaconda3/envs/lpr/lib/python3.9/site-packages/coffea/nanoevents/mapping/uproot.py:86: UserWarning: Found duplicate branch JetPUPPI_size in <TTree 'tree' (9760 branches) at 0x7f53d7b40790>, taking first instance
  warnings.warn(
/home/pku/zhaoyz/anaconda3/envs/lpr/lib/python3.9/site-packages/coffea/nanoevents/mapping/uproot.py:86: UserWarning: Found duplicate branch Particle_size in <TTree 'tree' (9760 branches) at 0x7f53d7b40790>, taking first instance
  warnings.warn(
/home/pku/zhaoyz/anaconda3/envs/lpr/lib/python3.9/site-packages/coffea/nanoevents/mapping/uproot.py:86: UserWarning: Found duplicate branch JetPUPPIAK8_size in <TTree 'tree' (9760 branches) at 0x7f53d7b40790>, taking first instance
  warnings.warn(
/home/pku/zhaoyz/anaconda3/envs/lpr/lib/python3.9/site-packages/coffea/nanoevents/mapping/uproot.py:86: UserWarning: Found duplicate branch Electron_size in <TTree 'tree' (9760 branches) at 0x7f53d7b40790>, taking first instance
  warnings.warn(
/home/pku/zhaoyz/anaconda3/envs/lpr/lib/python3.9/site-packages/coffea/nanoevents/mapping/uproot.py:86: UserWarning: Found duplicate branch Muon_size in <TTree 'tree' (9760 branches) at 0x7f53d7b40790>, taking first instance
  warnings.warn(
/home/pku/zhaoyz/anaconda3/envs/lpr/lib/python3.9/site-packages/coffea/nanoevents/mapping/uproot.py:86: UserWarning: Found duplicate branch PuppiMissingET_size in <TTree 'tree' (9760 branches) at 0x7f53d7b40790>, taking first instance
  warnings.warn(
/home/pku/zhaoyz/anaconda3/envs/lpr/lib/python3.9/site-packages/coffea/nanoevents/mapping/uproot.py:86: UserWarning: Found duplicate branch MissingET_size in <TTree 'tree' (9760 branches) at 0x7f53d7b40790>, taking first instance
  warnings.warn(
Imported!
Loaded CustomDelphesSchema: <class 'custom.CustomDelphesSchema'>
dR_muon [None, 3.13, 1.32, None, 2.97, None, 3.33, ... None, 3.65, 0, None, 3.1, 1.67, 2.86]
dR_electron [2.91, None, None, 0.536, None, 3.22, None, ... None, None, 3.38, None, None, None]
mass [[87.8, 59], [127], [52.5], [66.5, 83.6], ... 0.106], [54.4], [5.01], [80.6], [28.6]]
max_tagger [0.0342, 0.0445, 0.0507, 0.00395, 0.00351, ... 0.00199, 0.0383, 0.00079, 0.0103]
max_tagger [0.0342, 0.0445, 0.0507, 0.00351, 0.000199, ... 0.0296, 0.00731, 0.00199, 0.00079]
Done transfer tree for /data/bond/zhaoyz/Pheno/ntuplizer/output_with_PUPPI/TTbar_semilep_part5_25M/ntuple_events_delphes_431.root
