/home/pku/zhaoyz/anaconda3/envs/lpr/lib/python3.9/site-packages/coffea/nanoevents/mapping/uproot.py:86: UserWarning: Found duplicate branch JetPUPPI_size in <TTree 'tree' (9277 branches) at 0x7f870c7c5790>, taking first instance
  warnings.warn(
/home/pku/zhaoyz/anaconda3/envs/lpr/lib/python3.9/site-packages/coffea/nanoevents/mapping/uproot.py:86: UserWarning: Found duplicate branch Particle_size in <TTree 'tree' (9277 branches) at 0x7f870c7c5790>, taking first instance
  warnings.warn(
/home/pku/zhaoyz/anaconda3/envs/lpr/lib/python3.9/site-packages/coffea/nanoevents/mapping/uproot.py:86: UserWarning: Found duplicate branch JetPUPPIAK8_size in <TTree 'tree' (9277 branches) at 0x7f870c7c5790>, taking first instance
  warnings.warn(
/home/pku/zhaoyz/anaconda3/envs/lpr/lib/python3.9/site-packages/coffea/nanoevents/mapping/uproot.py:86: UserWarning: Found duplicate branch Electron_size in <TTree 'tree' (9277 branches) at 0x7f870c7c5790>, taking first instance
  warnings.warn(
/home/pku/zhaoyz/anaconda3/envs/lpr/lib/python3.9/site-packages/coffea/nanoevents/mapping/uproot.py:86: UserWarning: Found duplicate branch Muon_size in <TTree 'tree' (9277 branches) at 0x7f870c7c5790>, taking first instance
  warnings.warn(
/home/pku/zhaoyz/anaconda3/envs/lpr/lib/python3.9/site-packages/coffea/nanoevents/mapping/uproot.py:86: UserWarning: Found duplicate branch PuppiMissingET_size in <TTree 'tree' (9277 branches) at 0x7f870c7c5790>, taking first instance
  warnings.warn(
/home/pku/zhaoyz/anaconda3/envs/lpr/lib/python3.9/site-packages/coffea/nanoevents/mapping/uproot.py:86: UserWarning: Found duplicate branch MissingET_size in <TTree 'tree' (9277 branches) at 0x7f870c7c5790>, taking first instance
  warnings.warn(
Imported!
Loaded CustomDelphesSchema: <class 'custom.CustomDelphesSchema'>
dR_muon [None, 1.98, None, 0.568, 0.413, 3.34, ... None, None, 0.351, 1.79, None, 2.37]
dR_electron [3.42, None, 3.04, None, None, None, None, ... 2.68, 1.1, None, None, 0.00793, None]
mass [[72.2], [5.14], [73], [9.61, 77, 22.8, ... 64.9], [98.4], [77.5, 0.000511], [30.1]]
max_tagger [0.00113, 0.0156, 0.00163, 0.0269, 0.000944, ... 0.00127, 0.0143, 0.146, 0.0233]
max_tagger [0.00113, 0.00163, 0.016, 0.101, 0.0973, ... 0.00115, 0.0113, 0.0117, 0.0823, 0.0143]
Done transfer tree for /data/bond/zhaoyz/Pheno/ntuplizer/output_with_PUPPI/TTbar_semilep_part5_25M/ntuple_events_delphes_461.root
