/home/pku/zhaoyz/anaconda3/envs/lpr/lib/python3.9/site-packages/coffea/nanoevents/mapping/uproot.py:86: UserWarning: Found duplicate branch JetPUPPI_size in <TTree 'tree' (9543 branches) at 0x7feba1d67790>, taking first instance
  warnings.warn(
/home/pku/zhaoyz/anaconda3/envs/lpr/lib/python3.9/site-packages/coffea/nanoevents/mapping/uproot.py:86: UserWarning: Found duplicate branch Particle_size in <TTree 'tree' (9543 branches) at 0x7feba1d67790>, taking first instance
  warnings.warn(
/home/pku/zhaoyz/anaconda3/envs/lpr/lib/python3.9/site-packages/coffea/nanoevents/mapping/uproot.py:86: UserWarning: Found duplicate branch JetPUPPIAK8_size in <TTree 'tree' (9543 branches) at 0x7feba1d67790>, taking first instance
  warnings.warn(
/home/pku/zhaoyz/anaconda3/envs/lpr/lib/python3.9/site-packages/coffea/nanoevents/mapping/uproot.py:86: UserWarning: Found duplicate branch Electron_size in <TTree 'tree' (9543 branches) at 0x7feba1d67790>, taking first instance
  warnings.warn(
/home/pku/zhaoyz/anaconda3/envs/lpr/lib/python3.9/site-packages/coffea/nanoevents/mapping/uproot.py:86: UserWarning: Found duplicate branch Muon_size in <TTree 'tree' (9543 branches) at 0x7feba1d67790>, taking first instance
  warnings.warn(
/home/pku/zhaoyz/anaconda3/envs/lpr/lib/python3.9/site-packages/coffea/nanoevents/mapping/uproot.py:86: UserWarning: Found duplicate branch PuppiMissingET_size in <TTree 'tree' (9543 branches) at 0x7feba1d67790>, taking first instance
  warnings.warn(
/home/pku/zhaoyz/anaconda3/envs/lpr/lib/python3.9/site-packages/coffea/nanoevents/mapping/uproot.py:86: UserWarning: Found duplicate branch MissingET_size in <TTree 'tree' (9543 branches) at 0x7feba1d67790>, taking first instance
  warnings.warn(
Imported!
Loaded CustomDelphesSchema: <class 'custom.CustomDelphesSchema'>
dR_muon [None, 1.58, 1.2, 2.02, 0.409, 3.16, None, ... 3.53, None, 3.12, None, None, None]
dR_electron [2.39, 1.13, 2.61, None, None, None, 2.71, ... None, 2.9, None, 1.13, 3.11, 3.23]
mass [[25], [4.27], [12.6], [37.4], [93, 93.2], ... [102], [124], [69.2], [87.2], [42.1]]
max_tagger [0.0289, 0.0877, 0.0439, 0.000188, 0.00956, ... 0.426, 0.000384, 0.0118, 0.00278]
max_tagger [0.00319, 0.14, 0.00241, 0.00402, 0.0997, ... 0.0786, 0.412, 0.426, 0.000384, 0.0118]
Done transfer tree for /data/bond/zhaoyz/Pheno/ntuplizer/output_with_PUPPI/TTbar_semilep_part5_25M/ntuple_events_delphes_45.root
