/home/pku/zhaoyz/anaconda3/envs/lpr/lib/python3.9/site-packages/coffea/nanoevents/mapping/uproot.py:86: UserWarning: Found duplicate branch JetPUPPI_size in <TTree 'tree' (9935 branches) at 0x7fe56dacb790>, taking first instance
  warnings.warn(
/home/pku/zhaoyz/anaconda3/envs/lpr/lib/python3.9/site-packages/coffea/nanoevents/mapping/uproot.py:86: UserWarning: Found duplicate branch Particle_size in <TTree 'tree' (9935 branches) at 0x7fe56dacb790>, taking first instance
  warnings.warn(
/home/pku/zhaoyz/anaconda3/envs/lpr/lib/python3.9/site-packages/coffea/nanoevents/mapping/uproot.py:86: UserWarning: Found duplicate branch JetPUPPIAK8_size in <TTree 'tree' (9935 branches) at 0x7fe56dacb790>, taking first instance
  warnings.warn(
/home/pku/zhaoyz/anaconda3/envs/lpr/lib/python3.9/site-packages/coffea/nanoevents/mapping/uproot.py:86: UserWarning: Found duplicate branch Electron_size in <TTree 'tree' (9935 branches) at 0x7fe56dacb790>, taking first instance
  warnings.warn(
/home/pku/zhaoyz/anaconda3/envs/lpr/lib/python3.9/site-packages/coffea/nanoevents/mapping/uproot.py:86: UserWarning: Found duplicate branch Muon_size in <TTree 'tree' (9935 branches) at 0x7fe56dacb790>, taking first instance
  warnings.warn(
/home/pku/zhaoyz/anaconda3/envs/lpr/lib/python3.9/site-packages/coffea/nanoevents/mapping/uproot.py:86: UserWarning: Found duplicate branch PuppiMissingET_size in <TTree 'tree' (9935 branches) at 0x7fe56dacb790>, taking first instance
  warnings.warn(
/home/pku/zhaoyz/anaconda3/envs/lpr/lib/python3.9/site-packages/coffea/nanoevents/mapping/uproot.py:86: UserWarning: Found duplicate branch MissingET_size in <TTree 'tree' (9935 branches) at 0x7fe56dacb790>, taking first instance
  warnings.warn(
Imported!
Loaded CustomDelphesSchema: <class 'custom.CustomDelphesSchema'>
dR_muon [2.55, None, None, 2.77, None, None, None, ... None, None, 0.00215, 1.3, None, None]
dR_electron [None, 2.54, 3.46, None, 1, 1.92, 4.42, ... 0.262, 0.538, None, None, 4.09, 0.00521]
mass [[30], [7.87], [40.8], [4.88], ... 0.106, 82.9], [85.2], [2.02], [78.5, 0.000511]]
max_tagger [0.00253, 0.0244, 0.0643, 0.00622, 0.00115, ... 0.135, 0.153, 0.00157, 0.000157]
max_tagger [0.00115, 0.00166, 0.00531, 0.000186, 0.0284, ... 0.00552, 0.229, 0.000563, 0.153]
Done transfer tree for /data/bond/zhaoyz/Pheno/ntuplizer/output_with_PUPPI/TTbar_semilep_part5_25M/ntuple_events_delphes_469.root
