/home/pku/zhaoyz/anaconda3/envs/lpr/lib/python3.9/site-packages/coffea/nanoevents/mapping/uproot.py:86: UserWarning: Found duplicate branch JetPUPPI_size in <TTree 'tree' (9858 branches) at 0x7f589f04f790>, taking first instance
  warnings.warn(
/home/pku/zhaoyz/anaconda3/envs/lpr/lib/python3.9/site-packages/coffea/nanoevents/mapping/uproot.py:86: UserWarning: Found duplicate branch Particle_size in <TTree 'tree' (9858 branches) at 0x7f589f04f790>, taking first instance
  warnings.warn(
/home/pku/zhaoyz/anaconda3/envs/lpr/lib/python3.9/site-packages/coffea/nanoevents/mapping/uproot.py:86: UserWarning: Found duplicate branch JetPUPPIAK8_size in <TTree 'tree' (9858 branches) at 0x7f589f04f790>, taking first instance
  warnings.warn(
/home/pku/zhaoyz/anaconda3/envs/lpr/lib/python3.9/site-packages/coffea/nanoevents/mapping/uproot.py:86: UserWarning: Found duplicate branch Electron_size in <TTree 'tree' (9858 branches) at 0x7f589f04f790>, taking first instance
  warnings.warn(
/home/pku/zhaoyz/anaconda3/envs/lpr/lib/python3.9/site-packages/coffea/nanoevents/mapping/uproot.py:86: UserWarning: Found duplicate branch Muon_size in <TTree 'tree' (9858 branches) at 0x7f589f04f790>, taking first instance
  warnings.warn(
/home/pku/zhaoyz/anaconda3/envs/lpr/lib/python3.9/site-packages/coffea/nanoevents/mapping/uproot.py:86: UserWarning: Found duplicate branch PuppiMissingET_size in <TTree 'tree' (9858 branches) at 0x7f589f04f790>, taking first instance
  warnings.warn(
/home/pku/zhaoyz/anaconda3/envs/lpr/lib/python3.9/site-packages/coffea/nanoevents/mapping/uproot.py:86: UserWarning: Found duplicate branch MissingET_size in <TTree 'tree' (9858 branches) at 0x7f589f04f790>, taking first instance
  warnings.warn(
Imported!
Loaded CustomDelphesSchema: <class 'custom.CustomDelphesSchema'>
dR_muon [0, 2.89, 2.34, 3.22, 3.66, 1.12, 0.82, ... None, None, 1.86, None, 0.479, 0.0355]
dR_electron [None, None, None, None, None, None, None, ... 4.1, 4.06, None, 2.93, None, None]
mass [[87.5, 0.106], [60.3], [33.4], [38.3], ... 81.4, 54.4], [1.73], [125, 134], [0.106]]
max_tagger [0.00039, 0.0419, 0.000193, 0.0525, 0.000537, ... 0.046, 0.000213, 0.00141, 1.9e-05]
max_tagger [0.0419, 0.000537, 0.00376, 0.00615, 0.112, ... 0.0081, 0.586, 0.202, 0.212, 0.046]
Done transfer tree for /data/bond/zhaoyz/Pheno/ntuplizer/output_with_PUPPI/TTbar_semilep_part5_25M/ntuple_events_delphes_183.root
