/home/pku/zhaoyz/anaconda3/envs/lpr/lib/python3.9/site-packages/coffea/nanoevents/mapping/uproot.py:86: UserWarning: Found duplicate branch JetPUPPI_size in <TTree 'tree' (9382 branches) at 0x7f08ec6c5790>, taking first instance
  warnings.warn(
/home/pku/zhaoyz/anaconda3/envs/lpr/lib/python3.9/site-packages/coffea/nanoevents/mapping/uproot.py:86: UserWarning: Found duplicate branch Particle_size in <TTree 'tree' (9382 branches) at 0x7f08ec6c5790>, taking first instance
  warnings.warn(
/home/pku/zhaoyz/anaconda3/envs/lpr/lib/python3.9/site-packages/coffea/nanoevents/mapping/uproot.py:86: UserWarning: Found duplicate branch JetPUPPIAK8_size in <TTree 'tree' (9382 branches) at 0x7f08ec6c5790>, taking first instance
  warnings.warn(
/home/pku/zhaoyz/anaconda3/envs/lpr/lib/python3.9/site-packages/coffea/nanoevents/mapping/uproot.py:86: UserWarning: Found duplicate branch Electron_size in <TTree 'tree' (9382 branches) at 0x7f08ec6c5790>, taking first instance
  warnings.warn(
/home/pku/zhaoyz/anaconda3/envs/lpr/lib/python3.9/site-packages/coffea/nanoevents/mapping/uproot.py:86: UserWarning: Found duplicate branch Muon_size in <TTree 'tree' (9382 branches) at 0x7f08ec6c5790>, taking first instance
  warnings.warn(
/home/pku/zhaoyz/anaconda3/envs/lpr/lib/python3.9/site-packages/coffea/nanoevents/mapping/uproot.py:86: UserWarning: Found duplicate branch PuppiMissingET_size in <TTree 'tree' (9382 branches) at 0x7f08ec6c5790>, taking first instance
  warnings.warn(
/home/pku/zhaoyz/anaconda3/envs/lpr/lib/python3.9/site-packages/coffea/nanoevents/mapping/uproot.py:86: UserWarning: Found duplicate branch MissingET_size in <TTree 'tree' (9382 branches) at 0x7f08ec6c5790>, taking first instance
  warnings.warn(
Imported!
Loaded CustomDelphesSchema: <class 'custom.CustomDelphesSchema'>
dR_muon [2.07, 0.594, 2.77, 2.43, None, None, 0.938, ... None, 3.16, None, 0.389, None, 2.99]
dR_electron [None, None, None, None, 3.09, 0.144, None, ... 1.03, None, 2.77, None, 0.488, None]
mass [[118], [87], [80.9], [79], [90.3], ... [154], [70], [132], [93.2, 117], [111]]
max_tagger [0.000159, 0.00415, 0.418, 0.149, 0.00293, ... 0.0319, 4.97e-05, 0.0358, 0.00438]
max_tagger [0.000159, 0.418, 0.149, 0.00293, 0.00193, ... 0.00502, 0.000588, 0.0319, 0.00438]
Done transfer tree for /data/bond/zhaoyz/Pheno/ntuplizer/output_with_PUPPI/TTbar_semilep_part5_25M/ntuple_events_delphes_41.root
