/home/pku/zhaoyz/anaconda3/envs/lpr/lib/python3.9/site-packages/coffea/nanoevents/mapping/uproot.py:86: UserWarning: Found duplicate branch JetPUPPI_size in <TTree 'tree' (10019 branches) at 0x7f8bafd62790>, taking first instance
  warnings.warn(
/home/pku/zhaoyz/anaconda3/envs/lpr/lib/python3.9/site-packages/coffea/nanoevents/mapping/uproot.py:86: UserWarning: Found duplicate branch Particle_size in <TTree 'tree' (10019 branches) at 0x7f8bafd62790>, taking first instance
  warnings.warn(
/home/pku/zhaoyz/anaconda3/envs/lpr/lib/python3.9/site-packages/coffea/nanoevents/mapping/uproot.py:86: UserWarning: Found duplicate branch JetPUPPIAK8_size in <TTree 'tree' (10019 branches) at 0x7f8bafd62790>, taking first instance
  warnings.warn(
/home/pku/zhaoyz/anaconda3/envs/lpr/lib/python3.9/site-packages/coffea/nanoevents/mapping/uproot.py:86: UserWarning: Found duplicate branch Electron_size in <TTree 'tree' (10019 branches) at 0x7f8bafd62790>, taking first instance
  warnings.warn(
/home/pku/zhaoyz/anaconda3/envs/lpr/lib/python3.9/site-packages/coffea/nanoevents/mapping/uproot.py:86: UserWarning: Found duplicate branch Muon_size in <TTree 'tree' (10019 branches) at 0x7f8bafd62790>, taking first instance
  warnings.warn(
/home/pku/zhaoyz/anaconda3/envs/lpr/lib/python3.9/site-packages/coffea/nanoevents/mapping/uproot.py:86: UserWarning: Found duplicate branch PuppiMissingET_size in <TTree 'tree' (10019 branches) at 0x7f8bafd62790>, taking first instance
  warnings.warn(
/home/pku/zhaoyz/anaconda3/envs/lpr/lib/python3.9/site-packages/coffea/nanoevents/mapping/uproot.py:86: UserWarning: Found duplicate branch MissingET_size in <TTree 'tree' (10019 branches) at 0x7f8bafd62790>, taking first instance
  warnings.warn(
Imported!
Loaded CustomDelphesSchema: <class 'custom.CustomDelphesSchema'>
dR_muon [0.405, 3.67, 1.23, None, 2.34, None, 3.2, ... 2.92, None, None, 3.85, 3.39, 3.04]
dR_electron [None, None, None, 2.29, None, 2.25, None, ... None, 1.87, 2.65, None, None, None]
mass [[139, 73.7, 8.2], [78], [65.7], [67.5, 90.7, ... [13.3], [116], [84.3], [124]]
max_tagger [0.0406, 0.147, 0.0181, 0.0392, 0.00219, ... 6.24e-05, 0.0164, 0.0062, 0.286]
max_tagger [0.147, 0.0181, 0.0392, 0.000335, 0.212, ... 0.00717, 0.0164, 0.0062, 0.286]
Done transfer tree for /data/bond/zhaoyz/Pheno/ntuplizer/output_with_PUPPI/TTbar_semilep_part5_25M/ntuple_events_delphes_400.root
