/home/pku/zhaoyz/anaconda3/envs/lpr/lib/python3.9/site-packages/coffea/nanoevents/mapping/uproot.py:86: UserWarning: Found duplicate branch JetPUPPI_size in <TTree 'tree' (9277 branches) at 0x7f42a8ed4790>, taking first instance
  warnings.warn(
/home/pku/zhaoyz/anaconda3/envs/lpr/lib/python3.9/site-packages/coffea/nanoevents/mapping/uproot.py:86: UserWarning: Found duplicate branch Particle_size in <TTree 'tree' (9277 branches) at 0x7f42a8ed4790>, taking first instance
  warnings.warn(
/home/pku/zhaoyz/anaconda3/envs/lpr/lib/python3.9/site-packages/coffea/nanoevents/mapping/uproot.py:86: UserWarning: Found duplicate branch JetPUPPIAK8_size in <TTree 'tree' (9277 branches) at 0x7f42a8ed4790>, taking first instance
  warnings.warn(
/home/pku/zhaoyz/anaconda3/envs/lpr/lib/python3.9/site-packages/coffea/nanoevents/mapping/uproot.py:86: UserWarning: Found duplicate branch Electron_size in <TTree 'tree' (9277 branches) at 0x7f42a8ed4790>, taking first instance
  warnings.warn(
/home/pku/zhaoyz/anaconda3/envs/lpr/lib/python3.9/site-packages/coffea/nanoevents/mapping/uproot.py:86: UserWarning: Found duplicate branch Muon_size in <TTree 'tree' (9277 branches) at 0x7f42a8ed4790>, taking first instance
  warnings.warn(
/home/pku/zhaoyz/anaconda3/envs/lpr/lib/python3.9/site-packages/coffea/nanoevents/mapping/uproot.py:86: UserWarning: Found duplicate branch PuppiMissingET_size in <TTree 'tree' (9277 branches) at 0x7f42a8ed4790>, taking first instance
  warnings.warn(
/home/pku/zhaoyz/anaconda3/envs/lpr/lib/python3.9/site-packages/coffea/nanoevents/mapping/uproot.py:86: UserWarning: Found duplicate branch MissingET_size in <TTree 'tree' (9277 branches) at 0x7f42a8ed4790>, taking first instance
  warnings.warn(
Imported!
Loaded CustomDelphesSchema: <class 'custom.CustomDelphesSchema'>
dR_muon [2.92, None, 5.96e-08, 3.02, None, 3.03, 2.54, ... None, 1.51, None, None, 3.31, 2.5]
dR_electron [None, 0.0107, None, None, 3.05, None, None, ... 3.15, None, 0.377, 1.94, None, None]
mass [[63.3], [15.1, 0.000511], [76.7, 0.106], [63.1, ... [71.9], [1.07], [97.5], [68.8]]
max_tagger [0.00549, 0.0057, 0.071, 0.0437, 0.00703, ... 6.78e-06, 0.0604, 0.135, 0.0726]
max_tagger [0.00549, 0.0437, 0.00703, 0.000677, 0.00184, ... 0.0251, 0.000199, 0.135, 0.0726]
Done transfer tree for /data/bond/zhaoyz/Pheno/ntuplizer/output_with_PUPPI/TTbar_semilep_part5_25M/ntuple_events_delphes_0.root
