/home/pku/zhaoyz/anaconda3/envs/lpr/lib/python3.9/site-packages/coffea/nanoevents/mapping/uproot.py:86: UserWarning: Found duplicate branch JetPUPPI_size in <TTree 'tree' (9347 branches) at 0x7f7034e4f790>, taking first instance
  warnings.warn(
/home/pku/zhaoyz/anaconda3/envs/lpr/lib/python3.9/site-packages/coffea/nanoevents/mapping/uproot.py:86: UserWarning: Found duplicate branch Particle_size in <TTree 'tree' (9347 branches) at 0x7f7034e4f790>, taking first instance
  warnings.warn(
/home/pku/zhaoyz/anaconda3/envs/lpr/lib/python3.9/site-packages/coffea/nanoevents/mapping/uproot.py:86: UserWarning: Found duplicate branch JetPUPPIAK8_size in <TTree 'tree' (9347 branches) at 0x7f7034e4f790>, taking first instance
  warnings.warn(
/home/pku/zhaoyz/anaconda3/envs/lpr/lib/python3.9/site-packages/coffea/nanoevents/mapping/uproot.py:86: UserWarning: Found duplicate branch Electron_size in <TTree 'tree' (9347 branches) at 0x7f7034e4f790>, taking first instance
  warnings.warn(
/home/pku/zhaoyz/anaconda3/envs/lpr/lib/python3.9/site-packages/coffea/nanoevents/mapping/uproot.py:86: UserWarning: Found duplicate branch Muon_size in <TTree 'tree' (9347 branches) at 0x7f7034e4f790>, taking first instance
  warnings.warn(
/home/pku/zhaoyz/anaconda3/envs/lpr/lib/python3.9/site-packages/coffea/nanoevents/mapping/uproot.py:86: UserWarning: Found duplicate branch PuppiMissingET_size in <TTree 'tree' (9347 branches) at 0x7f7034e4f790>, taking first instance
  warnings.warn(
/home/pku/zhaoyz/anaconda3/envs/lpr/lib/python3.9/site-packages/coffea/nanoevents/mapping/uproot.py:86: UserWarning: Found duplicate branch MissingET_size in <TTree 'tree' (9347 branches) at 0x7f7034e4f790>, taking first instance
  warnings.warn(
Imported!
Loaded CustomDelphesSchema: <class 'custom.CustomDelphesSchema'>
dR_muon [0.481, 3.55, None, None, None, None, 0.141, ... 3.05, 0.319, None, 2.9, 2.86, None]
dR_electron [None, None, 0.503, 3.21, 0.14, 1.26, None, ... None, None, 0.0165, None, None, 2.52]
mass [[74.2], [3.33], [102, 13.8], [11.5], ... [0.000511, 11.7], [73.5], [116], [106]]
max_tagger [9.89e-05, 0.000119, 0.000301, 0.000375, 2.53e-05, ... 0.0289, 0.0966, 0.0188, 0.124]
max_tagger [0.556, 0.076, 0.055, 0.000774, 0.0083, ... 0.000115, 0.0966, 0.0188, 0.124]
Done transfer tree for /data/bond/zhaoyz/Pheno/ntuplizer/output_with_PUPPI/TTbar_semilep_part5_25M/ntuple_events_delphes_434.root
