/home/pku/zhaoyz/anaconda3/envs/lpr/lib/python3.9/site-packages/coffea/nanoevents/mapping/uproot.py:86: UserWarning: Found duplicate branch JetPUPPI_size in <TTree 'tree' (9207 branches) at 0x7fe2ece48790>, taking first instance
  warnings.warn(
/home/pku/zhaoyz/anaconda3/envs/lpr/lib/python3.9/site-packages/coffea/nanoevents/mapping/uproot.py:86: UserWarning: Found duplicate branch Particle_size in <TTree 'tree' (9207 branches) at 0x7fe2ece48790>, taking first instance
  warnings.warn(
/home/pku/zhaoyz/anaconda3/envs/lpr/lib/python3.9/site-packages/coffea/nanoevents/mapping/uproot.py:86: UserWarning: Found duplicate branch JetPUPPIAK8_size in <TTree 'tree' (9207 branches) at 0x7fe2ece48790>, taking first instance
  warnings.warn(
/home/pku/zhaoyz/anaconda3/envs/lpr/lib/python3.9/site-packages/coffea/nanoevents/mapping/uproot.py:86: UserWarning: Found duplicate branch Electron_size in <TTree 'tree' (9207 branches) at 0x7fe2ece48790>, taking first instance
  warnings.warn(
/home/pku/zhaoyz/anaconda3/envs/lpr/lib/python3.9/site-packages/coffea/nanoevents/mapping/uproot.py:86: UserWarning: Found duplicate branch Muon_size in <TTree 'tree' (9207 branches) at 0x7fe2ece48790>, taking first instance
  warnings.warn(
/home/pku/zhaoyz/anaconda3/envs/lpr/lib/python3.9/site-packages/coffea/nanoevents/mapping/uproot.py:86: UserWarning: Found duplicate branch PuppiMissingET_size in <TTree 'tree' (9207 branches) at 0x7fe2ece48790>, taking first instance
  warnings.warn(
/home/pku/zhaoyz/anaconda3/envs/lpr/lib/python3.9/site-packages/coffea/nanoevents/mapping/uproot.py:86: UserWarning: Found duplicate branch MissingET_size in <TTree 'tree' (9207 branches) at 0x7fe2ece48790>, taking first instance
  warnings.warn(
Imported!
Loaded CustomDelphesSchema: <class 'custom.CustomDelphesSchema'>
dR_muon [0.338, 1.61, 2.19, 2.65, 2.16, None, 0.0511, ... None, None, 2.77, None, None, 3.05]
dR_electron [None, None, None, None, None, 3.19, 2.06, ... 3.06, 0, 3.94, None, 2.82, 2.61, None]
mass [[88.2, 89.8], [1.12, 73.4], [9.24, 16.1], ... [155], [6.6], [54.1], [3.77]]
max_tagger [0.00202, 0.000849, 0.04, 0.000851, ... 0.00382, 0.000154, 0.000169, 0.000156]
max_tagger [0.000849, 0.00197, 0.0244, 0.126, 0.00102, ... 0.004, 0.000171, 0.00382, 0.000169]
Done transfer tree for /data/bond/zhaoyz/Pheno/ntuplizer/output_with_PUPPI/TTbar_semilep_part5_25M/ntuple_events_delphes_194.root
