/home/pku/zhaoyz/anaconda3/envs/lpr/lib/python3.9/site-packages/coffea/nanoevents/mapping/uproot.py:86: UserWarning: Found duplicate branch JetPUPPI_size in <TTree 'tree' (9718 branches) at 0x7f0dd7eff790>, taking first instance
  warnings.warn(
/home/pku/zhaoyz/anaconda3/envs/lpr/lib/python3.9/site-packages/coffea/nanoevents/mapping/uproot.py:86: UserWarning: Found duplicate branch Particle_size in <TTree 'tree' (9718 branches) at 0x7f0dd7eff790>, taking first instance
  warnings.warn(
/home/pku/zhaoyz/anaconda3/envs/lpr/lib/python3.9/site-packages/coffea/nanoevents/mapping/uproot.py:86: UserWarning: Found duplicate branch JetPUPPIAK8_size in <TTree 'tree' (9718 branches) at 0x7f0dd7eff790>, taking first instance
  warnings.warn(
/home/pku/zhaoyz/anaconda3/envs/lpr/lib/python3.9/site-packages/coffea/nanoevents/mapping/uproot.py:86: UserWarning: Found duplicate branch Electron_size in <TTree 'tree' (9718 branches) at 0x7f0dd7eff790>, taking first instance
  warnings.warn(
/home/pku/zhaoyz/anaconda3/envs/lpr/lib/python3.9/site-packages/coffea/nanoevents/mapping/uproot.py:86: UserWarning: Found duplicate branch Muon_size in <TTree 'tree' (9718 branches) at 0x7f0dd7eff790>, taking first instance
  warnings.warn(
/home/pku/zhaoyz/anaconda3/envs/lpr/lib/python3.9/site-packages/coffea/nanoevents/mapping/uproot.py:86: UserWarning: Found duplicate branch PuppiMissingET_size in <TTree 'tree' (9718 branches) at 0x7f0dd7eff790>, taking first instance
  warnings.warn(
/home/pku/zhaoyz/anaconda3/envs/lpr/lib/python3.9/site-packages/coffea/nanoevents/mapping/uproot.py:86: UserWarning: Found duplicate branch MissingET_size in <TTree 'tree' (9718 branches) at 0x7f0dd7eff790>, taking first instance
  warnings.warn(
Imported!
Loaded CustomDelphesSchema: <class 'custom.CustomDelphesSchema'>
dR_muon [None, 3.03, 0.232, None, None, None, 1.96, ... None, None, 0.0706, None, 2.6, None]
dR_electron [1.77, None, None, 3.31, 1.87, 0.431, None, ... 2.18, 0.416, None, 2.62, None, 2.91]
mass [[5.41], [21.7], [122, 8.51], [54.9], ... [170, 0.106], [7.09], [2.26], [64.1]]
max_tagger [0.000119, 0.0549, 0.000457, 0.0672, 9.34e-05, ... 0.384, 0.000604, 0.00286, 0.218]
max_tagger [0.0672, 9.34e-05, 0.00836, 0.00447, 0.0212, ... 0.28, 0.00139, 0.000752, 0.218]
Done transfer tree for /data/bond/zhaoyz/Pheno/ntuplizer/output_with_PUPPI/TTbar_semilep_part4_20M/ntuple_events_delphes_32.root
