/home/pku/zhaoyz/anaconda3/envs/lpr/lib/python3.9/site-packages/coffea/nanoevents/mapping/uproot.py:86: UserWarning: Found duplicate branch JetPUPPI_size in <TTree 'tree' (9452 branches) at 0x7f2b06078790>, taking first instance
  warnings.warn(
/home/pku/zhaoyz/anaconda3/envs/lpr/lib/python3.9/site-packages/coffea/nanoevents/mapping/uproot.py:86: UserWarning: Found duplicate branch Particle_size in <TTree 'tree' (9452 branches) at 0x7f2b06078790>, taking first instance
  warnings.warn(
/home/pku/zhaoyz/anaconda3/envs/lpr/lib/python3.9/site-packages/coffea/nanoevents/mapping/uproot.py:86: UserWarning: Found duplicate branch JetPUPPIAK8_size in <TTree 'tree' (9452 branches) at 0x7f2b06078790>, taking first instance
  warnings.warn(
/home/pku/zhaoyz/anaconda3/envs/lpr/lib/python3.9/site-packages/coffea/nanoevents/mapping/uproot.py:86: UserWarning: Found duplicate branch Electron_size in <TTree 'tree' (9452 branches) at 0x7f2b06078790>, taking first instance
  warnings.warn(
/home/pku/zhaoyz/anaconda3/envs/lpr/lib/python3.9/site-packages/coffea/nanoevents/mapping/uproot.py:86: UserWarning: Found duplicate branch Muon_size in <TTree 'tree' (9452 branches) at 0x7f2b06078790>, taking first instance
  warnings.warn(
/home/pku/zhaoyz/anaconda3/envs/lpr/lib/python3.9/site-packages/coffea/nanoevents/mapping/uproot.py:86: UserWarning: Found duplicate branch PuppiMissingET_size in <TTree 'tree' (9452 branches) at 0x7f2b06078790>, taking first instance
  warnings.warn(
/home/pku/zhaoyz/anaconda3/envs/lpr/lib/python3.9/site-packages/coffea/nanoevents/mapping/uproot.py:86: UserWarning: Found duplicate branch MissingET_size in <TTree 'tree' (9452 branches) at 0x7f2b06078790>, taking first instance
  warnings.warn(
Imported!
Loaded CustomDelphesSchema: <class 'custom.CustomDelphesSchema'>
dR_muon [None, 1.98, 1.81, None, 1.64, None, None, ... 2.2, 2.95, 2.83, 1.48, 3.27, 1.87]
dR_electron [1.53, None, None, 1.62, None, 1.93, 0.96, ... None, None, None, None, None, None]
mass [[11.1, 111], [92.5], [111], [10.1], ... [95.1], [9.27, 10.4], [7.72], [214, 168]]
max_tagger [0.0116, 6.44e-05, 0.0654, 8.06e-05, 0.0121, ... 7.68e-06, 0.0101, 0.0561, 0.0419]
max_tagger [0.0116, 6.44e-05, 0.0654, 0.0121, 0.000765, ... 0.428, 0.000339, 7.68e-06, 0.0419]
Done transfer tree for /data/bond/zhaoyz/Pheno/ntuplizer/output_with_PUPPI/TTbar_semilep_part5_25M/ntuple_events_delphes_176.root
