/home/pku/zhaoyz/anaconda3/envs/lpr/lib/python3.9/site-packages/coffea/nanoevents/mapping/uproot.py:86: UserWarning: Found duplicate branch JetPUPPI_size in <TTree 'tree' (9305 branches) at 0x7f8112eda790>, taking first instance
  warnings.warn(
/home/pku/zhaoyz/anaconda3/envs/lpr/lib/python3.9/site-packages/coffea/nanoevents/mapping/uproot.py:86: UserWarning: Found duplicate branch Particle_size in <TTree 'tree' (9305 branches) at 0x7f8112eda790>, taking first instance
  warnings.warn(
/home/pku/zhaoyz/anaconda3/envs/lpr/lib/python3.9/site-packages/coffea/nanoevents/mapping/uproot.py:86: UserWarning: Found duplicate branch JetPUPPIAK8_size in <TTree 'tree' (9305 branches) at 0x7f8112eda790>, taking first instance
  warnings.warn(
/home/pku/zhaoyz/anaconda3/envs/lpr/lib/python3.9/site-packages/coffea/nanoevents/mapping/uproot.py:86: UserWarning: Found duplicate branch Electron_size in <TTree 'tree' (9305 branches) at 0x7f8112eda790>, taking first instance
  warnings.warn(
/home/pku/zhaoyz/anaconda3/envs/lpr/lib/python3.9/site-packages/coffea/nanoevents/mapping/uproot.py:86: UserWarning: Found duplicate branch Muon_size in <TTree 'tree' (9305 branches) at 0x7f8112eda790>, taking first instance
  warnings.warn(
/home/pku/zhaoyz/anaconda3/envs/lpr/lib/python3.9/site-packages/coffea/nanoevents/mapping/uproot.py:86: UserWarning: Found duplicate branch PuppiMissingET_size in <TTree 'tree' (9305 branches) at 0x7f8112eda790>, taking first instance
  warnings.warn(
/home/pku/zhaoyz/anaconda3/envs/lpr/lib/python3.9/site-packages/coffea/nanoevents/mapping/uproot.py:86: UserWarning: Found duplicate branch MissingET_size in <TTree 'tree' (9305 branches) at 0x7f8112eda790>, taking first instance
  warnings.warn(
Imported!
Loaded CustomDelphesSchema: <class 'custom.CustomDelphesSchema'>
dR_muon [0.378, None, 1.19, 2.95, 3.12, None, 2.95, ... 3.77, 0.909, 0.622, None, 3.16, 1.88]
dR_electron [None, 0.236, None, None, None, 3.38, None, ... None, None, None, 1.19, None, None]
mass [[4.72, 75.1], [86], [5.71, 105], [31.9, ... 157, 126], [81.9], [83.5], [23.4, 15.7]]
max_tagger [0.0647, 5.02e-05, 0.00502, 0.000276, 0.0861, ... 0.000108, 0.0111, 0.0442, 0.00345]
max_tagger [0.00502, 0.00434, 0.000161, 0.0293, 0.000371, ... 0.0133, 0.00712, 0.0111, 0.0442]
Done transfer tree for /data/bond/zhaoyz/Pheno/ntuplizer/output_with_PUPPI/TTbar_semilep_part5_25M/ntuple_events_delphes_90.root
