/home/pku/zhaoyz/anaconda3/envs/lpr/lib/python3.9/site-packages/coffea/nanoevents/mapping/uproot.py:86: UserWarning: Found duplicate branch JetPUPPI_size in <TTree 'tree' (9697 branches) at 0x7fcea4e27790>, taking first instance
  warnings.warn(
/home/pku/zhaoyz/anaconda3/envs/lpr/lib/python3.9/site-packages/coffea/nanoevents/mapping/uproot.py:86: UserWarning: Found duplicate branch Particle_size in <TTree 'tree' (9697 branches) at 0x7fcea4e27790>, taking first instance
  warnings.warn(
/home/pku/zhaoyz/anaconda3/envs/lpr/lib/python3.9/site-packages/coffea/nanoevents/mapping/uproot.py:86: UserWarning: Found duplicate branch JetPUPPIAK8_size in <TTree 'tree' (9697 branches) at 0x7fcea4e27790>, taking first instance
  warnings.warn(
/home/pku/zhaoyz/anaconda3/envs/lpr/lib/python3.9/site-packages/coffea/nanoevents/mapping/uproot.py:86: UserWarning: Found duplicate branch Electron_size in <TTree 'tree' (9697 branches) at 0x7fcea4e27790>, taking first instance
  warnings.warn(
/home/pku/zhaoyz/anaconda3/envs/lpr/lib/python3.9/site-packages/coffea/nanoevents/mapping/uproot.py:86: UserWarning: Found duplicate branch Muon_size in <TTree 'tree' (9697 branches) at 0x7fcea4e27790>, taking first instance
  warnings.warn(
/home/pku/zhaoyz/anaconda3/envs/lpr/lib/python3.9/site-packages/coffea/nanoevents/mapping/uproot.py:86: UserWarning: Found duplicate branch PuppiMissingET_size in <TTree 'tree' (9697 branches) at 0x7fcea4e27790>, taking first instance
  warnings.warn(
/home/pku/zhaoyz/anaconda3/envs/lpr/lib/python3.9/site-packages/coffea/nanoevents/mapping/uproot.py:86: UserWarning: Found duplicate branch MissingET_size in <TTree 'tree' (9697 branches) at 0x7fcea4e27790>, taking first instance
  warnings.warn(
Imported!
Loaded CustomDelphesSchema: <class 'custom.CustomDelphesSchema'>
dR_muon [1.3, 3.15, 0.215, 1.17, None, None, None, ... 3.34, 0.835, 0.991, 2.79, 0.445, 2.52]
dR_electron [None, None, None, None, 2.96, 0.277, 0.124, ... None, None, None, None, None, None]
mass [[1.04, 12.5], [154], [85.4, 109], [73.6], ... 18.3, 129], [88.8], [116, 6.52], [34]]
max_tagger [0.0527, 0.011, 8.22e-05, 0.0141, 0.0869, ... 0.0155, 0.00346, 0.00422, 0.0163]
max_tagger [0.011, 0.0141, 0.0869, 0.0317, 0.0018, ... 0.00095, 0.13, 0.0752, 0.000272, 0.00346]
Done transfer tree for /data/bond/zhaoyz/Pheno/ntuplizer/output_with_PUPPI/TTbar_semilep_part5_25M/ntuple_events_delphes_85.root
