/home/pku/zhaoyz/anaconda3/envs/lpr/lib/python3.9/site-packages/coffea/nanoevents/mapping/uproot.py:86: UserWarning: Found duplicate branch JetPUPPI_size in <TTree 'tree' (9921 branches) at 0x7f79ea506790>, taking first instance
  warnings.warn(
/home/pku/zhaoyz/anaconda3/envs/lpr/lib/python3.9/site-packages/coffea/nanoevents/mapping/uproot.py:86: UserWarning: Found duplicate branch Particle_size in <TTree 'tree' (9921 branches) at 0x7f79ea506790>, taking first instance
  warnings.warn(
/home/pku/zhaoyz/anaconda3/envs/lpr/lib/python3.9/site-packages/coffea/nanoevents/mapping/uproot.py:86: UserWarning: Found duplicate branch JetPUPPIAK8_size in <TTree 'tree' (9921 branches) at 0x7f79ea506790>, taking first instance
  warnings.warn(
/home/pku/zhaoyz/anaconda3/envs/lpr/lib/python3.9/site-packages/coffea/nanoevents/mapping/uproot.py:86: UserWarning: Found duplicate branch Electron_size in <TTree 'tree' (9921 branches) at 0x7f79ea506790>, taking first instance
  warnings.warn(
/home/pku/zhaoyz/anaconda3/envs/lpr/lib/python3.9/site-packages/coffea/nanoevents/mapping/uproot.py:86: UserWarning: Found duplicate branch Muon_size in <TTree 'tree' (9921 branches) at 0x7f79ea506790>, taking first instance
  warnings.warn(
/home/pku/zhaoyz/anaconda3/envs/lpr/lib/python3.9/site-packages/coffea/nanoevents/mapping/uproot.py:86: UserWarning: Found duplicate branch PuppiMissingET_size in <TTree 'tree' (9921 branches) at 0x7f79ea506790>, taking first instance
  warnings.warn(
/home/pku/zhaoyz/anaconda3/envs/lpr/lib/python3.9/site-packages/coffea/nanoevents/mapping/uproot.py:86: UserWarning: Found duplicate branch MissingET_size in <TTree 'tree' (9921 branches) at 0x7f79ea506790>, taking first instance
  warnings.warn(
Imported!
Loaded CustomDelphesSchema: <class 'custom.CustomDelphesSchema'>
dR_muon [0.0146, None, 3.03, 2.89, None, 0.478, 2.4, ... None, None, None, None, None, None]
dR_electron [None, 1.88, None, None, 0.194, None, None, ... 2.05, 3.73, 1.07, 2.05, 0.934, 2.77]
mass [[0.106], [68.5, 113], [1.21], [19.2], ... 27.2, 78.4], [74], [84.6, 3.94], [4.59]]
max_tagger [3.3e-05, 0.0144, 0.000155, 0.000164, 0.00508, ... 0.0669, 0.0073, 0.148, 0.0122]
max_tagger [0.0144, 0.0584, 0.00465, 0.00787, 0.0296, ... 0.447, 4.77e-05, 0.0669, 0.0073]
Done transfer tree for /data/bond/zhaoyz/Pheno/ntuplizer/output_with_PUPPI/TTbar_semilep_part4_20M/ntuple_events_delphes_24.root
