/home/pku/zhaoyz/anaconda3/envs/lpr/lib/python3.9/site-packages/coffea/nanoevents/mapping/uproot.py:86: UserWarning: Found duplicate branch JetPUPPI_size in <TTree 'tree' (9900 branches) at 0x7f97edf2e790>, taking first instance
  warnings.warn(
/home/pku/zhaoyz/anaconda3/envs/lpr/lib/python3.9/site-packages/coffea/nanoevents/mapping/uproot.py:86: UserWarning: Found duplicate branch Particle_size in <TTree 'tree' (9900 branches) at 0x7f97edf2e790>, taking first instance
  warnings.warn(
/home/pku/zhaoyz/anaconda3/envs/lpr/lib/python3.9/site-packages/coffea/nanoevents/mapping/uproot.py:86: UserWarning: Found duplicate branch JetPUPPIAK8_size in <TTree 'tree' (9900 branches) at 0x7f97edf2e790>, taking first instance
  warnings.warn(
/home/pku/zhaoyz/anaconda3/envs/lpr/lib/python3.9/site-packages/coffea/nanoevents/mapping/uproot.py:86: UserWarning: Found duplicate branch Electron_size in <TTree 'tree' (9900 branches) at 0x7f97edf2e790>, taking first instance
  warnings.warn(
/home/pku/zhaoyz/anaconda3/envs/lpr/lib/python3.9/site-packages/coffea/nanoevents/mapping/uproot.py:86: UserWarning: Found duplicate branch Muon_size in <TTree 'tree' (9900 branches) at 0x7f97edf2e790>, taking first instance
  warnings.warn(
/home/pku/zhaoyz/anaconda3/envs/lpr/lib/python3.9/site-packages/coffea/nanoevents/mapping/uproot.py:86: UserWarning: Found duplicate branch PuppiMissingET_size in <TTree 'tree' (9900 branches) at 0x7f97edf2e790>, taking first instance
  warnings.warn(
/home/pku/zhaoyz/anaconda3/envs/lpr/lib/python3.9/site-packages/coffea/nanoevents/mapping/uproot.py:86: UserWarning: Found duplicate branch MissingET_size in <TTree 'tree' (9900 branches) at 0x7f97edf2e790>, taking first instance
  warnings.warn(
Imported!
Loaded CustomDelphesSchema: <class 'custom.CustomDelphesSchema'>
dR_muon [3.4, 1.68, 1.49, 3.18, None, 0.347, 1.08, ... None, 1.23, None, 1.59, 0.29, 0.175]
dR_electron [None, None, None, None, 1.52, None, None, ... 0.471, None, 3.05, None, None, None]
mass [[3.27], [105], [88.8], [89.1], [84.3], ... [77.8], [6.53], [163, 129], [67.1, 131]]
max_tagger [0.000977, 0.00559, 9.31e-05, 0.000136, 0.69, ... 0.0364, 0.00051, 0.017, 0.000806]
max_tagger [0.00559, 9.31e-05, 0.000136, 0.69, 0.0996, ... 1.82e-05, 0.0243, 0.000438, 0.0364]
Done transfer tree for /data/bond/zhaoyz/Pheno/ntuplizer/output_with_PUPPI/TTbar_semilep_part5_25M/ntuple_events_delphes_58.root
