/home/pku/zhaoyz/anaconda3/envs/lpr/lib/python3.9/site-packages/coffea/nanoevents/mapping/uproot.py:86: UserWarning: Found duplicate branch JetPUPPI_size in <TTree 'tree' (9382 branches) at 0x7f5ccf5d9790>, taking first instance
  warnings.warn(
/home/pku/zhaoyz/anaconda3/envs/lpr/lib/python3.9/site-packages/coffea/nanoevents/mapping/uproot.py:86: UserWarning: Found duplicate branch Particle_size in <TTree 'tree' (9382 branches) at 0x7f5ccf5d9790>, taking first instance
  warnings.warn(
/home/pku/zhaoyz/anaconda3/envs/lpr/lib/python3.9/site-packages/coffea/nanoevents/mapping/uproot.py:86: UserWarning: Found duplicate branch JetPUPPIAK8_size in <TTree 'tree' (9382 branches) at 0x7f5ccf5d9790>, taking first instance
  warnings.warn(
/home/pku/zhaoyz/anaconda3/envs/lpr/lib/python3.9/site-packages/coffea/nanoevents/mapping/uproot.py:86: UserWarning: Found duplicate branch Electron_size in <TTree 'tree' (9382 branches) at 0x7f5ccf5d9790>, taking first instance
  warnings.warn(
/home/pku/zhaoyz/anaconda3/envs/lpr/lib/python3.9/site-packages/coffea/nanoevents/mapping/uproot.py:86: UserWarning: Found duplicate branch Muon_size in <TTree 'tree' (9382 branches) at 0x7f5ccf5d9790>, taking first instance
  warnings.warn(
/home/pku/zhaoyz/anaconda3/envs/lpr/lib/python3.9/site-packages/coffea/nanoevents/mapping/uproot.py:86: UserWarning: Found duplicate branch PuppiMissingET_size in <TTree 'tree' (9382 branches) at 0x7f5ccf5d9790>, taking first instance
  warnings.warn(
/home/pku/zhaoyz/anaconda3/envs/lpr/lib/python3.9/site-packages/coffea/nanoevents/mapping/uproot.py:86: UserWarning: Found duplicate branch MissingET_size in <TTree 'tree' (9382 branches) at 0x7f5ccf5d9790>, taking first instance
  warnings.warn(
Imported!
Loaded CustomDelphesSchema: <class 'custom.CustomDelphesSchema'>
dR_muon [2.83, 0.444, None, None, 3.41, 2.18, None, ... 1.08, 3.48, None, None, 2.86, 2.23]
dR_electron [None, None, 0.343, 1.71, None, None, 0.0018, ... None, None, 3.78, 1.38, None, None]
mass [[86.5], [120], [154, 86.9], [73.6, 97.6], ... 82.8], [6.35], [48.8], [87.6], [81]]
max_tagger [0.00125, 0.000133, 0.0135, 0.0219, 0.000641, ... 0.00281, 0.00828, 0.0838, 0.000111]
max_tagger [0.00125, 0.0219, 0.000641, 8.32e-05, 0.00186, ... 0.138, 0.023, 0.0838, 0.000111]
Done transfer tree for /data/bond/zhaoyz/Pheno/ntuplizer/output_with_PUPPI/TTbar_semilep_part5_25M/ntuple_events_delphes_378.root
