/home/pku/zhaoyz/anaconda3/envs/lpr/lib/python3.9/site-packages/coffea/nanoevents/mapping/uproot.py:86: UserWarning: Found duplicate branch JetPUPPI_size in <TTree 'tree' (9858 branches) at 0x7fcf5651b790>, taking first instance
  warnings.warn(
/home/pku/zhaoyz/anaconda3/envs/lpr/lib/python3.9/site-packages/coffea/nanoevents/mapping/uproot.py:86: UserWarning: Found duplicate branch Particle_size in <TTree 'tree' (9858 branches) at 0x7fcf5651b790>, taking first instance
  warnings.warn(
/home/pku/zhaoyz/anaconda3/envs/lpr/lib/python3.9/site-packages/coffea/nanoevents/mapping/uproot.py:86: UserWarning: Found duplicate branch JetPUPPIAK8_size in <TTree 'tree' (9858 branches) at 0x7fcf5651b790>, taking first instance
  warnings.warn(
/home/pku/zhaoyz/anaconda3/envs/lpr/lib/python3.9/site-packages/coffea/nanoevents/mapping/uproot.py:86: UserWarning: Found duplicate branch Electron_size in <TTree 'tree' (9858 branches) at 0x7fcf5651b790>, taking first instance
  warnings.warn(
/home/pku/zhaoyz/anaconda3/envs/lpr/lib/python3.9/site-packages/coffea/nanoevents/mapping/uproot.py:86: UserWarning: Found duplicate branch Muon_size in <TTree 'tree' (9858 branches) at 0x7fcf5651b790>, taking first instance
  warnings.warn(
/home/pku/zhaoyz/anaconda3/envs/lpr/lib/python3.9/site-packages/coffea/nanoevents/mapping/uproot.py:86: UserWarning: Found duplicate branch PuppiMissingET_size in <TTree 'tree' (9858 branches) at 0x7fcf5651b790>, taking first instance
  warnings.warn(
/home/pku/zhaoyz/anaconda3/envs/lpr/lib/python3.9/site-packages/coffea/nanoevents/mapping/uproot.py:86: UserWarning: Found duplicate branch MissingET_size in <TTree 'tree' (9858 branches) at 0x7fcf5651b790>, taking first instance
  warnings.warn(
Imported!
Loaded CustomDelphesSchema: <class 'custom.CustomDelphesSchema'>
dR_muon [1.02, 3.12, 2.55, 2.34, 2.62, None, None, ... 3.96, 4.54, None, 2.65, 0.00375, 4.11]
dR_electron [None, None, None, None, None, 1.29, 2.3, ... None, None, 1.08, None, None, None]
mass [[141, 90.5], [75.4], [69.8], [30.8], ... [279, 11.7], [20.3], [0.106], [7.01]]
max_tagger [0.0092, 0.0518, 0.0215, 0.000138, 0.0429, ... 0.001, 0.000287, 2.08e-05, 0.0103]
max_tagger [0.0092, 0.0518, 0.0215, 0.0429, 0.0194, ... 1.83e-05, 0.0534, 0.0673, 0.0117, 0.001]
Done transfer tree for /data/bond/zhaoyz/Pheno/ntuplizer/output_with_PUPPI/TTbar_semilep_part5_25M/ntuple_events_delphes_226.root
