/home/pku/zhaoyz/anaconda3/envs/lpr/lib/python3.9/site-packages/coffea/nanoevents/mapping/uproot.py:86: UserWarning: Found duplicate branch JetPUPPI_size in <TTree 'tree' (9480 branches) at 0x7f50b3a3f790>, taking first instance
  warnings.warn(
/home/pku/zhaoyz/anaconda3/envs/lpr/lib/python3.9/site-packages/coffea/nanoevents/mapping/uproot.py:86: UserWarning: Found duplicate branch Particle_size in <TTree 'tree' (9480 branches) at 0x7f50b3a3f790>, taking first instance
  warnings.warn(
/home/pku/zhaoyz/anaconda3/envs/lpr/lib/python3.9/site-packages/coffea/nanoevents/mapping/uproot.py:86: UserWarning: Found duplicate branch JetPUPPIAK8_size in <TTree 'tree' (9480 branches) at 0x7f50b3a3f790>, taking first instance
  warnings.warn(
/home/pku/zhaoyz/anaconda3/envs/lpr/lib/python3.9/site-packages/coffea/nanoevents/mapping/uproot.py:86: UserWarning: Found duplicate branch Electron_size in <TTree 'tree' (9480 branches) at 0x7f50b3a3f790>, taking first instance
  warnings.warn(
/home/pku/zhaoyz/anaconda3/envs/lpr/lib/python3.9/site-packages/coffea/nanoevents/mapping/uproot.py:86: UserWarning: Found duplicate branch Muon_size in <TTree 'tree' (9480 branches) at 0x7f50b3a3f790>, taking first instance
  warnings.warn(
/home/pku/zhaoyz/anaconda3/envs/lpr/lib/python3.9/site-packages/coffea/nanoevents/mapping/uproot.py:86: UserWarning: Found duplicate branch PuppiMissingET_size in <TTree 'tree' (9480 branches) at 0x7f50b3a3f790>, taking first instance
  warnings.warn(
/home/pku/zhaoyz/anaconda3/envs/lpr/lib/python3.9/site-packages/coffea/nanoevents/mapping/uproot.py:86: UserWarning: Found duplicate branch MissingET_size in <TTree 'tree' (9480 branches) at 0x7f50b3a3f790>, taking first instance
  warnings.warn(
Imported!
Loaded CustomDelphesSchema: <class 'custom.CustomDelphesSchema'>
dR_muon [0.347, None, None, 1.8, 2.9, 2.82, None, ... 0.142, 3.14, 1.3, 2.55, 2.56, 0.264]
dR_electron [None, 2.65, 2.48, None, None, None, 1.1, ... None, None, None, None, None, None]
mass [[172, 100], [98.8], [134, 15.5], [111], ... 88.8], [135], [36.7], [80.4], [90.1]]
max_tagger [0.0064, 0.186, 0.0177, 0.00343, 0.000131, ... 0.01, 0.000563, 0.524, 9.65e-05]
max_tagger [0.186, 0.0177, 0.00343, 0.000131, 0.121, ... 0.0915, 0.00933, 4.51e-05, 0.01, 0.524]
Done transfer tree for /data/bond/zhaoyz/Pheno/ntuplizer/output_with_PUPPI/TTbar_semilep_part5_25M/ntuple_events_delphes_227.root
