/home/pku/zhaoyz/anaconda3/envs/lpr/lib/python3.9/site-packages/coffea/nanoevents/mapping/uproot.py:86: UserWarning: Found duplicate branch JetPUPPI_size in <TTree 'tree' (9494 branches) at 0x7f7d59fe6790>, taking first instance
  warnings.warn(
/home/pku/zhaoyz/anaconda3/envs/lpr/lib/python3.9/site-packages/coffea/nanoevents/mapping/uproot.py:86: UserWarning: Found duplicate branch Particle_size in <TTree 'tree' (9494 branches) at 0x7f7d59fe6790>, taking first instance
  warnings.warn(
/home/pku/zhaoyz/anaconda3/envs/lpr/lib/python3.9/site-packages/coffea/nanoevents/mapping/uproot.py:86: UserWarning: Found duplicate branch JetPUPPIAK8_size in <TTree 'tree' (9494 branches) at 0x7f7d59fe6790>, taking first instance
  warnings.warn(
/home/pku/zhaoyz/anaconda3/envs/lpr/lib/python3.9/site-packages/coffea/nanoevents/mapping/uproot.py:86: UserWarning: Found duplicate branch Electron_size in <TTree 'tree' (9494 branches) at 0x7f7d59fe6790>, taking first instance
  warnings.warn(
/home/pku/zhaoyz/anaconda3/envs/lpr/lib/python3.9/site-packages/coffea/nanoevents/mapping/uproot.py:86: UserWarning: Found duplicate branch Muon_size in <TTree 'tree' (9494 branches) at 0x7f7d59fe6790>, taking first instance
  warnings.warn(
/home/pku/zhaoyz/anaconda3/envs/lpr/lib/python3.9/site-packages/coffea/nanoevents/mapping/uproot.py:86: UserWarning: Found duplicate branch PuppiMissingET_size in <TTree 'tree' (9494 branches) at 0x7f7d59fe6790>, taking first instance
  warnings.warn(
/home/pku/zhaoyz/anaconda3/envs/lpr/lib/python3.9/site-packages/coffea/nanoevents/mapping/uproot.py:86: UserWarning: Found duplicate branch MissingET_size in <TTree 'tree' (9494 branches) at 0x7f7d59fe6790>, taking first instance
  warnings.warn(
Imported!
Loaded CustomDelphesSchema: <class 'custom.CustomDelphesSchema'>
dR_muon [3.17, None, 2.58, 3.21, None, 3.99, ... 2.91, 0.0362, 0.502, 0.688, 0.449, 2.79]
dR_electron [None, 2.22, None, None, 0.00278, 2.91, None, ... None, None, None, None, None, None]
mass [[92.7], [62.6], [26.6], [122], [0.000511, ... [72.2], [216, 95], [103], [3.43]]
max_tagger [0.0203, 0.000451, 0.000174, 0.0669, 0.112, ... 2.67e-05, 0.0357, 0.00193, 0.0081]
max_tagger [0.0203, 0.000451, 0.0669, 0.0176, 0.00707, ... 0.128, 0.0191, 0.0734, 0.00136]
Done transfer tree for /data/bond/zhaoyz/Pheno/ntuplizer/output_with_PUPPI/TTbar_semilep_part5_25M/ntuple_events_delphes_273.root
