/home/pku/zhaoyz/anaconda3/envs/lpr/lib/python3.9/site-packages/coffea/nanoevents/mapping/uproot.py:86: UserWarning: Found duplicate branch JetPUPPI_size in <TTree 'tree' (9613 branches) at 0x7fcb6df07790>, taking first instance
  warnings.warn(
/home/pku/zhaoyz/anaconda3/envs/lpr/lib/python3.9/site-packages/coffea/nanoevents/mapping/uproot.py:86: UserWarning: Found duplicate branch Particle_size in <TTree 'tree' (9613 branches) at 0x7fcb6df07790>, taking first instance
  warnings.warn(
/home/pku/zhaoyz/anaconda3/envs/lpr/lib/python3.9/site-packages/coffea/nanoevents/mapping/uproot.py:86: UserWarning: Found duplicate branch JetPUPPIAK8_size in <TTree 'tree' (9613 branches) at 0x7fcb6df07790>, taking first instance
  warnings.warn(
/home/pku/zhaoyz/anaconda3/envs/lpr/lib/python3.9/site-packages/coffea/nanoevents/mapping/uproot.py:86: UserWarning: Found duplicate branch Electron_size in <TTree 'tree' (9613 branches) at 0x7fcb6df07790>, taking first instance
  warnings.warn(
/home/pku/zhaoyz/anaconda3/envs/lpr/lib/python3.9/site-packages/coffea/nanoevents/mapping/uproot.py:86: UserWarning: Found duplicate branch Muon_size in <TTree 'tree' (9613 branches) at 0x7fcb6df07790>, taking first instance
  warnings.warn(
/home/pku/zhaoyz/anaconda3/envs/lpr/lib/python3.9/site-packages/coffea/nanoevents/mapping/uproot.py:86: UserWarning: Found duplicate branch PuppiMissingET_size in <TTree 'tree' (9613 branches) at 0x7fcb6df07790>, taking first instance
  warnings.warn(
/home/pku/zhaoyz/anaconda3/envs/lpr/lib/python3.9/site-packages/coffea/nanoevents/mapping/uproot.py:86: UserWarning: Found duplicate branch MissingET_size in <TTree 'tree' (9613 branches) at 0x7fcb6df07790>, taking first instance
  warnings.warn(
Imported!
Loaded CustomDelphesSchema: <class 'custom.CustomDelphesSchema'>
dR_muon [None, None, 3.15, 2.73, 2.85, 0, 1.82, ... None, 1.07, None, None, None, 3.41, 2.68]
dR_electron [1.6, 2.65, None, None, None, None, None, ... 3, None, 3.22, 2.46, 1.36, None, None]
mass [[104, 7.17], [93.4], [88.1], [82.4], ... 38.1], [80.9], [67.5], [83.6], [56.2]]
max_tagger [0.00275, 0.0115, 0.0464, 0.00546, 0.0139, ... 0.00906, 0.0992, 0.0152, 0.000816]
max_tagger [0.0115, 0.0464, 0.00546, 0.0139, 0.000481, ... 0.00906, 0.0992, 0.0152, 0.000816]
Done transfer tree for /data/bond/zhaoyz/Pheno/ntuplizer/output_with_PUPPI/TTbar_semilep_part5_25M/ntuple_events_delphes_362.root
