/home/pku/zhaoyz/anaconda3/envs/lpr/lib/python3.9/site-packages/coffea/nanoevents/mapping/uproot.py:86: UserWarning: Found duplicate branch JetPUPPI_size in <TTree 'tree' (9312 branches) at 0x7fd8a7072790>, taking first instance
  warnings.warn(
/home/pku/zhaoyz/anaconda3/envs/lpr/lib/python3.9/site-packages/coffea/nanoevents/mapping/uproot.py:86: UserWarning: Found duplicate branch Particle_size in <TTree 'tree' (9312 branches) at 0x7fd8a7072790>, taking first instance
  warnings.warn(
/home/pku/zhaoyz/anaconda3/envs/lpr/lib/python3.9/site-packages/coffea/nanoevents/mapping/uproot.py:86: UserWarning: Found duplicate branch JetPUPPIAK8_size in <TTree 'tree' (9312 branches) at 0x7fd8a7072790>, taking first instance
  warnings.warn(
/home/pku/zhaoyz/anaconda3/envs/lpr/lib/python3.9/site-packages/coffea/nanoevents/mapping/uproot.py:86: UserWarning: Found duplicate branch Electron_size in <TTree 'tree' (9312 branches) at 0x7fd8a7072790>, taking first instance
  warnings.warn(
/home/pku/zhaoyz/anaconda3/envs/lpr/lib/python3.9/site-packages/coffea/nanoevents/mapping/uproot.py:86: UserWarning: Found duplicate branch Muon_size in <TTree 'tree' (9312 branches) at 0x7fd8a7072790>, taking first instance
  warnings.warn(
/home/pku/zhaoyz/anaconda3/envs/lpr/lib/python3.9/site-packages/coffea/nanoevents/mapping/uproot.py:86: UserWarning: Found duplicate branch PuppiMissingET_size in <TTree 'tree' (9312 branches) at 0x7fd8a7072790>, taking first instance
  warnings.warn(
/home/pku/zhaoyz/anaconda3/envs/lpr/lib/python3.9/site-packages/coffea/nanoevents/mapping/uproot.py:86: UserWarning: Found duplicate branch MissingET_size in <TTree 'tree' (9312 branches) at 0x7fd8a7072790>, taking first instance
  warnings.warn(
Imported!
Loaded CustomDelphesSchema: <class 'custom.CustomDelphesSchema'>
dR_muon [2.44, 3.89, 1.54, 2.89, 3.17, 0.346, None, ... None, 0.996, None, 1.19, 1.16, 2.48]
dR_electron [None, None, None, None, None, None, 2.09, ... 2.94, None, 1.54, None, None, None]
mass [[96.2], [19.8], [2.93], [109], [48.7], ... 39.4], [28.9], [14.7], [4.07], [5.5]]
max_tagger [0.341, 0.000379, 0.000272, 0.00262, 0.0837, ... 0.000104, 0.02, 0.052, 0.000116]
max_tagger [0.341, 0.00262, 0.000897, 0.0628, 0.011, ... 0.0031, 0.0861, 0.108, 0.000471, 0.15]
Done transfer tree for /data/bond/zhaoyz/Pheno/ntuplizer/output_with_PUPPI/TTbar_semilep_part5_25M/ntuple_events_delphes_287.root
