/home/pku/zhaoyz/anaconda3/envs/lpr/lib/python3.9/site-packages/coffea/nanoevents/mapping/uproot.py:86: UserWarning: Found duplicate branch JetPUPPI_size in <TTree 'tree' (9620 branches) at 0x7fe7e7636790>, taking first instance
  warnings.warn(
/home/pku/zhaoyz/anaconda3/envs/lpr/lib/python3.9/site-packages/coffea/nanoevents/mapping/uproot.py:86: UserWarning: Found duplicate branch Particle_size in <TTree 'tree' (9620 branches) at 0x7fe7e7636790>, taking first instance
  warnings.warn(
/home/pku/zhaoyz/anaconda3/envs/lpr/lib/python3.9/site-packages/coffea/nanoevents/mapping/uproot.py:86: UserWarning: Found duplicate branch JetPUPPIAK8_size in <TTree 'tree' (9620 branches) at 0x7fe7e7636790>, taking first instance
  warnings.warn(
/home/pku/zhaoyz/anaconda3/envs/lpr/lib/python3.9/site-packages/coffea/nanoevents/mapping/uproot.py:86: UserWarning: Found duplicate branch Electron_size in <TTree 'tree' (9620 branches) at 0x7fe7e7636790>, taking first instance
  warnings.warn(
/home/pku/zhaoyz/anaconda3/envs/lpr/lib/python3.9/site-packages/coffea/nanoevents/mapping/uproot.py:86: UserWarning: Found duplicate branch Muon_size in <TTree 'tree' (9620 branches) at 0x7fe7e7636790>, taking first instance
  warnings.warn(
/home/pku/zhaoyz/anaconda3/envs/lpr/lib/python3.9/site-packages/coffea/nanoevents/mapping/uproot.py:86: UserWarning: Found duplicate branch PuppiMissingET_size in <TTree 'tree' (9620 branches) at 0x7fe7e7636790>, taking first instance
  warnings.warn(
/home/pku/zhaoyz/anaconda3/envs/lpr/lib/python3.9/site-packages/coffea/nanoevents/mapping/uproot.py:86: UserWarning: Found duplicate branch MissingET_size in <TTree 'tree' (9620 branches) at 0x7fe7e7636790>, taking first instance
  warnings.warn(
Imported!
Loaded CustomDelphesSchema: <class 'custom.CustomDelphesSchema'>
dR_muon [1.21, 1.8, 1.21, 0.363, 0.105, 0.722, ... 0.0199, 1.22, None, None, 3.13, None]
dR_electron [None, None, None, None, None, None, None, ... None, None, 0.54, 0.718, None, 0.0124]
mass [[77.9, 68.7], [53.6], [90.3, 4.46], [91.7, ... 118], [115, 109], [92.7], [0.000511]]
max_tagger [0.0164, 7.66e-05, 0.125, 0.0931, 8.64e-05, ... 0.00657, 0.228, 0.000467, 1.83e-05]
max_tagger [0.0164, 7.66e-05, 0.0713, 0.00383, 0.00837, ... 0.0233, 0.282, 0.00392, 0.000467]
Done transfer tree for /data/bond/zhaoyz/Pheno/ntuplizer/output_with_PUPPI/TTbar_semilep_part5_25M/ntuple_events_delphes_180.root
