/home/pku/zhaoyz/anaconda3/envs/lpr/lib/python3.9/site-packages/coffea/nanoevents/mapping/uproot.py:86: UserWarning: Found duplicate branch JetPUPPI_size in <TTree 'tree' (9872 branches) at 0x7f1b33e91790>, taking first instance
  warnings.warn(
/home/pku/zhaoyz/anaconda3/envs/lpr/lib/python3.9/site-packages/coffea/nanoevents/mapping/uproot.py:86: UserWarning: Found duplicate branch Particle_size in <TTree 'tree' (9872 branches) at 0x7f1b33e91790>, taking first instance
  warnings.warn(
/home/pku/zhaoyz/anaconda3/envs/lpr/lib/python3.9/site-packages/coffea/nanoevents/mapping/uproot.py:86: UserWarning: Found duplicate branch JetPUPPIAK8_size in <TTree 'tree' (9872 branches) at 0x7f1b33e91790>, taking first instance
  warnings.warn(
/home/pku/zhaoyz/anaconda3/envs/lpr/lib/python3.9/site-packages/coffea/nanoevents/mapping/uproot.py:86: UserWarning: Found duplicate branch Electron_size in <TTree 'tree' (9872 branches) at 0x7f1b33e91790>, taking first instance
  warnings.warn(
/home/pku/zhaoyz/anaconda3/envs/lpr/lib/python3.9/site-packages/coffea/nanoevents/mapping/uproot.py:86: UserWarning: Found duplicate branch Muon_size in <TTree 'tree' (9872 branches) at 0x7f1b33e91790>, taking first instance
  warnings.warn(
/home/pku/zhaoyz/anaconda3/envs/lpr/lib/python3.9/site-packages/coffea/nanoevents/mapping/uproot.py:86: UserWarning: Found duplicate branch PuppiMissingET_size in <TTree 'tree' (9872 branches) at 0x7f1b33e91790>, taking first instance
  warnings.warn(
/home/pku/zhaoyz/anaconda3/envs/lpr/lib/python3.9/site-packages/coffea/nanoevents/mapping/uproot.py:86: UserWarning: Found duplicate branch MissingET_size in <TTree 'tree' (9872 branches) at 0x7f1b33e91790>, taking first instance
  warnings.warn(
Imported!
Loaded CustomDelphesSchema: <class 'custom.CustomDelphesSchema'>
dR_muon [2.45, None, None, 3.07, None, 0.48, 1.8, ... 1.46, 3, 3.54, None, 0.344, 2.79, None]
dR_electron [None, 3.65, 1.85, None, 2.92, None, None, ... None, None, 0.495, None, None, 0.587]
mass [[139, 100], [64.2], [70.1], [185], [110, ... [106, 99.4], [102], [36.4], [79.5]]
max_tagger [0.0349, 0.0358, 0.0284, 0.00219, 0.0003, ... 0.601, 0.000239, 0.00526, 4.74e-05]
max_tagger [0.0349, 0.0358, 0.0284, 0.00219, 0.0003, ... 0.171, 0.000396, 0.000665, 0.076]
Done transfer tree for /data/bond/zhaoyz/Pheno/ntuplizer/output_with_PUPPI/TTbar_semilep_part5_25M/ntuple_events_delphes_237.root
