/home/pku/zhaoyz/anaconda3/envs/lpr/lib/python3.9/site-packages/coffea/nanoevents/mapping/uproot.py:86: UserWarning: Found duplicate branch JetPUPPI_size in <TTree 'tree' (9844 branches) at 0x7f84c4d09790>, taking first instance
  warnings.warn(
/home/pku/zhaoyz/anaconda3/envs/lpr/lib/python3.9/site-packages/coffea/nanoevents/mapping/uproot.py:86: UserWarning: Found duplicate branch Particle_size in <TTree 'tree' (9844 branches) at 0x7f84c4d09790>, taking first instance
  warnings.warn(
/home/pku/zhaoyz/anaconda3/envs/lpr/lib/python3.9/site-packages/coffea/nanoevents/mapping/uproot.py:86: UserWarning: Found duplicate branch JetPUPPIAK8_size in <TTree 'tree' (9844 branches) at 0x7f84c4d09790>, taking first instance
  warnings.warn(
/home/pku/zhaoyz/anaconda3/envs/lpr/lib/python3.9/site-packages/coffea/nanoevents/mapping/uproot.py:86: UserWarning: Found duplicate branch Electron_size in <TTree 'tree' (9844 branches) at 0x7f84c4d09790>, taking first instance
  warnings.warn(
/home/pku/zhaoyz/anaconda3/envs/lpr/lib/python3.9/site-packages/coffea/nanoevents/mapping/uproot.py:86: UserWarning: Found duplicate branch Muon_size in <TTree 'tree' (9844 branches) at 0x7f84c4d09790>, taking first instance
  warnings.warn(
/home/pku/zhaoyz/anaconda3/envs/lpr/lib/python3.9/site-packages/coffea/nanoevents/mapping/uproot.py:86: UserWarning: Found duplicate branch PuppiMissingET_size in <TTree 'tree' (9844 branches) at 0x7f84c4d09790>, taking first instance
  warnings.warn(
/home/pku/zhaoyz/anaconda3/envs/lpr/lib/python3.9/site-packages/coffea/nanoevents/mapping/uproot.py:86: UserWarning: Found duplicate branch MissingET_size in <TTree 'tree' (9844 branches) at 0x7f84c4d09790>, taking first instance
  warnings.warn(
Imported!
Loaded CustomDelphesSchema: <class 'custom.CustomDelphesSchema'>
dR_muon [3.15, 0.515, 3.04, None, None, None, 2.69, ... None, None, None, 0.927, 2.69, None]
dR_electron [None, None, None, 0.00427, 1.03, 3.18, None, ... 2.9, 2.86, 0, None, None, 1.69]
mass [[7.83], [120, 46.1], [7.57], [0.000511, ... 0.000511], [135, 86.1], [90.6], [108]]
max_tagger [0.0136, 0.0404, 0.0209, 0.0182, 0.0879, ... 1.03e-07, 0.00778, 0.0829, 0.0523]
max_tagger [0.00274, 0.0298, 0.00421, 0.000789, 0.0138, ... 0.0334, 0.00778, 0.0829, 0.0523]
Done transfer tree for /data/bond/zhaoyz/Pheno/ntuplizer/output_with_PUPPI/TTbar_semilep_part5_25M/ntuple_events_delphes_188.root
