/home/pku/zhaoyz/anaconda3/envs/lpr/lib/python3.9/site-packages/coffea/nanoevents/mapping/uproot.py:86: UserWarning: Found duplicate branch JetPUPPI_size in <TTree 'tree' (9830 branches) at 0x7f0a41a57790>, taking first instance
  warnings.warn(
/home/pku/zhaoyz/anaconda3/envs/lpr/lib/python3.9/site-packages/coffea/nanoevents/mapping/uproot.py:86: UserWarning: Found duplicate branch Particle_size in <TTree 'tree' (9830 branches) at 0x7f0a41a57790>, taking first instance
  warnings.warn(
/home/pku/zhaoyz/anaconda3/envs/lpr/lib/python3.9/site-packages/coffea/nanoevents/mapping/uproot.py:86: UserWarning: Found duplicate branch JetPUPPIAK8_size in <TTree 'tree' (9830 branches) at 0x7f0a41a57790>, taking first instance
  warnings.warn(
/home/pku/zhaoyz/anaconda3/envs/lpr/lib/python3.9/site-packages/coffea/nanoevents/mapping/uproot.py:86: UserWarning: Found duplicate branch Electron_size in <TTree 'tree' (9830 branches) at 0x7f0a41a57790>, taking first instance
  warnings.warn(
/home/pku/zhaoyz/anaconda3/envs/lpr/lib/python3.9/site-packages/coffea/nanoevents/mapping/uproot.py:86: UserWarning: Found duplicate branch Muon_size in <TTree 'tree' (9830 branches) at 0x7f0a41a57790>, taking first instance
  warnings.warn(
/home/pku/zhaoyz/anaconda3/envs/lpr/lib/python3.9/site-packages/coffea/nanoevents/mapping/uproot.py:86: UserWarning: Found duplicate branch PuppiMissingET_size in <TTree 'tree' (9830 branches) at 0x7f0a41a57790>, taking first instance
  warnings.warn(
/home/pku/zhaoyz/anaconda3/envs/lpr/lib/python3.9/site-packages/coffea/nanoevents/mapping/uproot.py:86: UserWarning: Found duplicate branch MissingET_size in <TTree 'tree' (9830 branches) at 0x7f0a41a57790>, taking first instance
  warnings.warn(
Imported!
Loaded CustomDelphesSchema: <class 'custom.CustomDelphesSchema'>
dR_muon [None, 2.96, 2.49, None, None, 2.1, 2.44, ... None, None, 0.0379, None, 3.47, None]
dR_electron [2.05, None, None, 2.5, 2.91, None, None, ... 2.36, 3, 3.13, None, 1.76, None, 3.18]
mass [[91.6], [37.4], [105], [71.8], ... 97.5, 0.106], [8.52, 72.6], [51.3], [74.8]]
max_tagger [0.039, 0.000179, 0.000515, 0.0181, 0.0239, ... 0.107, 0.0042, 0.000286, 0.0247]
max_tagger [0.039, 0.000515, 0.0181, 0.0239, 0.000956, ... 0.000695, 0.000216, 0.000286, 0.0247]
Done transfer tree for /data/bond/zhaoyz/Pheno/ntuplizer/output_with_PUPPI/TTbar_semilep_part5_25M/ntuple_events_delphes_64.root
