/home/pku/zhaoyz/anaconda3/envs/lpr/lib/python3.9/site-packages/coffea/nanoevents/mapping/uproot.py:86: UserWarning: Found duplicate branch JetPUPPI_size in <TTree 'tree' (9375 branches) at 0x7f2ad4fc3790>, taking first instance
  warnings.warn(
/home/pku/zhaoyz/anaconda3/envs/lpr/lib/python3.9/site-packages/coffea/nanoevents/mapping/uproot.py:86: UserWarning: Found duplicate branch Particle_size in <TTree 'tree' (9375 branches) at 0x7f2ad4fc3790>, taking first instance
  warnings.warn(
/home/pku/zhaoyz/anaconda3/envs/lpr/lib/python3.9/site-packages/coffea/nanoevents/mapping/uproot.py:86: UserWarning: Found duplicate branch JetPUPPIAK8_size in <TTree 'tree' (9375 branches) at 0x7f2ad4fc3790>, taking first instance
  warnings.warn(
/home/pku/zhaoyz/anaconda3/envs/lpr/lib/python3.9/site-packages/coffea/nanoevents/mapping/uproot.py:86: UserWarning: Found duplicate branch Electron_size in <TTree 'tree' (9375 branches) at 0x7f2ad4fc3790>, taking first instance
  warnings.warn(
/home/pku/zhaoyz/anaconda3/envs/lpr/lib/python3.9/site-packages/coffea/nanoevents/mapping/uproot.py:86: UserWarning: Found duplicate branch Muon_size in <TTree 'tree' (9375 branches) at 0x7f2ad4fc3790>, taking first instance
  warnings.warn(
/home/pku/zhaoyz/anaconda3/envs/lpr/lib/python3.9/site-packages/coffea/nanoevents/mapping/uproot.py:86: UserWarning: Found duplicate branch PuppiMissingET_size in <TTree 'tree' (9375 branches) at 0x7f2ad4fc3790>, taking first instance
  warnings.warn(
/home/pku/zhaoyz/anaconda3/envs/lpr/lib/python3.9/site-packages/coffea/nanoevents/mapping/uproot.py:86: UserWarning: Found duplicate branch MissingET_size in <TTree 'tree' (9375 branches) at 0x7f2ad4fc3790>, taking first instance
  warnings.warn(
Imported!
Loaded CustomDelphesSchema: <class 'custom.CustomDelphesSchema'>
dR_muon [2.93, 2.82, 2.55, 3.2, 3.37, None, None, ... None, None, 2.14, None, None, 3.08]
dR_electron [None, None, None, None, None, 1.3, 1.27, ... 2.76, 0.266, None, 0.0333, 2.75, None]
mass [[181], [70.9], [41.1], [86.5], ... 5.19], [4.92, 0.000511, 113], [67.5], [10.6]]
max_tagger [0.123, 0.000459, 8.06e-05, 0.0383, 0.000124, ... 0.115, 0.000331, 0.000309, 0.00032]
max_tagger [0.123, 0.000459, 0.0383, 0.207, 0.00165, ... 0.00354, 0.311, 0.0367, 0.000309]
Done transfer tree for /data/bond/zhaoyz/Pheno/ntuplizer/output_with_PUPPI/TTbar_semilep_part5_25M/ntuple_events_delphes_368.root
