/home/pku/zhaoyz/anaconda3/envs/lpr/lib/python3.9/site-packages/coffea/nanoevents/mapping/uproot.py:86: UserWarning: Found duplicate branch JetPUPPI_size in <TTree 'tree' (9515 branches) at 0x7fc5d2bda790>, taking first instance
  warnings.warn(
/home/pku/zhaoyz/anaconda3/envs/lpr/lib/python3.9/site-packages/coffea/nanoevents/mapping/uproot.py:86: UserWarning: Found duplicate branch Particle_size in <TTree 'tree' (9515 branches) at 0x7fc5d2bda790>, taking first instance
  warnings.warn(
/home/pku/zhaoyz/anaconda3/envs/lpr/lib/python3.9/site-packages/coffea/nanoevents/mapping/uproot.py:86: UserWarning: Found duplicate branch JetPUPPIAK8_size in <TTree 'tree' (9515 branches) at 0x7fc5d2bda790>, taking first instance
  warnings.warn(
/home/pku/zhaoyz/anaconda3/envs/lpr/lib/python3.9/site-packages/coffea/nanoevents/mapping/uproot.py:86: UserWarning: Found duplicate branch Electron_size in <TTree 'tree' (9515 branches) at 0x7fc5d2bda790>, taking first instance
  warnings.warn(
/home/pku/zhaoyz/anaconda3/envs/lpr/lib/python3.9/site-packages/coffea/nanoevents/mapping/uproot.py:86: UserWarning: Found duplicate branch Muon_size in <TTree 'tree' (9515 branches) at 0x7fc5d2bda790>, taking first instance
  warnings.warn(
/home/pku/zhaoyz/anaconda3/envs/lpr/lib/python3.9/site-packages/coffea/nanoevents/mapping/uproot.py:86: UserWarning: Found duplicate branch PuppiMissingET_size in <TTree 'tree' (9515 branches) at 0x7fc5d2bda790>, taking first instance
  warnings.warn(
/home/pku/zhaoyz/anaconda3/envs/lpr/lib/python3.9/site-packages/coffea/nanoevents/mapping/uproot.py:86: UserWarning: Found duplicate branch MissingET_size in <TTree 'tree' (9515 branches) at 0x7fc5d2bda790>, taking first instance
  warnings.warn(
Imported!
Loaded CustomDelphesSchema: <class 'custom.CustomDelphesSchema'>
dR_muon [3.7, 3.39, 3.59, None, 2.79, 2.37, None, ... 2.79, 3.17, 3.73, 2.72, None, None]
dR_electron [None, None, None, 0.00643, None, None, ... None, None, None, None, 0.423, 1.29]
mass [[93.1], [24.2], [39.5], [0.000511], ... 71.3], [49.6], [101, 8.85], [120, 49.4]]
max_tagger [0.032, 0.000676, 0.00282, 2.6e-05, 4.68e-05, ... 0.000185, 0.429, 0.163, 0.0891]
max_tagger [0.032, 4.68e-05, 0.172, 0.0145, 0.224, ... 0.00546, 0.0247, 0.00637, 0.000185]
Done transfer tree for /data/bond/zhaoyz/Pheno/ntuplizer/output_with_PUPPI/TTbar_semilep_part5_25M/ntuple_events_delphes_49.root
