/home/pku/zhaoyz/anaconda3/envs/lpr/lib/python3.9/site-packages/coffea/nanoevents/mapping/uproot.py:86: UserWarning: Found duplicate branch JetPUPPI_size in <TTree 'tree' (9473 branches) at 0x7fbe1eb30790>, taking first instance
  warnings.warn(
/home/pku/zhaoyz/anaconda3/envs/lpr/lib/python3.9/site-packages/coffea/nanoevents/mapping/uproot.py:86: UserWarning: Found duplicate branch Particle_size in <TTree 'tree' (9473 branches) at 0x7fbe1eb30790>, taking first instance
  warnings.warn(
/home/pku/zhaoyz/anaconda3/envs/lpr/lib/python3.9/site-packages/coffea/nanoevents/mapping/uproot.py:86: UserWarning: Found duplicate branch JetPUPPIAK8_size in <TTree 'tree' (9473 branches) at 0x7fbe1eb30790>, taking first instance
  warnings.warn(
/home/pku/zhaoyz/anaconda3/envs/lpr/lib/python3.9/site-packages/coffea/nanoevents/mapping/uproot.py:86: UserWarning: Found duplicate branch Electron_size in <TTree 'tree' (9473 branches) at 0x7fbe1eb30790>, taking first instance
  warnings.warn(
/home/pku/zhaoyz/anaconda3/envs/lpr/lib/python3.9/site-packages/coffea/nanoevents/mapping/uproot.py:86: UserWarning: Found duplicate branch Muon_size in <TTree 'tree' (9473 branches) at 0x7fbe1eb30790>, taking first instance
  warnings.warn(
/home/pku/zhaoyz/anaconda3/envs/lpr/lib/python3.9/site-packages/coffea/nanoevents/mapping/uproot.py:86: UserWarning: Found duplicate branch PuppiMissingET_size in <TTree 'tree' (9473 branches) at 0x7fbe1eb30790>, taking first instance
  warnings.warn(
/home/pku/zhaoyz/anaconda3/envs/lpr/lib/python3.9/site-packages/coffea/nanoevents/mapping/uproot.py:86: UserWarning: Found duplicate branch MissingET_size in <TTree 'tree' (9473 branches) at 0x7fbe1eb30790>, taking first instance
  warnings.warn(
Imported!
Loaded CustomDelphesSchema: <class 'custom.CustomDelphesSchema'>
dR_muon [None, 2.22, None, 1.17, 0.00396, None, ... None, None, 1.09, 3.05, None, None]
dR_electron [0.0265, None, 2.92, None, None, 2.5, None, ... 1.89, 2.68, None, None, 3.23, 2.35]
mass [[82.6, 0.000511], [109, 30], [18.8], [57.6, ... [10.5, 177], [52.5], [100], [87.8]]
max_tagger [7.7e-05, 0.172, 0.000433, 0.02, 1.48e-05, ... 0.0275, 0.000431, 0.216, 0.00117]
max_tagger [0.172, 0.02, 0.00202, 0.0141, 0.00208, ... 0.0489, 0.0275, 0.000431, 0.216, 0.00117]
Done transfer tree for /data/bond/zhaoyz/Pheno/ntuplizer/output_with_PUPPI/TTbar_semilep_part5_25M/ntuple_events_delphes_127.root
