/home/pku/zhaoyz/anaconda3/envs/lpr/lib/python3.9/site-packages/coffea/nanoevents/mapping/uproot.py:86: UserWarning: Found duplicate branch JetPUPPI_size in <TTree 'tree' (9627 branches) at 0x7f674b954790>, taking first instance
  warnings.warn(
/home/pku/zhaoyz/anaconda3/envs/lpr/lib/python3.9/site-packages/coffea/nanoevents/mapping/uproot.py:86: UserWarning: Found duplicate branch Particle_size in <TTree 'tree' (9627 branches) at 0x7f674b954790>, taking first instance
  warnings.warn(
/home/pku/zhaoyz/anaconda3/envs/lpr/lib/python3.9/site-packages/coffea/nanoevents/mapping/uproot.py:86: UserWarning: Found duplicate branch JetPUPPIAK8_size in <TTree 'tree' (9627 branches) at 0x7f674b954790>, taking first instance
  warnings.warn(
/home/pku/zhaoyz/anaconda3/envs/lpr/lib/python3.9/site-packages/coffea/nanoevents/mapping/uproot.py:86: UserWarning: Found duplicate branch Electron_size in <TTree 'tree' (9627 branches) at 0x7f674b954790>, taking first instance
  warnings.warn(
/home/pku/zhaoyz/anaconda3/envs/lpr/lib/python3.9/site-packages/coffea/nanoevents/mapping/uproot.py:86: UserWarning: Found duplicate branch Muon_size in <TTree 'tree' (9627 branches) at 0x7f674b954790>, taking first instance
  warnings.warn(
/home/pku/zhaoyz/anaconda3/envs/lpr/lib/python3.9/site-packages/coffea/nanoevents/mapping/uproot.py:86: UserWarning: Found duplicate branch PuppiMissingET_size in <TTree 'tree' (9627 branches) at 0x7f674b954790>, taking first instance
  warnings.warn(
/home/pku/zhaoyz/anaconda3/envs/lpr/lib/python3.9/site-packages/coffea/nanoevents/mapping/uproot.py:86: UserWarning: Found duplicate branch MissingET_size in <TTree 'tree' (9627 branches) at 0x7f674b954790>, taking first instance
  warnings.warn(
Imported!
Loaded CustomDelphesSchema: <class 'custom.CustomDelphesSchema'>
dR_muon [3.85, 2.62, 1.61, None, 0.468, None, 0.298, ... None, 1.79, 0, 0.331, 2.15, None]
dR_electron [None, None, None, 2.25, None, 3.03, None, ... 0.371, None, None, None, None, 2.36]
mass [[3.69], [28.8], [85.6, 22.4], [55.9], ... [169, 0.106], [66.5], [10.3], [92.1]]
max_tagger [0.000776, 0.029, 0.0101, 0.0276, ... 0.00101, 7.32e-06, 0.000654, 0.000786]
max_tagger [0.0276, 0.009, 7.67e-05, 0.055, 0.000922, ... 0.232, 0.0805, 0.0107, 0.000786]
Done transfer tree for /data/bond/zhaoyz/Pheno/ntuplizer/output_with_PUPPI/TTbar_semilep_part5_25M/ntuple_events_delphes_89.root
