/home/pku/zhaoyz/anaconda3/envs/lpr/lib/python3.9/site-packages/coffea/nanoevents/mapping/uproot.py:86: UserWarning: Found duplicate branch JetPUPPI_size in <TTree 'tree' (9200 branches) at 0x7f8250c66790>, taking first instance
  warnings.warn(
/home/pku/zhaoyz/anaconda3/envs/lpr/lib/python3.9/site-packages/coffea/nanoevents/mapping/uproot.py:86: UserWarning: Found duplicate branch Particle_size in <TTree 'tree' (9200 branches) at 0x7f8250c66790>, taking first instance
  warnings.warn(
/home/pku/zhaoyz/anaconda3/envs/lpr/lib/python3.9/site-packages/coffea/nanoevents/mapping/uproot.py:86: UserWarning: Found duplicate branch JetPUPPIAK8_size in <TTree 'tree' (9200 branches) at 0x7f8250c66790>, taking first instance
  warnings.warn(
/home/pku/zhaoyz/anaconda3/envs/lpr/lib/python3.9/site-packages/coffea/nanoevents/mapping/uproot.py:86: UserWarning: Found duplicate branch Electron_size in <TTree 'tree' (9200 branches) at 0x7f8250c66790>, taking first instance
  warnings.warn(
/home/pku/zhaoyz/anaconda3/envs/lpr/lib/python3.9/site-packages/coffea/nanoevents/mapping/uproot.py:86: UserWarning: Found duplicate branch Muon_size in <TTree 'tree' (9200 branches) at 0x7f8250c66790>, taking first instance
  warnings.warn(
/home/pku/zhaoyz/anaconda3/envs/lpr/lib/python3.9/site-packages/coffea/nanoevents/mapping/uproot.py:86: UserWarning: Found duplicate branch PuppiMissingET_size in <TTree 'tree' (9200 branches) at 0x7f8250c66790>, taking first instance
  warnings.warn(
/home/pku/zhaoyz/anaconda3/envs/lpr/lib/python3.9/site-packages/coffea/nanoevents/mapping/uproot.py:86: UserWarning: Found duplicate branch MissingET_size in <TTree 'tree' (9200 branches) at 0x7f8250c66790>, taking first instance
  warnings.warn(
Imported!
Loaded CustomDelphesSchema: <class 'custom.CustomDelphesSchema'>
dR_muon [None, 1.73, 0.431, 0.951, None, 2.68, None, ... None, 3.72, 3.78, None, 3.71, None]
dR_electron [3.59, None, None, 0, 1.69, None, 0, ... 0.835, 0.424, None, None, 3.69, None, 1.19]
mass [[83.7], [7.96], [98.8, 72.1], [13.9, 0.000511, ... 72.6], [9.63], [25.7], [1.2, 73]]
max_tagger [0.00354, 0.00151, 0.0199, 0.00262, 0.0034, ... 0.000122, 0.0342, 0.000163, 0.00138]
max_tagger [0.00354, 0.0034, 0.0374, 0.081, 0.02, ... 0.014, 0.0284, 0.000122, 0.00138]
Done transfer tree for /data/bond/zhaoyz/Pheno/ntuplizer/output_with_PUPPI/TTbar_semilep_part5_25M/ntuple_events_delphes_219.root
