/home/pku/zhaoyz/anaconda3/envs/lpr/lib/python3.9/site-packages/coffea/nanoevents/mapping/uproot.py:86: UserWarning: Found duplicate branch JetPUPPI_size in <TTree 'tree' (9410 branches) at 0x7f7c6e591790>, taking first instance
  warnings.warn(
/home/pku/zhaoyz/anaconda3/envs/lpr/lib/python3.9/site-packages/coffea/nanoevents/mapping/uproot.py:86: UserWarning: Found duplicate branch Particle_size in <TTree 'tree' (9410 branches) at 0x7f7c6e591790>, taking first instance
  warnings.warn(
/home/pku/zhaoyz/anaconda3/envs/lpr/lib/python3.9/site-packages/coffea/nanoevents/mapping/uproot.py:86: UserWarning: Found duplicate branch JetPUPPIAK8_size in <TTree 'tree' (9410 branches) at 0x7f7c6e591790>, taking first instance
  warnings.warn(
/home/pku/zhaoyz/anaconda3/envs/lpr/lib/python3.9/site-packages/coffea/nanoevents/mapping/uproot.py:86: UserWarning: Found duplicate branch Electron_size in <TTree 'tree' (9410 branches) at 0x7f7c6e591790>, taking first instance
  warnings.warn(
/home/pku/zhaoyz/anaconda3/envs/lpr/lib/python3.9/site-packages/coffea/nanoevents/mapping/uproot.py:86: UserWarning: Found duplicate branch Muon_size in <TTree 'tree' (9410 branches) at 0x7f7c6e591790>, taking first instance
  warnings.warn(
/home/pku/zhaoyz/anaconda3/envs/lpr/lib/python3.9/site-packages/coffea/nanoevents/mapping/uproot.py:86: UserWarning: Found duplicate branch PuppiMissingET_size in <TTree 'tree' (9410 branches) at 0x7f7c6e591790>, taking first instance
  warnings.warn(
/home/pku/zhaoyz/anaconda3/envs/lpr/lib/python3.9/site-packages/coffea/nanoevents/mapping/uproot.py:86: UserWarning: Found duplicate branch MissingET_size in <TTree 'tree' (9410 branches) at 0x7f7c6e591790>, taking first instance
  warnings.warn(
Imported!
Loaded CustomDelphesSchema: <class 'custom.CustomDelphesSchema'>
dR_muon [0.54, 2.26, None, 2.92, None, 1.46, 0.502, ... 1.66, 1.3, 0.434, None, None, 1.43]
dR_electron [None, None, 1.54, None, 2.96, None, None, ... None, None, None, 3.84, 3.44, None]
mass [[108], [80.7], [19], [5.86], [3.74], ... [5.13, 74.3], [83.3], [50.1], [83.7, 3.63]]
max_tagger [0.000213, 0.00228, 0.000126, 0.00274, 0.0115, ... 0.0657, 0.0183, 0.0368, 0.00478]
max_tagger [0.00228, 0.0457, 0.00138, 0.213, 0.0411, ... 0.137, 0.0183, 0.0368, 0.00478]
Done transfer tree for /data/bond/zhaoyz/Pheno/ntuplizer/output_with_PUPPI/TTbar_semilep_part5_25M/ntuple_events_delphes_487.root
