/home/pku/zhaoyz/anaconda3/envs/lpr/lib/python3.9/site-packages/coffea/nanoevents/mapping/uproot.py:86: UserWarning: Found duplicate branch JetPUPPI_size in <TTree 'tree' (9319 branches) at 0x7fd1f19d4790>, taking first instance
  warnings.warn(
/home/pku/zhaoyz/anaconda3/envs/lpr/lib/python3.9/site-packages/coffea/nanoevents/mapping/uproot.py:86: UserWarning: Found duplicate branch Particle_size in <TTree 'tree' (9319 branches) at 0x7fd1f19d4790>, taking first instance
  warnings.warn(
/home/pku/zhaoyz/anaconda3/envs/lpr/lib/python3.9/site-packages/coffea/nanoevents/mapping/uproot.py:86: UserWarning: Found duplicate branch JetPUPPIAK8_size in <TTree 'tree' (9319 branches) at 0x7fd1f19d4790>, taking first instance
  warnings.warn(
/home/pku/zhaoyz/anaconda3/envs/lpr/lib/python3.9/site-packages/coffea/nanoevents/mapping/uproot.py:86: UserWarning: Found duplicate branch Electron_size in <TTree 'tree' (9319 branches) at 0x7fd1f19d4790>, taking first instance
  warnings.warn(
/home/pku/zhaoyz/anaconda3/envs/lpr/lib/python3.9/site-packages/coffea/nanoevents/mapping/uproot.py:86: UserWarning: Found duplicate branch Muon_size in <TTree 'tree' (9319 branches) at 0x7fd1f19d4790>, taking first instance
  warnings.warn(
/home/pku/zhaoyz/anaconda3/envs/lpr/lib/python3.9/site-packages/coffea/nanoevents/mapping/uproot.py:86: UserWarning: Found duplicate branch PuppiMissingET_size in <TTree 'tree' (9319 branches) at 0x7fd1f19d4790>, taking first instance
  warnings.warn(
/home/pku/zhaoyz/anaconda3/envs/lpr/lib/python3.9/site-packages/coffea/nanoevents/mapping/uproot.py:86: UserWarning: Found duplicate branch MissingET_size in <TTree 'tree' (9319 branches) at 0x7fd1f19d4790>, taking first instance
  warnings.warn(
Imported!
Loaded CustomDelphesSchema: <class 'custom.CustomDelphesSchema'>
dR_muon [4.33, 0.128, 0.535, None, 0.388, 0.878, ... None, 0.267, 2.85, 1.35, 2.96, 1.31]
dR_electron [None, None, None, 1.36, None, None, 2.68, ... 2.98, None, None, None, None, None]
mass [[91.2], [84.2, 57.2], [64.1, 15.2], [67.7, ... [169, 104], [62.5], [44.9, 139]]
max_tagger [0.000226, 0.00817, 0.0424, 0.000552, 0.00202, ... 0.0646, 0.225, 0.000738, 0.0453]
max_tagger [0.000226, 0.000552, 0.015, 0.000907, 0.00215, ... 0.118, 0.0646, 0.225, 0.000738]
Done transfer tree for /data/bond/zhaoyz/Pheno/ntuplizer/output_with_PUPPI/TTbar_semilep_part5_25M/ntuple_events_delphes_153.root
