/home/pku/zhaoyz/anaconda3/envs/lpr/lib/python3.9/site-packages/coffea/nanoevents/mapping/uproot.py:86: UserWarning: Found duplicate branch JetPUPPI_size in <TTree 'tree' (10012 branches) at 0x7f3a2e1ec790>, taking first instance
  warnings.warn(
/home/pku/zhaoyz/anaconda3/envs/lpr/lib/python3.9/site-packages/coffea/nanoevents/mapping/uproot.py:86: UserWarning: Found duplicate branch Particle_size in <TTree 'tree' (10012 branches) at 0x7f3a2e1ec790>, taking first instance
  warnings.warn(
/home/pku/zhaoyz/anaconda3/envs/lpr/lib/python3.9/site-packages/coffea/nanoevents/mapping/uproot.py:86: UserWarning: Found duplicate branch JetPUPPIAK8_size in <TTree 'tree' (10012 branches) at 0x7f3a2e1ec790>, taking first instance
  warnings.warn(
/home/pku/zhaoyz/anaconda3/envs/lpr/lib/python3.9/site-packages/coffea/nanoevents/mapping/uproot.py:86: UserWarning: Found duplicate branch Electron_size in <TTree 'tree' (10012 branches) at 0x7f3a2e1ec790>, taking first instance
  warnings.warn(
/home/pku/zhaoyz/anaconda3/envs/lpr/lib/python3.9/site-packages/coffea/nanoevents/mapping/uproot.py:86: UserWarning: Found duplicate branch Muon_size in <TTree 'tree' (10012 branches) at 0x7f3a2e1ec790>, taking first instance
  warnings.warn(
/home/pku/zhaoyz/anaconda3/envs/lpr/lib/python3.9/site-packages/coffea/nanoevents/mapping/uproot.py:86: UserWarning: Found duplicate branch PuppiMissingET_size in <TTree 'tree' (10012 branches) at 0x7f3a2e1ec790>, taking first instance
  warnings.warn(
/home/pku/zhaoyz/anaconda3/envs/lpr/lib/python3.9/site-packages/coffea/nanoevents/mapping/uproot.py:86: UserWarning: Found duplicate branch MissingET_size in <TTree 'tree' (10012 branches) at 0x7f3a2e1ec790>, taking first instance
  warnings.warn(
Imported!
Loaded CustomDelphesSchema: <class 'custom.CustomDelphesSchema'>
dR_muon [0.13, None, 3.18, None, 4.34, None, None, ... 2.68, 1.92, None, 2.78, None, None]
dR_electron [None, 2.76, None, 0.268, None, 0.223, 2.78, ... None, None, 2.56, None, 3.39, 0.071]
mass [[77.7, 73.8], [86.5], [11.5], [115, 109, ... [5.59, 74.4], [81.7], [143, 81.2, 9.7]]
max_tagger [0.00109, 0.00358, 0.000437, 0.000453, ... 0.0458, 0.00548, 0.0525, 0.00244]
max_tagger [0.00358, 6.77e-05, 0.00255, 0.181, 0.0398, ... 0.00022, 0.0458, 0.00548, 0.0525]
Done transfer tree for /data/bond/zhaoyz/Pheno/ntuplizer/output_with_PUPPI/TTbar_semilep_part5_25M/ntuple_events_delphes_165.root
