/home/pku/zhaoyz/anaconda3/envs/lpr/lib/python3.9/site-packages/coffea/nanoevents/mapping/uproot.py:86: UserWarning: Found duplicate branch JetPUPPI_size in <TTree 'tree' (10040 branches) at 0x7fd00ce3d790>, taking first instance
  warnings.warn(
/home/pku/zhaoyz/anaconda3/envs/lpr/lib/python3.9/site-packages/coffea/nanoevents/mapping/uproot.py:86: UserWarning: Found duplicate branch Particle_size in <TTree 'tree' (10040 branches) at 0x7fd00ce3d790>, taking first instance
  warnings.warn(
/home/pku/zhaoyz/anaconda3/envs/lpr/lib/python3.9/site-packages/coffea/nanoevents/mapping/uproot.py:86: UserWarning: Found duplicate branch JetPUPPIAK8_size in <TTree 'tree' (10040 branches) at 0x7fd00ce3d790>, taking first instance
  warnings.warn(
/home/pku/zhaoyz/anaconda3/envs/lpr/lib/python3.9/site-packages/coffea/nanoevents/mapping/uproot.py:86: UserWarning: Found duplicate branch Electron_size in <TTree 'tree' (10040 branches) at 0x7fd00ce3d790>, taking first instance
  warnings.warn(
/home/pku/zhaoyz/anaconda3/envs/lpr/lib/python3.9/site-packages/coffea/nanoevents/mapping/uproot.py:86: UserWarning: Found duplicate branch Muon_size in <TTree 'tree' (10040 branches) at 0x7fd00ce3d790>, taking first instance
  warnings.warn(
/home/pku/zhaoyz/anaconda3/envs/lpr/lib/python3.9/site-packages/coffea/nanoevents/mapping/uproot.py:86: UserWarning: Found duplicate branch PuppiMissingET_size in <TTree 'tree' (10040 branches) at 0x7fd00ce3d790>, taking first instance
  warnings.warn(
/home/pku/zhaoyz/anaconda3/envs/lpr/lib/python3.9/site-packages/coffea/nanoevents/mapping/uproot.py:86: UserWarning: Found duplicate branch MissingET_size in <TTree 'tree' (10040 branches) at 0x7fd00ce3d790>, taking first instance
  warnings.warn(
Imported!
Loaded CustomDelphesSchema: <class 'custom.CustomDelphesSchema'>
dR_muon [None, None, None, 2.3, 0.293, 1.84, None, ... 1.09, 3.31, 0.441, 0.544, 2.61, 3.82]
dR_electron [2.61, 3.09, 3.05, None, None, None, 1.83, ... None, None, None, None, None, None]
mass [[60.9], [95.7], [8.79, 18.6], [86.1], ... [106, 88.9], [57.6], [77.7], [11.9]]
max_tagger [0.425, 0.0021, 0.00216, 0.00284, 8.02e-05, ... 0.00293, 0.00127, 0.000201, 0.00349]
max_tagger [0.425, 0.0021, 0.00284, 0.00391, 0.147, ... 0.00208, 0.0295, 0.0235, 0.000201]
Done transfer tree for /data/bond/zhaoyz/Pheno/ntuplizer/output_with_PUPPI/TTbar_semilep_part5_25M/ntuple_events_delphes_354.root
