/home/pku/zhaoyz/anaconda3/envs/lpr/lib/python3.9/site-packages/coffea/nanoevents/mapping/uproot.py:86: UserWarning: Found duplicate branch JetPUPPI_size in <TTree 'tree' (9900 branches) at 0x7fa9744eb790>, taking first instance
  warnings.warn(
/home/pku/zhaoyz/anaconda3/envs/lpr/lib/python3.9/site-packages/coffea/nanoevents/mapping/uproot.py:86: UserWarning: Found duplicate branch Particle_size in <TTree 'tree' (9900 branches) at 0x7fa9744eb790>, taking first instance
  warnings.warn(
/home/pku/zhaoyz/anaconda3/envs/lpr/lib/python3.9/site-packages/coffea/nanoevents/mapping/uproot.py:86: UserWarning: Found duplicate branch JetPUPPIAK8_size in <TTree 'tree' (9900 branches) at 0x7fa9744eb790>, taking first instance
  warnings.warn(
/home/pku/zhaoyz/anaconda3/envs/lpr/lib/python3.9/site-packages/coffea/nanoevents/mapping/uproot.py:86: UserWarning: Found duplicate branch Electron_size in <TTree 'tree' (9900 branches) at 0x7fa9744eb790>, taking first instance
  warnings.warn(
/home/pku/zhaoyz/anaconda3/envs/lpr/lib/python3.9/site-packages/coffea/nanoevents/mapping/uproot.py:86: UserWarning: Found duplicate branch Muon_size in <TTree 'tree' (9900 branches) at 0x7fa9744eb790>, taking first instance
  warnings.warn(
/home/pku/zhaoyz/anaconda3/envs/lpr/lib/python3.9/site-packages/coffea/nanoevents/mapping/uproot.py:86: UserWarning: Found duplicate branch PuppiMissingET_size in <TTree 'tree' (9900 branches) at 0x7fa9744eb790>, taking first instance
  warnings.warn(
/home/pku/zhaoyz/anaconda3/envs/lpr/lib/python3.9/site-packages/coffea/nanoevents/mapping/uproot.py:86: UserWarning: Found duplicate branch MissingET_size in <TTree 'tree' (9900 branches) at 0x7fa9744eb790>, taking first instance
  warnings.warn(
Imported!
Loaded CustomDelphesSchema: <class 'custom.CustomDelphesSchema'>
dR_muon [2.07, None, None, 2.01, None, 3.23, 2.02, ... 2.83, 4.1, None, 2.32, None, 0, None]
dR_electron [None, 0.0169, 3.32, None, 1.48, None, ... None, 2.84, None, 0.873, None, 0.548]
mass [[3.06, 94.1], [0.000511, 1.8], [98.3], ... [96.3, 75.8], [0.106], [103, 14.5]]
max_tagger [0.00125, 0.000786, 0.000427, 0.0635, 0.0767, ... 0.0371, 0.068, 1.96e-08, 0.00064]
max_tagger [0.00125, 0.000427, 0.0635, 0.00615, 0.104, ... 0.00317, 0.00148, 0.0806, 0.068]
Done transfer tree for /data/bond/zhaoyz/Pheno/ntuplizer/output_with_PUPPI/TTbar_semilep_part5_25M/ntuple_events_delphes_117.root
