/home/pku/zhaoyz/anaconda3/envs/lpr/lib/python3.9/site-packages/coffea/nanoevents/mapping/uproot.py:86: UserWarning: Found duplicate branch JetPUPPI_size in <TTree 'tree' (9851 branches) at 0x7f57c3c39790>, taking first instance
  warnings.warn(
/home/pku/zhaoyz/anaconda3/envs/lpr/lib/python3.9/site-packages/coffea/nanoevents/mapping/uproot.py:86: UserWarning: Found duplicate branch Particle_size in <TTree 'tree' (9851 branches) at 0x7f57c3c39790>, taking first instance
  warnings.warn(
/home/pku/zhaoyz/anaconda3/envs/lpr/lib/python3.9/site-packages/coffea/nanoevents/mapping/uproot.py:86: UserWarning: Found duplicate branch JetPUPPIAK8_size in <TTree 'tree' (9851 branches) at 0x7f57c3c39790>, taking first instance
  warnings.warn(
/home/pku/zhaoyz/anaconda3/envs/lpr/lib/python3.9/site-packages/coffea/nanoevents/mapping/uproot.py:86: UserWarning: Found duplicate branch Electron_size in <TTree 'tree' (9851 branches) at 0x7f57c3c39790>, taking first instance
  warnings.warn(
/home/pku/zhaoyz/anaconda3/envs/lpr/lib/python3.9/site-packages/coffea/nanoevents/mapping/uproot.py:86: UserWarning: Found duplicate branch Muon_size in <TTree 'tree' (9851 branches) at 0x7f57c3c39790>, taking first instance
  warnings.warn(
/home/pku/zhaoyz/anaconda3/envs/lpr/lib/python3.9/site-packages/coffea/nanoevents/mapping/uproot.py:86: UserWarning: Found duplicate branch PuppiMissingET_size in <TTree 'tree' (9851 branches) at 0x7f57c3c39790>, taking first instance
  warnings.warn(
/home/pku/zhaoyz/anaconda3/envs/lpr/lib/python3.9/site-packages/coffea/nanoevents/mapping/uproot.py:86: UserWarning: Found duplicate branch MissingET_size in <TTree 'tree' (9851 branches) at 0x7f57c3c39790>, taking first instance
  warnings.warn(
Imported!
Loaded CustomDelphesSchema: <class 'custom.CustomDelphesSchema'>
dR_muon [3.24, None, 0.954, None, None, 2.79, ... 2.98, 3.25, 2.56, 2.62, 0.00248, 1.42]
dR_electron [None, 2.94, None, 0.116, 2.93, None, 2.15, ... None, None, None, None, None, None]
mass [[63.2], [55.3], [105, 5.9], [118, 105], ... [107], [120], [121, 0.106], [47.2, 103]]
max_tagger [0.0287, 0.0773, 0.134, 0.0181, 0.000332, ... 0.179, 0.0532, 0.0755, 0.00111]
max_tagger [0.0287, 0.0773, 0.000332, 0.000283, 8.77e-05, ... 2.31e-05, 0.00744, 0.179, 0.0532]
Done transfer tree for /data/bond/zhaoyz/Pheno/ntuplizer/output_with_PUPPI/TTbar_semilep_part5_25M/ntuple_events_delphes_272.root
