/home/pku/zhaoyz/anaconda3/envs/lpr/lib/python3.9/site-packages/coffea/nanoevents/mapping/uproot.py:86: UserWarning: Found duplicate branch JetPUPPI_size in <TTree 'tree' (9137 branches) at 0x7f86f34f9790>, taking first instance
  warnings.warn(
/home/pku/zhaoyz/anaconda3/envs/lpr/lib/python3.9/site-packages/coffea/nanoevents/mapping/uproot.py:86: UserWarning: Found duplicate branch Particle_size in <TTree 'tree' (9137 branches) at 0x7f86f34f9790>, taking first instance
  warnings.warn(
/home/pku/zhaoyz/anaconda3/envs/lpr/lib/python3.9/site-packages/coffea/nanoevents/mapping/uproot.py:86: UserWarning: Found duplicate branch JetPUPPIAK8_size in <TTree 'tree' (9137 branches) at 0x7f86f34f9790>, taking first instance
  warnings.warn(
/home/pku/zhaoyz/anaconda3/envs/lpr/lib/python3.9/site-packages/coffea/nanoevents/mapping/uproot.py:86: UserWarning: Found duplicate branch Electron_size in <TTree 'tree' (9137 branches) at 0x7f86f34f9790>, taking first instance
  warnings.warn(
/home/pku/zhaoyz/anaconda3/envs/lpr/lib/python3.9/site-packages/coffea/nanoevents/mapping/uproot.py:86: UserWarning: Found duplicate branch Muon_size in <TTree 'tree' (9137 branches) at 0x7f86f34f9790>, taking first instance
  warnings.warn(
/home/pku/zhaoyz/anaconda3/envs/lpr/lib/python3.9/site-packages/coffea/nanoevents/mapping/uproot.py:86: UserWarning: Found duplicate branch PuppiMissingET_size in <TTree 'tree' (9137 branches) at 0x7f86f34f9790>, taking first instance
  warnings.warn(
/home/pku/zhaoyz/anaconda3/envs/lpr/lib/python3.9/site-packages/coffea/nanoevents/mapping/uproot.py:86: UserWarning: Found duplicate branch MissingET_size in <TTree 'tree' (9137 branches) at 0x7f86f34f9790>, taking first instance
  warnings.warn(
Imported!
Loaded CustomDelphesSchema: <class 'custom.CustomDelphesSchema'>
dR_muon [2.84, 2.84, 0.363, 1.86, 1.44, None, 2.87, ... 2.43, 2.91, None, 3.09, None, None]
dR_electron [None, None, None, 2.74, None, 2.54, None, ... None, None, 0.399, None, 3.52, 3.29]
mass [[44.4], [7.76], [129, 5.51], [9.44], ... [100, 3.49], [73.5], [4.18], [75.1]]
max_tagger [0.00246, 0.00217, 0.000318, 3.15e-05, ... 0.000355, 0.00123, 0.000263, 0.095]
max_tagger [0.0274, 0.000597, 0.0191, 0.237, 0.0426, ... 0.000532, 9.02e-05, 0.00123, 0.095]
Done transfer tree for /data/bond/zhaoyz/Pheno/ntuplizer/output_with_PUPPI/TTbar_semilep_part5_25M/ntuple_events_delphes_351.root
