/home/pku/zhaoyz/anaconda3/envs/lpr/lib/python3.9/site-packages/coffea/nanoevents/mapping/uproot.py:86: UserWarning: Found duplicate branch JetPUPPI_size in <TTree 'tree' (9578 branches) at 0x7f15ed5f8790>, taking first instance
  warnings.warn(
/home/pku/zhaoyz/anaconda3/envs/lpr/lib/python3.9/site-packages/coffea/nanoevents/mapping/uproot.py:86: UserWarning: Found duplicate branch Particle_size in <TTree 'tree' (9578 branches) at 0x7f15ed5f8790>, taking first instance
  warnings.warn(
/home/pku/zhaoyz/anaconda3/envs/lpr/lib/python3.9/site-packages/coffea/nanoevents/mapping/uproot.py:86: UserWarning: Found duplicate branch JetPUPPIAK8_size in <TTree 'tree' (9578 branches) at 0x7f15ed5f8790>, taking first instance
  warnings.warn(
/home/pku/zhaoyz/anaconda3/envs/lpr/lib/python3.9/site-packages/coffea/nanoevents/mapping/uproot.py:86: UserWarning: Found duplicate branch Electron_size in <TTree 'tree' (9578 branches) at 0x7f15ed5f8790>, taking first instance
  warnings.warn(
/home/pku/zhaoyz/anaconda3/envs/lpr/lib/python3.9/site-packages/coffea/nanoevents/mapping/uproot.py:86: UserWarning: Found duplicate branch Muon_size in <TTree 'tree' (9578 branches) at 0x7f15ed5f8790>, taking first instance
  warnings.warn(
/home/pku/zhaoyz/anaconda3/envs/lpr/lib/python3.9/site-packages/coffea/nanoevents/mapping/uproot.py:86: UserWarning: Found duplicate branch PuppiMissingET_size in <TTree 'tree' (9578 branches) at 0x7f15ed5f8790>, taking first instance
  warnings.warn(
/home/pku/zhaoyz/anaconda3/envs/lpr/lib/python3.9/site-packages/coffea/nanoevents/mapping/uproot.py:86: UserWarning: Found duplicate branch MissingET_size in <TTree 'tree' (9578 branches) at 0x7f15ed5f8790>, taking first instance
  warnings.warn(
Imported!
Loaded CustomDelphesSchema: <class 'custom.CustomDelphesSchema'>
dR_muon [2, 3.53, None, 2.75, 3.24, None, 2.87, ... 0.427, 2.9, None, None, None, 2.22, None]
dR_electron [None, None, 2.38, None, None, 0.459, None, ... None, 2.87, 2.93, 2.9, None, 0.557]
mass [[47.5], [49.6], [11.1], [91.4], [87], ... [97.4], [120], [64.7, 16.6], [164, 99.3]]
max_tagger [0.0552, 0.0103, 0.000142, 1.92e-05, 0.000762, ... 0.00628, 0.000293, 0.0121, 0.103]
max_tagger [1.92e-05, 0.000762, 0.025, 0.0014, 0.00112, ... 0.00135, 0.00628, 0.000293, 0.0121]
Done transfer tree for /data/bond/zhaoyz/Pheno/ntuplizer/output_with_PUPPI/TTbar_semilep_part5_25M/ntuple_events_delphes_332.root
