/home/pku/zhaoyz/anaconda3/envs/lpr/lib/python3.9/site-packages/coffea/nanoevents/mapping/uproot.py:86: UserWarning: Found duplicate branch JetPUPPI_size in <TTree 'tree' (9914 branches) at 0x7f9e88f5d790>, taking first instance
  warnings.warn(
/home/pku/zhaoyz/anaconda3/envs/lpr/lib/python3.9/site-packages/coffea/nanoevents/mapping/uproot.py:86: UserWarning: Found duplicate branch Particle_size in <TTree 'tree' (9914 branches) at 0x7f9e88f5d790>, taking first instance
  warnings.warn(
/home/pku/zhaoyz/anaconda3/envs/lpr/lib/python3.9/site-packages/coffea/nanoevents/mapping/uproot.py:86: UserWarning: Found duplicate branch JetPUPPIAK8_size in <TTree 'tree' (9914 branches) at 0x7f9e88f5d790>, taking first instance
  warnings.warn(
/home/pku/zhaoyz/anaconda3/envs/lpr/lib/python3.9/site-packages/coffea/nanoevents/mapping/uproot.py:86: UserWarning: Found duplicate branch Electron_size in <TTree 'tree' (9914 branches) at 0x7f9e88f5d790>, taking first instance
  warnings.warn(
/home/pku/zhaoyz/anaconda3/envs/lpr/lib/python3.9/site-packages/coffea/nanoevents/mapping/uproot.py:86: UserWarning: Found duplicate branch Muon_size in <TTree 'tree' (9914 branches) at 0x7f9e88f5d790>, taking first instance
  warnings.warn(
/home/pku/zhaoyz/anaconda3/envs/lpr/lib/python3.9/site-packages/coffea/nanoevents/mapping/uproot.py:86: UserWarning: Found duplicate branch PuppiMissingET_size in <TTree 'tree' (9914 branches) at 0x7f9e88f5d790>, taking first instance
  warnings.warn(
/home/pku/zhaoyz/anaconda3/envs/lpr/lib/python3.9/site-packages/coffea/nanoevents/mapping/uproot.py:86: UserWarning: Found duplicate branch MissingET_size in <TTree 'tree' (9914 branches) at 0x7f9e88f5d790>, taking first instance
  warnings.warn(
Imported!
Loaded CustomDelphesSchema: <class 'custom.CustomDelphesSchema'>
dR_muon [0.523, None, 3.14, 1.19, 3.38, 2.09, ... 0.635, None, 2.84, 0.474, 2.78, None]
dR_electron [None, 0.523, None, None, None, None, None, ... None, 2.32, None, None, None, 2.58]
mass [[83.3], [95.9, 28.6, 91.5], [33.1], [130, ... [13.7], [61.1], [3.45], [42.1]]
max_tagger [1.39e-05, 0.00393, 0.000871, 0.126, ... 0.0027, 0.000661, 0.00117, 0.000456]
max_tagger [0.126, 0.00174, 0.114, 0.0251, 0.00262, ... 0.102, 0.0412, 0.0014, 0.00086, 0.0029]
Done transfer tree for /data/bond/zhaoyz/Pheno/ntuplizer/output_with_PUPPI/TTbar_semilep_part5_25M/ntuple_events_delphes_211.root
