/home/pku/zhaoyz/anaconda3/envs/lpr/lib/python3.9/site-packages/coffea/nanoevents/mapping/uproot.py:86: UserWarning: Found duplicate branch JetPUPPI_size in <TTree 'tree' (9403 branches) at 0x7f7cf401a790>, taking first instance
  warnings.warn(
/home/pku/zhaoyz/anaconda3/envs/lpr/lib/python3.9/site-packages/coffea/nanoevents/mapping/uproot.py:86: UserWarning: Found duplicate branch Particle_size in <TTree 'tree' (9403 branches) at 0x7f7cf401a790>, taking first instance
  warnings.warn(
/home/pku/zhaoyz/anaconda3/envs/lpr/lib/python3.9/site-packages/coffea/nanoevents/mapping/uproot.py:86: UserWarning: Found duplicate branch JetPUPPIAK8_size in <TTree 'tree' (9403 branches) at 0x7f7cf401a790>, taking first instance
  warnings.warn(
/home/pku/zhaoyz/anaconda3/envs/lpr/lib/python3.9/site-packages/coffea/nanoevents/mapping/uproot.py:86: UserWarning: Found duplicate branch Electron_size in <TTree 'tree' (9403 branches) at 0x7f7cf401a790>, taking first instance
  warnings.warn(
/home/pku/zhaoyz/anaconda3/envs/lpr/lib/python3.9/site-packages/coffea/nanoevents/mapping/uproot.py:86: UserWarning: Found duplicate branch Muon_size in <TTree 'tree' (9403 branches) at 0x7f7cf401a790>, taking first instance
  warnings.warn(
/home/pku/zhaoyz/anaconda3/envs/lpr/lib/python3.9/site-packages/coffea/nanoevents/mapping/uproot.py:86: UserWarning: Found duplicate branch PuppiMissingET_size in <TTree 'tree' (9403 branches) at 0x7f7cf401a790>, taking first instance
  warnings.warn(
/home/pku/zhaoyz/anaconda3/envs/lpr/lib/python3.9/site-packages/coffea/nanoevents/mapping/uproot.py:86: UserWarning: Found duplicate branch MissingET_size in <TTree 'tree' (9403 branches) at 0x7f7cf401a790>, taking first instance
  warnings.warn(
Imported!
Loaded CustomDelphesSchema: <class 'custom.CustomDelphesSchema'>
dR_muon [0.415, None, 0.192, 3.48, None, None, 3.2, ... 0.33, 3.42, None, None, 3.13, 0.359]
dR_electron [None, 0, None, None, 2.74, 1.96, None, ... None, None, 0.0283, 2.13, None, None]
mass [[102, 3.89], [0.000511], [13.2, 110], ... 0.000511, 95.3], [44.6], [114], [78.5]]
max_tagger [0.00056, 6.72e-08, 0.0153, 0.00146, 0.000475, ... 0.000117, 0.00077, 0.168, 1.4e-06]
max_tagger [0.00146, 0.000475, 0.0011, 0.0127, 0.0234, ... 0.0159, 0.156, 0.0795, 0.168]
Done transfer tree for /data/bond/zhaoyz/Pheno/ntuplizer/output_with_PUPPI/TTbar_semilep_part5_25M/ntuple_events_delphes_370.root
