/home/pku/zhaoyz/anaconda3/envs/lpr/lib/python3.9/site-packages/coffea/nanoevents/mapping/uproot.py:86: UserWarning: Found duplicate branch JetPUPPI_size in <TTree 'tree' (10026 branches) at 0x7f2e4af3c790>, taking first instance
  warnings.warn(
/home/pku/zhaoyz/anaconda3/envs/lpr/lib/python3.9/site-packages/coffea/nanoevents/mapping/uproot.py:86: UserWarning: Found duplicate branch Particle_size in <TTree 'tree' (10026 branches) at 0x7f2e4af3c790>, taking first instance
  warnings.warn(
/home/pku/zhaoyz/anaconda3/envs/lpr/lib/python3.9/site-packages/coffea/nanoevents/mapping/uproot.py:86: UserWarning: Found duplicate branch JetPUPPIAK8_size in <TTree 'tree' (10026 branches) at 0x7f2e4af3c790>, taking first instance
  warnings.warn(
/home/pku/zhaoyz/anaconda3/envs/lpr/lib/python3.9/site-packages/coffea/nanoevents/mapping/uproot.py:86: UserWarning: Found duplicate branch Electron_size in <TTree 'tree' (10026 branches) at 0x7f2e4af3c790>, taking first instance
  warnings.warn(
/home/pku/zhaoyz/anaconda3/envs/lpr/lib/python3.9/site-packages/coffea/nanoevents/mapping/uproot.py:86: UserWarning: Found duplicate branch Muon_size in <TTree 'tree' (10026 branches) at 0x7f2e4af3c790>, taking first instance
  warnings.warn(
/home/pku/zhaoyz/anaconda3/envs/lpr/lib/python3.9/site-packages/coffea/nanoevents/mapping/uproot.py:86: UserWarning: Found duplicate branch PuppiMissingET_size in <TTree 'tree' (10026 branches) at 0x7f2e4af3c790>, taking first instance
  warnings.warn(
/home/pku/zhaoyz/anaconda3/envs/lpr/lib/python3.9/site-packages/coffea/nanoevents/mapping/uproot.py:86: UserWarning: Found duplicate branch MissingET_size in <TTree 'tree' (10026 branches) at 0x7f2e4af3c790>, taking first instance
  warnings.warn(
Imported!
Loaded CustomDelphesSchema: <class 'custom.CustomDelphesSchema'>
dR_muon [2.15, 0.41, None, None, None, None, 1.55, ... None, None, None, None, 3.17, 1.17]
dR_electron [None, None, 0.467, 2.8, 1.5, 2.53, None, ... 2.8, 3.13, 2.87, 2.97, None, None]
mass [[60.9], [134, 57.9], [36.3, 79.5], [40.7], ... 142], [85.6], [61.2], [82.9], [55.6]]
max_tagger [9.87e-05, 0.00351, 0.0689, 0.0637, 0.00504, ... 0.000394, 0.0397, 0.000192, 0.0313]
max_tagger [9.87e-05, 0.0342, 0.283, 0.0384, 0.317, ... 0.000394, 0.0397, 0.000192, 0.0313]
Done transfer tree for /data/bond/zhaoyz/Pheno/ntuplizer/output_with_PUPPI/TTbar_semilep_part5_25M/ntuple_events_delphes_497.root
