/home/pku/zhaoyz/anaconda3/envs/lpr/lib/python3.9/site-packages/coffea/nanoevents/mapping/uproot.py:86: UserWarning: Found duplicate branch JetPUPPI_size in <TTree 'tree' (9102 branches) at 0x7f6cf1d61790>, taking first instance
  warnings.warn(
/home/pku/zhaoyz/anaconda3/envs/lpr/lib/python3.9/site-packages/coffea/nanoevents/mapping/uproot.py:86: UserWarning: Found duplicate branch Particle_size in <TTree 'tree' (9102 branches) at 0x7f6cf1d61790>, taking first instance
  warnings.warn(
/home/pku/zhaoyz/anaconda3/envs/lpr/lib/python3.9/site-packages/coffea/nanoevents/mapping/uproot.py:86: UserWarning: Found duplicate branch JetPUPPIAK8_size in <TTree 'tree' (9102 branches) at 0x7f6cf1d61790>, taking first instance
  warnings.warn(
/home/pku/zhaoyz/anaconda3/envs/lpr/lib/python3.9/site-packages/coffea/nanoevents/mapping/uproot.py:86: UserWarning: Found duplicate branch Electron_size in <TTree 'tree' (9102 branches) at 0x7f6cf1d61790>, taking first instance
  warnings.warn(
/home/pku/zhaoyz/anaconda3/envs/lpr/lib/python3.9/site-packages/coffea/nanoevents/mapping/uproot.py:86: UserWarning: Found duplicate branch Muon_size in <TTree 'tree' (9102 branches) at 0x7f6cf1d61790>, taking first instance
  warnings.warn(
/home/pku/zhaoyz/anaconda3/envs/lpr/lib/python3.9/site-packages/coffea/nanoevents/mapping/uproot.py:86: UserWarning: Found duplicate branch PuppiMissingET_size in <TTree 'tree' (9102 branches) at 0x7f6cf1d61790>, taking first instance
  warnings.warn(
/home/pku/zhaoyz/anaconda3/envs/lpr/lib/python3.9/site-packages/coffea/nanoevents/mapping/uproot.py:86: UserWarning: Found duplicate branch MissingET_size in <TTree 'tree' (9102 branches) at 0x7f6cf1d61790>, taking first instance
  warnings.warn(
Imported!
Loaded CustomDelphesSchema: <class 'custom.CustomDelphesSchema'>
dR_muon [None, 2.01, None, None, None, 2.96, None, ... 3, 3.01, None, 3.16, None, 2.34, None]
dR_electron [1.88, 3.44, 1.43, 2.93, 3.1, None, 2.96, ... None, 0.392, None, 3.06, None, 0.142]
mass [[91], [8.31], [83.4], [3.23], [84.2], ... [83.6], [2.77], [109], [81.3, 96.7]]
max_tagger [0.00795, 0.0063, 0.000454, 0.000463, 0.00105, ... 0.000155, 0.0181, 0.0142, 0.00238]
max_tagger [0.00795, 0.000454, 0.00105, 0.033, 5.17e-05, ... 0.561, 0.526, 0.000155, 0.0142]
Done transfer tree for /data/bond/zhaoyz/Pheno/ntuplizer/output_with_PUPPI/TTbar_semilep_part5_25M/ntuple_events_delphes_377.root
