/home/pku/zhaoyz/anaconda3/envs/lpr/lib/python3.9/site-packages/coffea/nanoevents/mapping/uproot.py:86: UserWarning: Found duplicate branch JetPUPPI_size in <TTree 'tree' (9956 branches) at 0x7f7da29e8790>, taking first instance
  warnings.warn(
/home/pku/zhaoyz/anaconda3/envs/lpr/lib/python3.9/site-packages/coffea/nanoevents/mapping/uproot.py:86: UserWarning: Found duplicate branch Particle_size in <TTree 'tree' (9956 branches) at 0x7f7da29e8790>, taking first instance
  warnings.warn(
/home/pku/zhaoyz/anaconda3/envs/lpr/lib/python3.9/site-packages/coffea/nanoevents/mapping/uproot.py:86: UserWarning: Found duplicate branch JetPUPPIAK8_size in <TTree 'tree' (9956 branches) at 0x7f7da29e8790>, taking first instance
  warnings.warn(
/home/pku/zhaoyz/anaconda3/envs/lpr/lib/python3.9/site-packages/coffea/nanoevents/mapping/uproot.py:86: UserWarning: Found duplicate branch Electron_size in <TTree 'tree' (9956 branches) at 0x7f7da29e8790>, taking first instance
  warnings.warn(
/home/pku/zhaoyz/anaconda3/envs/lpr/lib/python3.9/site-packages/coffea/nanoevents/mapping/uproot.py:86: UserWarning: Found duplicate branch Muon_size in <TTree 'tree' (9956 branches) at 0x7f7da29e8790>, taking first instance
  warnings.warn(
/home/pku/zhaoyz/anaconda3/envs/lpr/lib/python3.9/site-packages/coffea/nanoevents/mapping/uproot.py:86: UserWarning: Found duplicate branch PuppiMissingET_size in <TTree 'tree' (9956 branches) at 0x7f7da29e8790>, taking first instance
  warnings.warn(
/home/pku/zhaoyz/anaconda3/envs/lpr/lib/python3.9/site-packages/coffea/nanoevents/mapping/uproot.py:86: UserWarning: Found duplicate branch MissingET_size in <TTree 'tree' (9956 branches) at 0x7f7da29e8790>, taking first instance
  warnings.warn(
Imported!
Loaded CustomDelphesSchema: <class 'custom.CustomDelphesSchema'>
dR_muon [0.438, None, 3.15, None, 2.58, None, 3.41, ... None, 3.3, None, None, None, None]
dR_electron [None, 2.95, None, 0.781, None, 0.157, None, ... 3.03, None, 0.287, 3.32, 3.52, 3.03]
mass [[101, 25.8], [121], [44.2], [46.5, 82.6], ... [92.9, 64], [96.4], [11.4], [76.4]]
max_tagger [0.0369, 0.000979, 0.000481, 0.00772, 0.0694, ... 0.0199, 0.275, 0.000316, 0.000136]
max_tagger [0.000979, 0.0694, 0.0411, 0.197, 0.0189, ... 0.00108, 0.371, 0.275, 0.000136]
Done transfer tree for /data/bond/zhaoyz/Pheno/ntuplizer/output_with_PUPPI/TTbar_semilep_part5_25M/ntuple_events_delphes_426.root
