/home/pku/zhaoyz/anaconda3/envs/lpr/lib/python3.9/site-packages/coffea/nanoevents/mapping/uproot.py:86: UserWarning: Found duplicate branch JetPUPPI_size in <TTree 'tree' (9193 branches) at 0x7f83b5910790>, taking first instance
  warnings.warn(
/home/pku/zhaoyz/anaconda3/envs/lpr/lib/python3.9/site-packages/coffea/nanoevents/mapping/uproot.py:86: UserWarning: Found duplicate branch Particle_size in <TTree 'tree' (9193 branches) at 0x7f83b5910790>, taking first instance
  warnings.warn(
/home/pku/zhaoyz/anaconda3/envs/lpr/lib/python3.9/site-packages/coffea/nanoevents/mapping/uproot.py:86: UserWarning: Found duplicate branch JetPUPPIAK8_size in <TTree 'tree' (9193 branches) at 0x7f83b5910790>, taking first instance
  warnings.warn(
/home/pku/zhaoyz/anaconda3/envs/lpr/lib/python3.9/site-packages/coffea/nanoevents/mapping/uproot.py:86: UserWarning: Found duplicate branch Electron_size in <TTree 'tree' (9193 branches) at 0x7f83b5910790>, taking first instance
  warnings.warn(
/home/pku/zhaoyz/anaconda3/envs/lpr/lib/python3.9/site-packages/coffea/nanoevents/mapping/uproot.py:86: UserWarning: Found duplicate branch Muon_size in <TTree 'tree' (9193 branches) at 0x7f83b5910790>, taking first instance
  warnings.warn(
/home/pku/zhaoyz/anaconda3/envs/lpr/lib/python3.9/site-packages/coffea/nanoevents/mapping/uproot.py:86: UserWarning: Found duplicate branch PuppiMissingET_size in <TTree 'tree' (9193 branches) at 0x7f83b5910790>, taking first instance
  warnings.warn(
/home/pku/zhaoyz/anaconda3/envs/lpr/lib/python3.9/site-packages/coffea/nanoevents/mapping/uproot.py:86: UserWarning: Found duplicate branch MissingET_size in <TTree 'tree' (9193 branches) at 0x7f83b5910790>, taking first instance
  warnings.warn(
Imported!
Loaded CustomDelphesSchema: <class 'custom.CustomDelphesSchema'>
dR_muon [2.16, None, 2.68, None, None, None, None, ... 2.47, None, None, None, None, 0.567]
dR_electron [4.09, 0, None, 4.48, 2.14, 3.03, 0, ... 0.462, None, 3.57, 2.02, 2.74, 0.559, None]
mass [[87.7], [0.000511, 92.3], [5.33], [9.57], ... [98.8], [9.39, 76.3, 11.1], [98.8]]
max_tagger [0.00237, 0.591, 0.000455, 0.000361, 0.00049, ... 0.000131, 0.107, 0.000764, 0.002]
max_tagger [0.00237, 0.178, 0.137, 0.000802, 0.00235, ... 0.161, 0.0489, 0.00235, 0.0049, 0.107]
Done transfer tree for /data/bond/zhaoyz/Pheno/ntuplizer/output_with_PUPPI/TTbar_semilep_part5_25M/ntuple_events_delphes_199.root
