/home/pku/zhaoyz/anaconda3/envs/lpr/lib/python3.9/site-packages/coffea/nanoevents/mapping/uproot.py:86: UserWarning: Found duplicate branch JetPUPPI_size in <TTree 'tree' (9606 branches) at 0x7fb2097de790>, taking first instance
  warnings.warn(
/home/pku/zhaoyz/anaconda3/envs/lpr/lib/python3.9/site-packages/coffea/nanoevents/mapping/uproot.py:86: UserWarning: Found duplicate branch Particle_size in <TTree 'tree' (9606 branches) at 0x7fb2097de790>, taking first instance
  warnings.warn(
/home/pku/zhaoyz/anaconda3/envs/lpr/lib/python3.9/site-packages/coffea/nanoevents/mapping/uproot.py:86: UserWarning: Found duplicate branch JetPUPPIAK8_size in <TTree 'tree' (9606 branches) at 0x7fb2097de790>, taking first instance
  warnings.warn(
/home/pku/zhaoyz/anaconda3/envs/lpr/lib/python3.9/site-packages/coffea/nanoevents/mapping/uproot.py:86: UserWarning: Found duplicate branch Electron_size in <TTree 'tree' (9606 branches) at 0x7fb2097de790>, taking first instance
  warnings.warn(
/home/pku/zhaoyz/anaconda3/envs/lpr/lib/python3.9/site-packages/coffea/nanoevents/mapping/uproot.py:86: UserWarning: Found duplicate branch Muon_size in <TTree 'tree' (9606 branches) at 0x7fb2097de790>, taking first instance
  warnings.warn(
/home/pku/zhaoyz/anaconda3/envs/lpr/lib/python3.9/site-packages/coffea/nanoevents/mapping/uproot.py:86: UserWarning: Found duplicate branch PuppiMissingET_size in <TTree 'tree' (9606 branches) at 0x7fb2097de790>, taking first instance
  warnings.warn(
/home/pku/zhaoyz/anaconda3/envs/lpr/lib/python3.9/site-packages/coffea/nanoevents/mapping/uproot.py:86: UserWarning: Found duplicate branch MissingET_size in <TTree 'tree' (9606 branches) at 0x7fb2097de790>, taking first instance
  warnings.warn(
Imported!
Loaded CustomDelphesSchema: <class 'custom.CustomDelphesSchema'>
dR_muon [None, 0.0923, None, 1.19, None, 3.09, None, ... None, 0.569, 3.25, None, None, 1.25]
dR_electron [2.66, None, 0.501, None, 2.69, None, 2.95, ... 0.399, None, None, 2.8, 2.97, None]
mass [[20.4, 16.4, 57.1], [67.6, 55.2], [34.8, 63.8, ... [25.9], [7.61], [24.9, 77.9]]
max_tagger [0.000424, 0.00272, 0.0547, 0.0209, 0.000275, ... 0.0733, 0.0431, 0.00275, 0.0642]
max_tagger [0.000424, 0.0209, 0.000275, 0.0202, 0.000141, ... 0.0998, 0.000157, 0.0733, 0.0642]
Done transfer tree for /data/bond/zhaoyz/Pheno/ntuplizer/output_with_PUPPI/TTbar_semilep_part5_25M/ntuple_events_delphes_158.root
