/home/pku/zhaoyz/anaconda3/envs/lpr/lib/python3.9/site-packages/coffea/nanoevents/mapping/uproot.py:86: UserWarning: Found duplicate branch JetPUPPI_size in <TTree 'tree' (9487 branches) at 0x7f8f4ae85790>, taking first instance
  warnings.warn(
/home/pku/zhaoyz/anaconda3/envs/lpr/lib/python3.9/site-packages/coffea/nanoevents/mapping/uproot.py:86: UserWarning: Found duplicate branch Particle_size in <TTree 'tree' (9487 branches) at 0x7f8f4ae85790>, taking first instance
  warnings.warn(
/home/pku/zhaoyz/anaconda3/envs/lpr/lib/python3.9/site-packages/coffea/nanoevents/mapping/uproot.py:86: UserWarning: Found duplicate branch JetPUPPIAK8_size in <TTree 'tree' (9487 branches) at 0x7f8f4ae85790>, taking first instance
  warnings.warn(
/home/pku/zhaoyz/anaconda3/envs/lpr/lib/python3.9/site-packages/coffea/nanoevents/mapping/uproot.py:86: UserWarning: Found duplicate branch Electron_size in <TTree 'tree' (9487 branches) at 0x7f8f4ae85790>, taking first instance
  warnings.warn(
/home/pku/zhaoyz/anaconda3/envs/lpr/lib/python3.9/site-packages/coffea/nanoevents/mapping/uproot.py:86: UserWarning: Found duplicate branch Muon_size in <TTree 'tree' (9487 branches) at 0x7f8f4ae85790>, taking first instance
  warnings.warn(
/home/pku/zhaoyz/anaconda3/envs/lpr/lib/python3.9/site-packages/coffea/nanoevents/mapping/uproot.py:86: UserWarning: Found duplicate branch PuppiMissingET_size in <TTree 'tree' (9487 branches) at 0x7f8f4ae85790>, taking first instance
  warnings.warn(
/home/pku/zhaoyz/anaconda3/envs/lpr/lib/python3.9/site-packages/coffea/nanoevents/mapping/uproot.py:86: UserWarning: Found duplicate branch MissingET_size in <TTree 'tree' (9487 branches) at 0x7f8f4ae85790>, taking first instance
  warnings.warn(
Imported!
Loaded CustomDelphesSchema: <class 'custom.CustomDelphesSchema'>
dR_muon [None, None, None, 0.344, 3.11, None, 3.64, ... 0.968, None, None, 2.62, None, None]
dR_electron [3.94, 0.535, 2.63, None, None, 2.89, None, ... None, 3.14, 3.65, None, 3.07, 2.93]
mass [[80.4], [90.5], [76.5], [83.8], [45.5], ... [13.5], [25.5], [4.82], [76], [3.8]]
max_tagger [0.0206, 0.000294, 0.000807, 0.000403, 0.0118, ... 0.000113, 0.000216, 0.616, 0.0402]
max_tagger [0.0206, 0.000807, 0.00716, 0.0105, 0.0144, ... 0.0119, 0.01, 0.126, 0.0325, 0.616]
Done transfer tree for /data/bond/zhaoyz/Pheno/ntuplizer/output_with_PUPPI/TTbar_semilep_part5_25M/ntuple_events_delphes_167.root
