/home/pku/zhaoyz/anaconda3/envs/lpr/lib/python3.9/site-packages/coffea/nanoevents/mapping/uproot.py:86: UserWarning: Found duplicate branch JetPUPPI_size in <TTree 'tree' (9592 branches) at 0x7f285d3a1790>, taking first instance
  warnings.warn(
/home/pku/zhaoyz/anaconda3/envs/lpr/lib/python3.9/site-packages/coffea/nanoevents/mapping/uproot.py:86: UserWarning: Found duplicate branch Particle_size in <TTree 'tree' (9592 branches) at 0x7f285d3a1790>, taking first instance
  warnings.warn(
/home/pku/zhaoyz/anaconda3/envs/lpr/lib/python3.9/site-packages/coffea/nanoevents/mapping/uproot.py:86: UserWarning: Found duplicate branch JetPUPPIAK8_size in <TTree 'tree' (9592 branches) at 0x7f285d3a1790>, taking first instance
  warnings.warn(
/home/pku/zhaoyz/anaconda3/envs/lpr/lib/python3.9/site-packages/coffea/nanoevents/mapping/uproot.py:86: UserWarning: Found duplicate branch Electron_size in <TTree 'tree' (9592 branches) at 0x7f285d3a1790>, taking first instance
  warnings.warn(
/home/pku/zhaoyz/anaconda3/envs/lpr/lib/python3.9/site-packages/coffea/nanoevents/mapping/uproot.py:86: UserWarning: Found duplicate branch Muon_size in <TTree 'tree' (9592 branches) at 0x7f285d3a1790>, taking first instance
  warnings.warn(
/home/pku/zhaoyz/anaconda3/envs/lpr/lib/python3.9/site-packages/coffea/nanoevents/mapping/uproot.py:86: UserWarning: Found duplicate branch PuppiMissingET_size in <TTree 'tree' (9592 branches) at 0x7f285d3a1790>, taking first instance
  warnings.warn(
/home/pku/zhaoyz/anaconda3/envs/lpr/lib/python3.9/site-packages/coffea/nanoevents/mapping/uproot.py:86: UserWarning: Found duplicate branch MissingET_size in <TTree 'tree' (9592 branches) at 0x7f285d3a1790>, taking first instance
  warnings.warn(
Imported!
Loaded CustomDelphesSchema: <class 'custom.CustomDelphesSchema'>
dR_muon [None, 2.69, 2.53, None, 2.01, None, 0.575, ... 2.16, 1.76, 2.6, 2.94, None, 0.367]
dR_electron [0.365, None, None, 3.71, None, 2.84, None, ... None, None, None, None, 0.235, None]
mass [[116], [51.4], [28.5], [7.28], [41], ... [30.8], [27.4], [82.6, 60.1], [101, 113]]
max_tagger [1.04e-05, 0.000782, 0.0138, 0.000221, 0.12, ... 0.00362, 0.000232, 8.33e-05, 0.013]
max_tagger [0.000782, 0.113, 3.9e-05, 0.00744, 0.181, ... 0.000992, 0.0133, 0.0545, 0.00894]
Done transfer tree for /data/bond/zhaoyz/Pheno/ntuplizer/output_with_PUPPI/TTbar_semilep_part5_25M/ntuple_events_delphes_424.root
