/home/pku/zhaoyz/anaconda3/envs/lpr/lib/python3.9/site-packages/coffea/nanoevents/mapping/uproot.py:86: UserWarning: Found duplicate branch JetPUPPI_size in <TTree 'tree' (9942 branches) at 0x7f1a5ee0f790>, taking first instance
  warnings.warn(
/home/pku/zhaoyz/anaconda3/envs/lpr/lib/python3.9/site-packages/coffea/nanoevents/mapping/uproot.py:86: UserWarning: Found duplicate branch Particle_size in <TTree 'tree' (9942 branches) at 0x7f1a5ee0f790>, taking first instance
  warnings.warn(
/home/pku/zhaoyz/anaconda3/envs/lpr/lib/python3.9/site-packages/coffea/nanoevents/mapping/uproot.py:86: UserWarning: Found duplicate branch JetPUPPIAK8_size in <TTree 'tree' (9942 branches) at 0x7f1a5ee0f790>, taking first instance
  warnings.warn(
/home/pku/zhaoyz/anaconda3/envs/lpr/lib/python3.9/site-packages/coffea/nanoevents/mapping/uproot.py:86: UserWarning: Found duplicate branch Electron_size in <TTree 'tree' (9942 branches) at 0x7f1a5ee0f790>, taking first instance
  warnings.warn(
/home/pku/zhaoyz/anaconda3/envs/lpr/lib/python3.9/site-packages/coffea/nanoevents/mapping/uproot.py:86: UserWarning: Found duplicate branch Muon_size in <TTree 'tree' (9942 branches) at 0x7f1a5ee0f790>, taking first instance
  warnings.warn(
/home/pku/zhaoyz/anaconda3/envs/lpr/lib/python3.9/site-packages/coffea/nanoevents/mapping/uproot.py:86: UserWarning: Found duplicate branch PuppiMissingET_size in <TTree 'tree' (9942 branches) at 0x7f1a5ee0f790>, taking first instance
  warnings.warn(
/home/pku/zhaoyz/anaconda3/envs/lpr/lib/python3.9/site-packages/coffea/nanoevents/mapping/uproot.py:86: UserWarning: Found duplicate branch MissingET_size in <TTree 'tree' (9942 branches) at 0x7f1a5ee0f790>, taking first instance
  warnings.warn(
Imported!
Loaded CustomDelphesSchema: <class 'custom.CustomDelphesSchema'>
dR_muon [3.29, 3.38, 3.12, 2.09, 2.53, None, None, ... 1.25, 0.102, None, 0.344, None, None]
dR_electron [None, None, None, None, None, 1.56, 0.463, ... None, None, 2.26, None, 3.23, 2.56]
mass [[26.7], [77], [44.7], [25.8], [85.1], ... [0.106], [16.8], [105], [21.5], [104]]
max_tagger [0.0944, 0.00293, 0.00232, 0.000324, 0.00858, ... 0.117, 3.78e-05, 0.000522, 0.00132]
max_tagger [0.00293, 0.00858, 0.0121, 0.00152, 0.204, ... 0.118, 0.109, 0.0134, 0.0881, 0.00132]
Done transfer tree for /data/bond/zhaoyz/Pheno/ntuplizer/output_with_PUPPI/TTbar_semilep_part5_25M/ntuple_events_delphes_232.root
