/home/pku/zhaoyz/anaconda3/envs/lpr/lib/python3.9/site-packages/coffea/nanoevents/mapping/uproot.py:86: UserWarning: Found duplicate branch JetPUPPI_size in <TTree 'tree' (9480 branches) at 0x7f08d314c790>, taking first instance
  warnings.warn(
/home/pku/zhaoyz/anaconda3/envs/lpr/lib/python3.9/site-packages/coffea/nanoevents/mapping/uproot.py:86: UserWarning: Found duplicate branch Particle_size in <TTree 'tree' (9480 branches) at 0x7f08d314c790>, taking first instance
  warnings.warn(
/home/pku/zhaoyz/anaconda3/envs/lpr/lib/python3.9/site-packages/coffea/nanoevents/mapping/uproot.py:86: UserWarning: Found duplicate branch JetPUPPIAK8_size in <TTree 'tree' (9480 branches) at 0x7f08d314c790>, taking first instance
  warnings.warn(
/home/pku/zhaoyz/anaconda3/envs/lpr/lib/python3.9/site-packages/coffea/nanoevents/mapping/uproot.py:86: UserWarning: Found duplicate branch Electron_size in <TTree 'tree' (9480 branches) at 0x7f08d314c790>, taking first instance
  warnings.warn(
/home/pku/zhaoyz/anaconda3/envs/lpr/lib/python3.9/site-packages/coffea/nanoevents/mapping/uproot.py:86: UserWarning: Found duplicate branch Muon_size in <TTree 'tree' (9480 branches) at 0x7f08d314c790>, taking first instance
  warnings.warn(
/home/pku/zhaoyz/anaconda3/envs/lpr/lib/python3.9/site-packages/coffea/nanoevents/mapping/uproot.py:86: UserWarning: Found duplicate branch PuppiMissingET_size in <TTree 'tree' (9480 branches) at 0x7f08d314c790>, taking first instance
  warnings.warn(
/home/pku/zhaoyz/anaconda3/envs/lpr/lib/python3.9/site-packages/coffea/nanoevents/mapping/uproot.py:86: UserWarning: Found duplicate branch MissingET_size in <TTree 'tree' (9480 branches) at 0x7f08d314c790>, taking first instance
  warnings.warn(
/home/pku/zhaoyz/anaconda3/envs/lpr/lib/python3.9/site-packages/awkward/_connect/_numpy.py:197: RuntimeWarning: invalid value encountered in sqrt
  result = getattr(ufunc, method)(
Imported!
Loaded CustomDelphesSchema: <class 'custom.CustomDelphesSchema'>
dR_muon [None, None, None, 0.232, 3.2, 3.2, 3.17, ... 3.24, None, None, 3.8, 0.535, 2.87]
dR_electron [2.82, 0.331, 3.18, None, None, None, None, ... None, 2.46, 0.415, None, None, None]
mass [[77], [85, 85.8], [59.5], [109, 82.7, ... [99.2, 67.9], [16.8], [92.9], [8.22]]
max_tagger [0.289, 0.00147, 0.0401, 0.163, 0.000518, ... 0.0514, 0.000189, 0.000595, 0.000156]
max_tagger [0.289, 0.0401, 0.27, 0.0148, 0.00118, ... 0.000289, 0.000249, 0.00074, 0.0837]
Done transfer tree for /data/bond/zhaoyz/Pheno/ntuplizer/output_with_PUPPI/TTbar_semilep_part5_25M/ntuple_events_delphes_498.root
