/home/pku/zhaoyz/anaconda3/envs/lpr/lib/python3.9/site-packages/coffea/nanoevents/mapping/uproot.py:86: UserWarning: Found duplicate branch JetPUPPI_size in <TTree 'tree' (9242 branches) at 0x7f66557c6790>, taking first instance
  warnings.warn(
/home/pku/zhaoyz/anaconda3/envs/lpr/lib/python3.9/site-packages/coffea/nanoevents/mapping/uproot.py:86: UserWarning: Found duplicate branch Particle_size in <TTree 'tree' (9242 branches) at 0x7f66557c6790>, taking first instance
  warnings.warn(
/home/pku/zhaoyz/anaconda3/envs/lpr/lib/python3.9/site-packages/coffea/nanoevents/mapping/uproot.py:86: UserWarning: Found duplicate branch JetPUPPIAK8_size in <TTree 'tree' (9242 branches) at 0x7f66557c6790>, taking first instance
  warnings.warn(
/home/pku/zhaoyz/anaconda3/envs/lpr/lib/python3.9/site-packages/coffea/nanoevents/mapping/uproot.py:86: UserWarning: Found duplicate branch Electron_size in <TTree 'tree' (9242 branches) at 0x7f66557c6790>, taking first instance
  warnings.warn(
/home/pku/zhaoyz/anaconda3/envs/lpr/lib/python3.9/site-packages/coffea/nanoevents/mapping/uproot.py:86: UserWarning: Found duplicate branch Muon_size in <TTree 'tree' (9242 branches) at 0x7f66557c6790>, taking first instance
  warnings.warn(
/home/pku/zhaoyz/anaconda3/envs/lpr/lib/python3.9/site-packages/coffea/nanoevents/mapping/uproot.py:86: UserWarning: Found duplicate branch PuppiMissingET_size in <TTree 'tree' (9242 branches) at 0x7f66557c6790>, taking first instance
  warnings.warn(
/home/pku/zhaoyz/anaconda3/envs/lpr/lib/python3.9/site-packages/coffea/nanoevents/mapping/uproot.py:86: UserWarning: Found duplicate branch MissingET_size in <TTree 'tree' (9242 branches) at 0x7f66557c6790>, taking first instance
  warnings.warn(
Imported!
Loaded CustomDelphesSchema: <class 'custom.CustomDelphesSchema'>
dR_muon [3.79, 2.39, None, 0.393, None, None, None, ... 0.967, None, 3.73, None, None, None]
dR_electron [None, None, 0.00684, None, 0.598, 3.48, ... None, 2.45, None, 1.55, 0.0703, 0.00438]
mass [[80.5], [7.71], [79.5, 0.000511], [108, ... [77.6], [114], [20.9, 18.5, 0.000511]]
max_tagger [0.162, 0.00035, 9.17e-05, 0.0111, ... 0.000323, 0.0024, 6.64e-05, 0.000134]
max_tagger [0.162, 0.000997, 0.0597, 0.00072, 0.0016, ... 0.165, 9.78e-05, 0.0166, 0.0024]
Done transfer tree for /data/bond/zhaoyz/Pheno/ntuplizer/output_with_PUPPI/TTbar_semilep_part3_5M/ntuple_events_delphes_14.root
